<?xml version="1.0" encoding="utf-8"?>
<TestRun id="6a98d529-928c-4f41-8566-d85a893cffc2" name="@Wutang-Lan 2026-03-17 07:23:53" xmlns="http://microsoft.com/schemas/VisualStudio/TeamTest/2010">
  <Times creation="2026-03-17T07:23:53.7591930+01:00" queuing="2026-03-17T07:23:53.7591930+01:00" start="2026-03-17T07:23:52.0331610+01:00" finish="2026-03-17T07:24:09.9751090+01:00" />
  <TestSettings name="default" id="8db8781c-c195-4d44-8ec2-55109e9b383e">
    <Deployment runDeploymentRoot="_Wutang-Lan_2026-03-17_07_23_53" />
  </TestSettings>
  <Results>
    <UnitTestResult executionId="9ec24840-db93-431e-ab4f-f67998ecbb20" testId="3dd8ce76-f58f-6955-9f42-69a8fee9504c" testName="Select Columns with Option" computerName="Wutang-Lan" duration="00:00:00.0022880" startTime="2026-03-17T07:23:59.1954060+01:00" endTime="2026-03-17T07:23:59.1976940+01:00" testType="13cdc9d9-ddb5-4fa4-a97d-d965ccfc6d4b" outcome="Passed" testListId="8c84fa94-04c1-424b-9868-57a2d4851a1d" relativeResultsDirectory="9ec24840-db93-431e-ab4f-f67998ecbb20">
      <Output>
        <StdOut>SQL: SELECT "p"."productsubcategoryid", "p"."listprice" FROM "production"."product" AS "p" WHERE ("p"."productsubcategoryid" IS NOT NULL)</StdOut>
      </Output>
    </UnitTestResult>
    <UnitTestResult executionId="e2cef421-c85b-4928-92a7-139f4e9f2c40" testId="a64f7b8f-5ea2-481f-7090-59c14bcf28fb" testName="Where Customer |=| List" computerName="Wutang-Lan" duration="00:00:00.0002860" startTime="2026-03-17T07:24:09.7283340+01:00" endTime="2026-03-17T07:24:09.7286200+01:00" testType="13cdc9d9-ddb5-4fa4-a97d-d965ccfc6d4b" outcome="Passed" testListId="8c84fa94-04c1-424b-9868-57a2d4851a1d" relativeResultsDirectory="e2cef421-c85b-4928-92a7-139f4e9f2c40" />
    <UnitTestResult executionId="1b112d37-4402-421f-a273-35d47104bfbb" testId="12566320-90d9-0d74-2051-4a94b137d03c" testName="Left Join" computerName="Wutang-Lan" duration="00:00:00.0007919" startTime="2026-03-17T07:24:01.5464340+01:00" endTime="2026-03-17T07:24:01.5472260+01:00" testType="13cdc9d9-ddb5-4fa4-a97d-d965ccfc6d4b" outcome="Passed" testListId="8c84fa94-04c1-424b-9868-57a2d4851a1d" relativeResultsDirectory="1b112d37-4402-421f-a273-35d47104bfbb" />
    <UnitTestResult executionId="dd8790a1-54bf-4547-b075-5e9b417575c7" testId="17ea7f3c-0a7d-95eb-0a33-9b5eb1367152" testName="UpdateAsync Set Individual Fields" computerName="Wutang-Lan" duration="00:00:00.0069030" startTime="2026-03-17T07:24:09.6649310+01:00" endTime="2026-03-17T07:24:09.6718340+01:00" testType="13cdc9d9-ddb5-4fa4-a97d-d965ccfc6d4b" outcome="Passed" testListId="8c84fa94-04c1-424b-9868-57a2d4851a1d" relativeResultsDirectory="dd8790a1-54bf-4547-b075-5e9b417575c7">
      <Output>
        <StdOut>SQL: SELECT * FROM [dbo].[ErrorLog] AS [e]
SQL: UPDATE [dbo].[ErrorLog] SET [ErrorNumber] = @p0, [ErrorProcedure] = @p1 WHERE ([dbo].[ErrorLog].[ErrorLogID] = @p2)
- @p0: Int: 124
- @p1: NVarChar: 
- @p2: Int: 16</StdOut>
      </Output>
    </UnitTestResult>
    <UnitTestResult executionId="6bd1b24b-d279-4154-a34b-d8aa0f3187e9" testId="20ed723d-a2b9-f831-5eac-6ba7a93a4032" testName="Insert and Get Id" computerName="Wutang-Lan" duration="00:00:00.0007429" startTime="2026-03-17T07:23:59.0835060+01:00" endTime="2026-03-17T07:23:59.0842500+01:00" testType="13cdc9d9-ddb5-4fa4-a97d-d965ccfc6d4b" outcome="NotExecuted" testListId="8c84fa94-04c1-424b-9868-57a2d4851a1d" relativeResultsDirectory="6bd1b24b-d279-4154-a34b-d8aa0f3187e9">
      <Output>
        <StdOut>Ignore</StdOut>
        <ErrorInfo>
          <Message>Ignore</Message>
        </ErrorInfo>
      </Output>
    </UnitTestResult>
    <UnitTestResult executionId="4c325588-839f-4995-b5c8-1224ab2aac1e" testId="de9a4cd6-183d-54e6-cd2a-b6b5353c8548" testName="Select 2 Columns" computerName="Wutang-Lan" duration="00:00:00.0005670" startTime="2026-03-17T07:24:01.5501270+01:00" endTime="2026-03-17T07:24:01.5506910+01:00" testType="13cdc9d9-ddb5-4fa4-a97d-d965ccfc6d4b" outcome="Passed" testListId="8c84fa94-04c1-424b-9868-57a2d4851a1d" relativeResultsDirectory="4c325588-839f-4995-b5c8-1224ab2aac1e" />
    <UnitTestResult executionId="18b38e49-97b2-49d1-8dd2-884d9d75adda" testId="5c5925ea-aadf-8cdc-53ea-729e495554ae" testName="Inner Join Orders-Details" computerName="Wutang-Lan" duration="00:00:00.0260190" startTime="2026-03-17T07:24:00.8545330+01:00" endTime="2026-03-17T07:24:00.8805520+01:00" testType="13cdc9d9-ddb5-4fa4-a97d-d965ccfc6d4b" outcome="Passed" testListId="8c84fa94-04c1-424b-9868-57a2d4851a1d" relativeResultsDirectory="18b38e49-97b2-49d1-8dd2-884d9d75adda">
      <Output>
        <StdOut>SQL: SELECT "o".*, "d".* FROM "OT"."ORDERS" "o" 
INNER JOIN "OT"."ORDER_ITEMS" "d" ON ("o"."ORDER_ID" = "d"."ORDER_ID") WHERE ("o"."STATUS" = :p0)
- :p0: obj: Shipped</StdOut>
      </Output>
    </UnitTestResult>
    <UnitTestResult executionId="3f8894dc-1233-471e-b8b5-e24bbec21dcf" testId="daf1389d-0480-34fd-043d-8d44cf1997bd" testName="selectTask - count" computerName="Wutang-Lan" duration="00:00:00.0075210" startTime="2026-03-17T07:24:09.8451340+01:00" endTime="2026-03-17T07:24:09.8526550+01:00" testType="13cdc9d9-ddb5-4fa4-a97d-d965ccfc6d4b" outcome="Passed" testListId="8c84fa94-04c1-424b-9868-57a2d4851a1d" relativeResultsDirectory="3f8894dc-1233-471e-b8b5-e24bbec21dcf">
      <Output>
        <StdOut>SQL: SELECT COUNT(*) AS [count] FROM [Person].[Person] AS [p]</StdOut>
      </Output>
    </UnitTestResult>
    <UnitTestResult executionId="f27c1c0b-9a94-4027-831b-aa155e58ad1e" testId="33ecb8e5-66a2-f057-c9eb-068e18b96d18" testName="SQL Functions - Multiple functions in select" computerName="Wutang-Lan" duration="00:00:00.0032529" startTime="2026-03-17T07:24:09.5625100+01:00" endTime="2026-03-17T07:24:09.5657630+01:00" testType="13cdc9d9-ddb5-4fa4-a97d-d965ccfc6d4b" outcome="Passed" testListId="8c84fa94-04c1-424b-9868-57a2d4851a1d" relativeResultsDirectory="f27c1c0b-9a94-4027-831b-aa155e58ad1e">
      <Output>
        <StdOut>SQL: SELECT [p].[FirstName], LEN([p].[FirstName]), UPPER([p].[FirstName]), GETDATE() FROM [Person].[Person] AS [p] WHERE ([p].[FirstName] = @p0) ORDER BY (SELECT 0) OFFSET @p1 ROWS FETCH NEXT @p2 ROWS ONLY
- @p0: NVarChar: Ken
- @p1: 0
- @p2: 1</StdOut>
      </Output>
    </UnitTestResult>
    <UnitTestResult executionId="80a887c5-e635-43c6-b2fe-b1c0ca2f61df" testId="3fb20681-c79b-6d66-90d5-54ad1b7b9679" testName="Where bool option is false" computerName="Wutang-Lan" duration="00:00:00.0003790" startTime="2026-03-17T07:24:09.7265860+01:00" endTime="2026-03-17T07:24:09.7269660+01:00" testType="13cdc9d9-ddb5-4fa4-a97d-d965ccfc6d4b" outcome="Passed" testListId="8c84fa94-04c1-424b-9868-57a2d4851a1d" relativeResultsDirectory="80a887c5-e635-43c6-b2fe-b1c0ca2f61df" />
    <UnitTestResult executionId="8b2d2551-94a5-4c59-a35d-9acd20ab56b9" testId="65e222d2-c457-3065-528e-ad1a409851e5" testName="Where Customer |=| List" computerName="Wutang-Lan" duration="00:00:00.0004300" startTime="2026-03-17T07:24:01.4988930+01:00" endTime="2026-03-17T07:24:01.4993230+01:00" testType="13cdc9d9-ddb5-4fa4-a97d-d965ccfc6d4b" outcome="Passed" testListId="8c84fa94-04c1-424b-9868-57a2d4851a1d" relativeResultsDirectory="8b2d2551-94a5-4c59-a35d-9acd20ab56b9" />
    <UnitTestResult executionId="ac8a20a0-17dc-440a-a96e-f543fc474e49" testId="bba53872-b22a-36af-cd5f-0c6ad34cbb16" testName="Update Query with No Where" computerName="Wutang-Lan" duration="00:00:00.0003240" startTime="2026-03-17T07:24:01.4937610+01:00" endTime="2026-03-17T07:24:01.4940850+01:00" testType="13cdc9d9-ddb5-4fa4-a97d-d965ccfc6d4b" outcome="Passed" testListId="8c84fa94-04c1-424b-9868-57a2d4851a1d" relativeResultsDirectory="ac8a20a0-17dc-440a-a96e-f543fc474e49" />
    <UnitTestResult executionId="ef9228df-090e-4709-89e6-b8d06d7e4476" testId="97dca86c-0f21-3afe-99f9-4f3f88127ee0" testName="Inline Aggregates" computerName="Wutang-Lan" duration="00:00:00.0004990" startTime="2026-03-17T07:24:01.4834500+01:00" endTime="2026-03-17T07:24:01.4839490+01:00" testType="13cdc9d9-ddb5-4fa4-a97d-d965ccfc6d4b" outcome="Passed" testListId="8c84fa94-04c1-424b-9868-57a2d4851a1d" relativeResultsDirectory="ef9228df-090e-4709-89e6-b8d06d7e4476" />
    <UnitTestResult executionId="5f86e203-d838-4ce5-8bab-2b36a77fbf4d" testId="facdb009-2142-acc3-dfa6-f49630afc0e5" testName="selectAsync - tryHead - Mapped" computerName="Wutang-Lan" duration="00:00:00.0100760" startTime="2026-03-17T07:24:09.8115020+01:00" endTime="2026-03-17T07:24:09.8215780+01:00" testType="13cdc9d9-ddb5-4fa4-a97d-d965ccfc6d4b" outcome="Passed" testListId="8c84fa94-04c1-424b-9868-57a2d4851a1d" relativeResultsDirectory="5f86e203-d838-4ce5-8bab-2b36a77fbf4d">
      <Output>
        <StdOut>SQL: SELECT Concat([p].[FirstName], ' ', [p].[LastName]) FROM [Person].[Person] AS [p] ORDER BY (SELECT 0) OFFSET @p0 ROWS FETCH NEXT @p1 ROWS ONLY
- @p0: 0
- @p1: 1</StdOut>
      </Output>
    </UnitTestResult>
    <UnitTestResult executionId="0e624953-3dda-44bf-a7f6-3d597f968ebf" testId="4dfa09f9-fcb2-4482-8a1a-ee9147c632f2" testName="Delete All" computerName="Wutang-Lan" duration="00:00:00.0002780" startTime="2026-03-17T07:24:01.5414280+01:00" endTime="2026-03-17T07:24:01.5417060+01:00" testType="13cdc9d9-ddb5-4fa4-a97d-d965ccfc6d4b" outcome="Passed" testListId="8c84fa94-04c1-424b-9868-57a2d4851a1d" relativeResultsDirectory="0e624953-3dda-44bf-a7f6-3d597f968ebf" />
    <UnitTestResult executionId="99070e01-1590-4a00-8f90-a31fa6a4cbf4" testId="bff7eb73-d759-6d82-368e-efab70956845" testName="Existing join on syntax still works" computerName="Wutang-Lan" duration="00:00:00.0008540" startTime="2026-03-17T07:24:09.6972360+01:00" endTime="2026-03-17T07:24:09.6980900+01:00" testType="13cdc9d9-ddb5-4fa4-a97d-d965ccfc6d4b" outcome="Passed" testListId="8c84fa94-04c1-424b-9868-57a2d4851a1d" relativeResultsDirectory="99070e01-1590-4a00-8f90-a31fa6a4cbf4" />
    <UnitTestResult executionId="5a362eb0-9ddb-48e0-99bb-524eb27dd5e2" testId="8f3ba877-976c-a493-e876-f22514406843" testName="Update with updateAll followed by where should fail" computerName="Wutang-Lan" duration="00:00:00.0006089" startTime="2026-03-17T07:24:01.5593430+01:00" endTime="2026-03-17T07:24:01.5599520+01:00" testType="13cdc9d9-ddb5-4fa4-a97d-d965ccfc6d4b" outcome="Passed" testListId="8c84fa94-04c1-424b-9868-57a2d4851a1d" relativeResultsDirectory="5a362eb0-9ddb-48e0-99bb-524eb27dd5e2" />
    <UnitTestResult executionId="240f5ead-9332-4d2f-ab42-934d297f870c" testId="7a258cda-0cf1-85c3-93e7-c5e594b99010" testName="DateOnly round-trip in SQLite" computerName="Wutang-Lan" duration="00:00:00.0013850" startTime="2026-03-17T07:24:01.5168140+01:00" endTime="2026-03-17T07:24:01.5181980+01:00" testType="13cdc9d9-ddb5-4fa4-a97d-d965ccfc6d4b" outcome="Failed" testListId="8c84fa94-04c1-424b-9868-57a2d4851a1d" relativeResultsDirectory="240f5ead-9332-4d2f-ab42-934d297f870c">
      <Output>
        <ErrorInfo>
          <Message>System.TypeInitializationException : The type initializer for 'Microsoft.Data.Sqlite.SqliteConnection' threw an exception.
  ----&gt; System.Reflection.TargetInvocationException : Exception has been thrown by the target of an invocation.
  ----&gt; System.DllNotFoundException : Unable to load shared library 'e_sqlite3' or one of its dependencies. In order to help diagnose loading problems, consider setting the DYLD_PRINT_LIBRARIES environment variable: 
dlopen(/Users/michaelglass/.local/share/mise/installs/dotnet/10.0.103/shared/Microsoft.NETCore.App/10.0.3/e_sqlite3.dylib, 0x0001): tried: '/Users/michaelglass/.local/share/mise/installs/dotnet/10.0.103/shared/Microsoft.NETCore.App/10.0.3/e_sqlite3.dylib' (no such file), '/System/Volumes/Preboot/Cryptexes/OS/Users/michaelglass/.local/share/mise/installs/dotnet/10.0.103/shared/Microsoft.NETCore.App/10.0.3/e_sqlite3.dylib' (no such file), '/Users/michaelglass/.local/share/mise/installs/dotnet/10.0.103/shared/Microsoft.NETCore.App/10.0.3/e_sqlite3.dylib' (no such file)
dlopen(/Users/michaelglass/Developer/opensource/SqlHydra/.worktrees/postgres-enhancements/src/Tests/bin/Release/net10.0/e_sqlite3.dylib, 0x0001): tried: '/Users/michaelglass/Developer/opensource/SqlHydra/.worktrees/postgres-enhancements/src/Tests/bin/Release/net10.0/e_sqlite3.dylib' (no such file), '/System/Volumes/Preboot/Cryptexes/OS/Users/michaelglass/Developer/opensource/SqlHydra/.worktrees/postgres-enhancements/src/Tests/bin/Release/net10.0/e_sqlite3.dylib' (no such file), '/Users/michaelglass/Developer/opensource/SqlHydra/.worktrees/postgres-enhancements/src/Tests/bin/Release/net10.0/e_sqlite3.dylib' (no such file)
dlopen(e_sqlite3.dylib, 0x0001): tried: 'e_sqlite3.dylib' (no such file), '/System/Volumes/Preboot/Cryptexes/OSe_sqlite3.dylib' (no such file), '/usr/lib/e_sqlite3.dylib' (no such file, not in dyld cache), 'e_sqlite3.dylib' (no such file)
dlopen(/Users/michaelglass/.local/share/mise/installs/dotnet/10.0.103/shared/Microsoft.NETCore.App/10.0.3/libe_sqlite3.dylib, 0x0001): tried: '/Users/michaelglass/.local/share/mise/installs/dotnet/10.0.103/shared/Microsoft.NETCore.App/10.0.3/libe_sqlite3.dylib' (no such file), '/System/Volumes/Preboot/Cryptexes/OS/Users/michaelglass/.local/share/mise/installs/dotnet/10.0.103/shared/Microsoft.NETCore.App/10.0.3/libe_sqlite3.dylib' (no such file), '/Users/michaelglass/.local/share/mise/installs/dotnet/10.0.103/shared/Microsoft.NETCore.App/10.0.3/libe_sqlite3.dylib' (no such file)
dlopen(/Users/michaelglass/Developer/opensource/SqlHydra/.worktrees/postgres-enhancements/src/Tests/bin/Release/net10.0/libe_sqlite3.dylib, 0x0001): tried: '/Users/michaelglass/Developer/opensource/SqlHydra/.worktrees/postgres-enhancements/src/Tests/bin/Release/net10.0/libe_sqlite3.dylib' (no such file), '/System/Volumes/Preboot/Cryptexes/OS/Users/michaelglass/Developer/opensource/SqlHydra/.worktrees/postgres-enhancements/src/Tests/bin/Release/net10.0/libe_sqlite3.dylib' (no such file), '/Users/michaelglass/Developer/opensource/SqlHydra/.worktrees/postgres-enhancements/src/Tests/bin/Release/net10.0/libe_sqlite3.dylib' (no such file)
dlopen(libe_sqlite3.dylib, 0x0001): tried: 'libe_sqlite3.dylib' (no such file), '/System/Volumes/Preboot/Cryptexes/OSlibe_sqlite3.dylib' (no such file), '/usr/lib/libe_sqlite3.dylib' (no such file, not in dyld cache), 'libe_sqlite3.dylib' (no such file)
dlopen(/Users/michaelglass/.local/share/mise/installs/dotnet/10.0.103/shared/Microsoft.NETCore.App/10.0.3/e_sqlite3, 0x0001): tried: '/Users/michaelglass/.local/share/mise/installs/dotnet/10.0.103/shared/Microsoft.NETCore.App/10.0.3/e_sqlite3' (no such file), '/System/Volumes/Preboot/Cryptexes/OS/Users/michaelglass/.local/share/mise/installs/dotnet/10.0.103/shared/Microsoft.NETCore.App/10.0.3/e_sqlite3' (no such file), '/Users/michaelglass/.local/share/mise/installs/dotnet/10.0.103/shared/Microsoft.NETCore.App/10.0.3/e_sqlite3' (no such file)
dlopen(/Users/michaelglass/Developer/opensource/SqlHydra/.worktrees/postgres-enhancements/src/Tests/bin/Release/net10.0/e_sqlite3, 0x0001): tried: '/Users/michaelglass/Developer/opensource/SqlHydra/.worktrees/postgres-enhancements/src/Tests/bin/Release/net10.0/e_sqlite3' (no such file), '/System/Volumes/Preboot/Cryptexes/OS/Users/michaelglass/Developer/opensource/SqlHydra/.worktrees/postgres-enhancements/src/Tests/bin/Release/net10.0/e_sqlite3' (no such file), '/Users/michaelglass/Developer/opensource/SqlHydra/.worktrees/postgres-enhancements/src/Tests/bin/Release/net10.0/e_sqlite3' (no such file)
dlopen(e_sqlite3, 0x0001): tried: 'e_sqlite3' (no such file), '/System/Volumes/Preboot/Cryptexes/OSe_sqlite3' (no such file), '/usr/lib/e_sqlite3' (no such file, not in dyld cache), 'e_sqlite3' (no such file)
dlopen(/Users/michaelglass/.local/share/mise/installs/dotnet/10.0.103/shared/Microsoft.NETCore.App/10.0.3/libe_sqlite3, 0x0001): tried: '/Users/michaelglass/.local/share/mise/installs/dotnet/10.0.103/shared/Microsoft.NETCore.App/10.0.3/libe_sqlite3' (no such file), '/System/Volumes/Preboot/Cryptexes/OS/Users/michaelglass/.local/share/mise/installs/dotnet/10.0.103/shared/Microsoft.NETCore.App/10.0.3/libe_sqlite3' (no such file), '/Users/michaelglass/.local/share/mise/installs/dotnet/10.0.103/shared/Microsoft.NETCore.App/10.0.3/libe_sqlite3' (no such file)
dlopen(/Users/michaelglass/Developer/opensource/SqlHydra/.worktrees/postgres-enhancements/src/Tests/bin/Release/net10.0/libe_sqlite3, 0x0001): tried: '/Users/michaelglass/Developer/opensource/SqlHydra/.worktrees/postgres-enhancements/src/Tests/bin/Release/net10.0/libe_sqlite3' (no such file), '/System/Volumes/Preboot/Cryptexes/OS/Users/michaelglass/Developer/opensource/SqlHydra/.worktrees/postgres-enhancements/src/Tests/bin/Release/net10.0/libe_sqlite3' (no such file), '/Users/michaelglass/Developer/opensource/SqlHydra/.worktrees/postgres-enhancements/src/Tests/bin/Release/net10.0/libe_sqlite3' (no such file)
dlopen(libe_sqlite3, 0x0001): tried: 'libe_sqlite3' (no such file), '/System/Volumes/Preboot/Cryptexes/OSlibe_sqlite3' (no such file), '/usr/lib/libe_sqlite3' (no such file, not in dyld cache), 'libe_sqlite3' (no such file)
</Message>
          <StackTrace>   at Microsoft.Data.Sqlite.SqliteConnection..ctor(String connectionString)
   at Sqlite.Query Integration Tests.DateOnly round-trip in SQLite@426.MoveNext() in /Users/michaelglass/Developer/opensource/SqlHydra/.worktrees/postgres-enhancements/src/Tests/Sqlite/QueryIntegrationTests.fs:line 428
   at NUnit.Framework.Internal.TaskAwaitAdapter.GenericAdapter`1.GetResult()
   at NUnit.Framework.Internal.AsyncToSyncAdapter.Await(Func`1 invoke)
   at NUnit.Framework.Internal.Commands.TestMethodCommand.RunTestMethod(TestExecutionContext context)
   at NUnit.Framework.Internal.Commands.TestMethodCommand.Execute(TestExecutionContext context)
   at NUnit.Framework.Internal.Execution.SimpleWorkItem.&lt;&gt;c__DisplayClass4_0.&lt;PerformWork&gt;b__0()
   at NUnit.Framework.Internal.ContextUtils.&lt;&gt;c__DisplayClass1_0`1.&lt;DoIsolated&gt;b__0(Object _)
   at System.Threading.ExecutionContext.RunInternal(ExecutionContext executionContext, ContextCallback callback, Object state)
--- End of stack trace from previous location ---
   at System.Threading.ExecutionContext.RunInternal(ExecutionContext executionContext, ContextCallback callback, Object state)
   at NUnit.Framework.Internal.ContextUtils.DoIsolated(ContextCallback callback, Object state)
   at NUnit.Framework.Internal.ContextUtils.DoIsolated[T](Func`1 func)
   at NUnit.Framework.Internal.Execution.SimpleWorkItem.PerformWork()
--TargetInvocationException
   at System.Reflection.MethodBaseInvoker.InvokeWithNoArgs(Object obj, BindingFlags invokeAttr)
   at System.Reflection.RuntimeMethodInfo.Invoke(Object obj, BindingFlags invokeAttr, Binder binder, Object[] parameters, CultureInfo culture)
   at Microsoft.Data.Sqlite.Utilities.BundleInitializer.Initialize()
   at Microsoft.Data.Sqlite.SqliteConnection..cctor()
--DllNotFoundException
   at System.Runtime.InteropServices.NativeLibrary.LoadLibraryByName(String libraryName, Assembly assembly, Nullable`1 searchPath, Boolean throwOnError)
   at SQLitePCL.NativeLibrary.Load(String libraryName, Assembly assy, Int32 flags)
   at SQLitePCL.Batteries_V2.MakeDynamic(String name, Int32 flags)
   at SQLitePCL.Batteries_V2.DoDynamic_cdecl(String name, Int32 flags)
   at SQLitePCL.Batteries_V2.Init()
   at System.RuntimeMethodHandle.InvokeMethod(ObjectHandleOnStack target, Void** arguments, ObjectHandleOnStack sig, BOOL isConstructor, ObjectHandleOnStack result)
   at System.RuntimeMethodHandle.InvokeMethod(ObjectHandleOnStack target, Void** arguments, ObjectHandleOnStack sig, BOOL isConstructor, ObjectHandleOnStack result)
   at System.Reflection.MethodBaseInvoker.InterpretedInvoke_Method(Object obj, IntPtr* args)
   at System.Reflection.MethodBaseInvoker.InvokeWithNoArgs(Object obj, BindingFlags invokeAttr)
</StackTrace>
        </ErrorInfo>
      </Output>
    </UnitTestResult>
    <UnitTestResult executionId="7daacb25-42ce-48a0-9670-5176b89f6d6c" testId="9b6f858f-47ee-706e-7650-5063da192377" testName="Where with Option Type After Join" computerName="Wutang-Lan" duration="00:00:00.0009430" startTime="2026-03-17T07:23:59.3030510+01:00" endTime="2026-03-17T07:23:59.3039940+01:00" testType="13cdc9d9-ddb5-4fa4-a97d-d965ccfc6d4b" outcome="Passed" testListId="8c84fa94-04c1-424b-9868-57a2d4851a1d" relativeResultsDirectory="7daacb25-42ce-48a0-9670-5176b89f6d6c" />
    <UnitTestResult executionId="33a4e621-770f-482c-b606-e9d462b65cd3" testId="70180574-cdef-9ca8-7a78-c1c5bab010f7" testName="Delete All" computerName="Wutang-Lan" duration="00:00:00.0003350" startTime="2026-03-17T07:23:59.2758900+01:00" endTime="2026-03-17T07:23:59.2762250+01:00" testType="13cdc9d9-ddb5-4fa4-a97d-d965ccfc6d4b" outcome="Passed" testListId="8c84fa94-04c1-424b-9868-57a2d4851a1d" relativeResultsDirectory="33a4e621-770f-482c-b606-e9d462b65cd3" />
    <UnitTestResult executionId="772811dc-ad95-4736-9a99-6c14777d85a6" testId="d775c738-526d-367c-fb7f-9398faedbd89" testName="Where Not Like" computerName="Wutang-Lan" duration="00:00:00.0004060" startTime="2026-03-17T07:23:59.2992130+01:00" endTime="2026-03-17T07:23:59.2996190+01:00" testType="13cdc9d9-ddb5-4fa4-a97d-d965ccfc6d4b" outcome="Passed" testListId="8c84fa94-04c1-424b-9868-57a2d4851a1d" relativeResultsDirectory="772811dc-ad95-4736-9a99-6c14777d85a6" />
    <UnitTestResult executionId="81e4b63b-19fd-4b6a-acee-da56791ecdf8" testId="5bea595a-095a-92e0-c77a-cb3b0c04910b" testName="SQL Functions - In WHERE clause with value comparison" computerName="Wutang-Lan" duration="00:00:00.0024560" startTime="2026-03-17T07:24:09.5449020+01:00" endTime="2026-03-17T07:24:09.5473580+01:00" testType="13cdc9d9-ddb5-4fa4-a97d-d965ccfc6d4b" outcome="Passed" testListId="8c84fa94-04c1-424b-9868-57a2d4851a1d" relativeResultsDirectory="81e4b63b-19fd-4b6a-acee-da56791ecdf8">
      <Output>
        <StdOut>SQL: SELECT [p].[FirstName] FROM [Person].[Person] AS [p] WHERE (LEN(p.FirstName) &gt; @p0) ORDER BY (SELECT 0) OFFSET @p1 ROWS FETCH NEXT @p2 ROWS ONLY
- @p0: 3
- @p1: 0
- @p2: 5</StdOut>
      </Output>
    </UnitTestResult>
    <UnitTestResult executionId="5ab28ed9-46bc-438b-aa67-0340a9f54b22" testId="b2f7006d-aeb0-9903-8533-b7229ba8e0e4" testName="Update with updateAll followed by where should fail" computerName="Wutang-Lan" duration="00:00:00.0005040" startTime="2026-03-17T07:23:59.2913770+01:00" endTime="2026-03-17T07:23:59.2918810+01:00" testType="13cdc9d9-ddb5-4fa4-a97d-d965ccfc6d4b" outcome="Passed" testListId="8c84fa94-04c1-424b-9868-57a2d4851a1d" relativeResultsDirectory="5ab28ed9-46bc-438b-aa67-0340a9f54b22" />
    <UnitTestResult executionId="aceacf77-648c-402f-b883-e8a50893d542" testId="eae1a98d-68c4-dfa2-bf94-ab1f0b32dd82" testName="Multiple Inserts" computerName="Wutang-Lan" duration="00:00:00.0011689" startTime="2026-03-17T07:24:01.5283740+01:00" endTime="2026-03-17T07:24:01.5295430+01:00" testType="13cdc9d9-ddb5-4fa4-a97d-d965ccfc6d4b" outcome="Failed" testListId="8c84fa94-04c1-424b-9868-57a2d4851a1d" relativeResultsDirectory="aceacf77-648c-402f-b883-e8a50893d542">
      <Output>
        <ErrorInfo>
          <Message>System.TypeInitializationException : The type initializer for 'Microsoft.Data.Sqlite.SqliteConnection' threw an exception.
  ----&gt; System.Reflection.TargetInvocationException : Exception has been thrown by the target of an invocation.
  ----&gt; System.DllNotFoundException : Unable to load shared library 'e_sqlite3' or one of its dependencies. In order to help diagnose loading problems, consider setting the DYLD_PRINT_LIBRARIES environment variable: 
dlopen(/Users/michaelglass/.local/share/mise/installs/dotnet/10.0.103/shared/Microsoft.NETCore.App/10.0.3/e_sqlite3.dylib, 0x0001): tried: '/Users/michaelglass/.local/share/mise/installs/dotnet/10.0.103/shared/Microsoft.NETCore.App/10.0.3/e_sqlite3.dylib' (no such file), '/System/Volumes/Preboot/Cryptexes/OS/Users/michaelglass/.local/share/mise/installs/dotnet/10.0.103/shared/Microsoft.NETCore.App/10.0.3/e_sqlite3.dylib' (no such file), '/Users/michaelglass/.local/share/mise/installs/dotnet/10.0.103/shared/Microsoft.NETCore.App/10.0.3/e_sqlite3.dylib' (no such file)
dlopen(/Users/michaelglass/Developer/opensource/SqlHydra/.worktrees/postgres-enhancements/src/Tests/bin/Release/net10.0/e_sqlite3.dylib, 0x0001): tried: '/Users/michaelglass/Developer/opensource/SqlHydra/.worktrees/postgres-enhancements/src/Tests/bin/Release/net10.0/e_sqlite3.dylib' (no such file), '/System/Volumes/Preboot/Cryptexes/OS/Users/michaelglass/Developer/opensource/SqlHydra/.worktrees/postgres-enhancements/src/Tests/bin/Release/net10.0/e_sqlite3.dylib' (no such file), '/Users/michaelglass/Developer/opensource/SqlHydra/.worktrees/postgres-enhancements/src/Tests/bin/Release/net10.0/e_sqlite3.dylib' (no such file)
dlopen(e_sqlite3.dylib, 0x0001): tried: 'e_sqlite3.dylib' (no such file), '/System/Volumes/Preboot/Cryptexes/OSe_sqlite3.dylib' (no such file), '/usr/lib/e_sqlite3.dylib' (no such file, not in dyld cache), 'e_sqlite3.dylib' (no such file)
dlopen(/Users/michaelglass/.local/share/mise/installs/dotnet/10.0.103/shared/Microsoft.NETCore.App/10.0.3/libe_sqlite3.dylib, 0x0001): tried: '/Users/michaelglass/.local/share/mise/installs/dotnet/10.0.103/shared/Microsoft.NETCore.App/10.0.3/libe_sqlite3.dylib' (no such file), '/System/Volumes/Preboot/Cryptexes/OS/Users/michaelglass/.local/share/mise/installs/dotnet/10.0.103/shared/Microsoft.NETCore.App/10.0.3/libe_sqlite3.dylib' (no such file), '/Users/michaelglass/.local/share/mise/installs/dotnet/10.0.103/shared/Microsoft.NETCore.App/10.0.3/libe_sqlite3.dylib' (no such file)
dlopen(/Users/michaelglass/Developer/opensource/SqlHydra/.worktrees/postgres-enhancements/src/Tests/bin/Release/net10.0/libe_sqlite3.dylib, 0x0001): tried: '/Users/michaelglass/Developer/opensource/SqlHydra/.worktrees/postgres-enhancements/src/Tests/bin/Release/net10.0/libe_sqlite3.dylib' (no such file), '/System/Volumes/Preboot/Cryptexes/OS/Users/michaelglass/Developer/opensource/SqlHydra/.worktrees/postgres-enhancements/src/Tests/bin/Release/net10.0/libe_sqlite3.dylib' (no such file), '/Users/michaelglass/Developer/opensource/SqlHydra/.worktrees/postgres-enhancements/src/Tests/bin/Release/net10.0/libe_sqlite3.dylib' (no such file)
dlopen(libe_sqlite3.dylib, 0x0001): tried: 'libe_sqlite3.dylib' (no such file), '/System/Volumes/Preboot/Cryptexes/OSlibe_sqlite3.dylib' (no such file), '/usr/lib/libe_sqlite3.dylib' (no such file, not in dyld cache), 'libe_sqlite3.dylib' (no such file)
dlopen(/Users/michaelglass/.local/share/mise/installs/dotnet/10.0.103/shared/Microsoft.NETCore.App/10.0.3/e_sqlite3, 0x0001): tried: '/Users/michaelglass/.local/share/mise/installs/dotnet/10.0.103/shared/Microsoft.NETCore.App/10.0.3/e_sqlite3' (no such file), '/System/Volumes/Preboot/Cryptexes/OS/Users/michaelglass/.local/share/mise/installs/dotnet/10.0.103/shared/Microsoft.NETCore.App/10.0.3/e_sqlite3' (no such file), '/Users/michaelglass/.local/share/mise/installs/dotnet/10.0.103/shared/Microsoft.NETCore.App/10.0.3/e_sqlite3' (no such file)
dlopen(/Users/michaelglass/Developer/opensource/SqlHydra/.worktrees/postgres-enhancements/src/Tests/bin/Release/net10.0/e_sqlite3, 0x0001): tried: '/Users/michaelglass/Developer/opensource/SqlHydra/.worktrees/postgres-enhancements/src/Tests/bin/Release/net10.0/e_sqlite3' (no such file), '/System/Volumes/Preboot/Cryptexes/OS/Users/michaelglass/Developer/opensource/SqlHydra/.worktrees/postgres-enhancements/src/Tests/bin/Release/net10.0/e_sqlite3' (no such file), '/Users/michaelglass/Developer/opensource/SqlHydra/.worktrees/postgres-enhancements/src/Tests/bin/Release/net10.0/e_sqlite3' (no such file)
dlopen(e_sqlite3, 0x0001): tried: 'e_sqlite3' (no such file), '/System/Volumes/Preboot/Cryptexes/OSe_sqlite3' (no such file), '/usr/lib/e_sqlite3' (no such file, not in dyld cache), 'e_sqlite3' (no such file)
dlopen(/Users/michaelglass/.local/share/mise/installs/dotnet/10.0.103/shared/Microsoft.NETCore.App/10.0.3/libe_sqlite3, 0x0001): tried: '/Users/michaelglass/.local/share/mise/installs/dotnet/10.0.103/shared/Microsoft.NETCore.App/10.0.3/libe_sqlite3' (no such file), '/System/Volumes/Preboot/Cryptexes/OS/Users/michaelglass/.local/share/mise/installs/dotnet/10.0.103/shared/Microsoft.NETCore.App/10.0.3/libe_sqlite3' (no such file), '/Users/michaelglass/.local/share/mise/installs/dotnet/10.0.103/shared/Microsoft.NETCore.App/10.0.3/libe_sqlite3' (no such file)
dlopen(/Users/michaelglass/Developer/opensource/SqlHydra/.worktrees/postgres-enhancements/src/Tests/bin/Release/net10.0/libe_sqlite3, 0x0001): tried: '/Users/michaelglass/Developer/opensource/SqlHydra/.worktrees/postgres-enhancements/src/Tests/bin/Release/net10.0/libe_sqlite3' (no such file), '/System/Volumes/Preboot/Cryptexes/OS/Users/michaelglass/Developer/opensource/SqlHydra/.worktrees/postgres-enhancements/src/Tests/bin/Release/net10.0/libe_sqlite3' (no such file), '/Users/michaelglass/Developer/opensource/SqlHydra/.worktrees/postgres-enhancements/src/Tests/bin/Release/net10.0/libe_sqlite3' (no such file)
dlopen(libe_sqlite3, 0x0001): tried: 'libe_sqlite3' (no such file), '/System/Volumes/Preboot/Cryptexes/OSlibe_sqlite3' (no such file), '/usr/lib/libe_sqlite3' (no such file, not in dyld cache), 'libe_sqlite3' (no such file)
</Message>
          <StackTrace>   at Microsoft.Data.Sqlite.SqliteConnection..ctor(String connectionString)
   at &lt;StartupCode$Tests&gt;.$AdventureWorksNet10.Create@216-2.MoveNext() in /Users/michaelglass/Developer/opensource/SqlHydra/.worktrees/postgres-enhancements/src/Tests/Sqlite/AdventureWorksNet10.fs:line 217
   at Sqlite.Query Integration Tests.Multiple Inserts@227.MoveNext() in /Users/michaelglass/Developer/opensource/SqlHydra/.worktrees/postgres-enhancements/src/Tests/Sqlite/QueryIntegrationTests.fs:line 228
   at NUnit.Framework.Internal.TaskAwaitAdapter.GenericAdapter`1.GetResult()
   at NUnit.Framework.Internal.AsyncToSyncAdapter.Await(Func`1 invoke)
   at NUnit.Framework.Internal.Commands.TestMethodCommand.RunTestMethod(TestExecutionContext context)
   at NUnit.Framework.Internal.Commands.TestMethodCommand.Execute(TestExecutionContext context)
   at NUnit.Framework.Internal.Execution.SimpleWorkItem.&lt;&gt;c__DisplayClass4_0.&lt;PerformWork&gt;b__0()
   at NUnit.Framework.Internal.ContextUtils.&lt;&gt;c__DisplayClass1_0`1.&lt;DoIsolated&gt;b__0(Object _)
   at System.Threading.ExecutionContext.RunInternal(ExecutionContext executionContext, ContextCallback callback, Object state)
--- End of stack trace from previous location ---
   at System.Threading.ExecutionContext.RunInternal(ExecutionContext executionContext, ContextCallback callback, Object state)
   at NUnit.Framework.Internal.ContextUtils.DoIsolated(ContextCallback callback, Object state)
   at NUnit.Framework.Internal.ContextUtils.DoIsolated[T](Func`1 func)
   at NUnit.Framework.Internal.Execution.SimpleWorkItem.PerformWork()
--TargetInvocationException
   at System.Reflection.MethodBaseInvoker.InvokeWithNoArgs(Object obj, BindingFlags invokeAttr)
   at System.Reflection.RuntimeMethodInfo.Invoke(Object obj, BindingFlags invokeAttr, Binder binder, Object[] parameters, CultureInfo culture)
   at Microsoft.Data.Sqlite.Utilities.BundleInitializer.Initialize()
   at Microsoft.Data.Sqlite.SqliteConnection..cctor()
--DllNotFoundException
   at System.Runtime.InteropServices.NativeLibrary.LoadLibraryByName(String libraryName, Assembly assembly, Nullable`1 searchPath, Boolean throwOnError)
   at SQLitePCL.NativeLibrary.Load(String libraryName, Assembly assy, Int32 flags)
   at SQLitePCL.Batteries_V2.MakeDynamic(String name, Int32 flags)
   at SQLitePCL.Batteries_V2.DoDynamic_cdecl(String name, Int32 flags)
   at SQLitePCL.Batteries_V2.Init()
   at System.RuntimeMethodHandle.InvokeMethod(ObjectHandleOnStack target, Void** arguments, ObjectHandleOnStack sig, BOOL isConstructor, ObjectHandleOnStack result)
   at System.RuntimeMethodHandle.InvokeMethod(ObjectHandleOnStack target, Void** arguments, ObjectHandleOnStack sig, BOOL isConstructor, ObjectHandleOnStack result)
   at System.Reflection.MethodBaseInvoker.InterpretedInvoke_Method(Object obj, IntPtr* args)
   at System.Reflection.MethodBaseInvoker.InvokeWithNoArgs(Object obj, BindingFlags invokeAttr)
</StackTrace>
        </ErrorInfo>
      </Output>
    </UnitTestResult>
    <UnitTestResult executionId="7dfe8826-ae0c-4a8b-a6f2-836c7cb128c8" testId="e2584f45-ca3c-6627-9bde-00b785a7ac01" testName="Where City Starts With S" computerName="Wutang-Lan" duration="00:00:00.0007620" startTime="2026-03-17T07:24:01.5366300+01:00" endTime="2026-03-17T07:24:01.5373920+01:00" testType="13cdc9d9-ddb5-4fa4-a97d-d965ccfc6d4b" outcome="Failed" testListId="8c84fa94-04c1-424b-9868-57a2d4851a1d" relativeResultsDirectory="7dfe8826-ae0c-4a8b-a6f2-836c7cb128c8">
      <Output>
        <ErrorInfo>
          <Message>System.TypeInitializationException : The type initializer for 'Microsoft.Data.Sqlite.SqliteConnection' threw an exception.
  ----&gt; System.Reflection.TargetInvocationException : Exception has been thrown by the target of an invocation.
  ----&gt; System.DllNotFoundException : Unable to load shared library 'e_sqlite3' or one of its dependencies. In order to help diagnose loading problems, consider setting the DYLD_PRINT_LIBRARIES environment variable: 
dlopen(/Users/michaelglass/.local/share/mise/installs/dotnet/10.0.103/shared/Microsoft.NETCore.App/10.0.3/e_sqlite3.dylib, 0x0001): tried: '/Users/michaelglass/.local/share/mise/installs/dotnet/10.0.103/shared/Microsoft.NETCore.App/10.0.3/e_sqlite3.dylib' (no such file), '/System/Volumes/Preboot/Cryptexes/OS/Users/michaelglass/.local/share/mise/installs/dotnet/10.0.103/shared/Microsoft.NETCore.App/10.0.3/e_sqlite3.dylib' (no such file), '/Users/michaelglass/.local/share/mise/installs/dotnet/10.0.103/shared/Microsoft.NETCore.App/10.0.3/e_sqlite3.dylib' (no such file)
dlopen(/Users/michaelglass/Developer/opensource/SqlHydra/.worktrees/postgres-enhancements/src/Tests/bin/Release/net10.0/e_sqlite3.dylib, 0x0001): tried: '/Users/michaelglass/Developer/opensource/SqlHydra/.worktrees/postgres-enhancements/src/Tests/bin/Release/net10.0/e_sqlite3.dylib' (no such file), '/System/Volumes/Preboot/Cryptexes/OS/Users/michaelglass/Developer/opensource/SqlHydra/.worktrees/postgres-enhancements/src/Tests/bin/Release/net10.0/e_sqlite3.dylib' (no such file), '/Users/michaelglass/Developer/opensource/SqlHydra/.worktrees/postgres-enhancements/src/Tests/bin/Release/net10.0/e_sqlite3.dylib' (no such file)
dlopen(e_sqlite3.dylib, 0x0001): tried: 'e_sqlite3.dylib' (no such file), '/System/Volumes/Preboot/Cryptexes/OSe_sqlite3.dylib' (no such file), '/usr/lib/e_sqlite3.dylib' (no such file, not in dyld cache), 'e_sqlite3.dylib' (no such file)
dlopen(/Users/michaelglass/.local/share/mise/installs/dotnet/10.0.103/shared/Microsoft.NETCore.App/10.0.3/libe_sqlite3.dylib, 0x0001): tried: '/Users/michaelglass/.local/share/mise/installs/dotnet/10.0.103/shared/Microsoft.NETCore.App/10.0.3/libe_sqlite3.dylib' (no such file), '/System/Volumes/Preboot/Cryptexes/OS/Users/michaelglass/.local/share/mise/installs/dotnet/10.0.103/shared/Microsoft.NETCore.App/10.0.3/libe_sqlite3.dylib' (no such file), '/Users/michaelglass/.local/share/mise/installs/dotnet/10.0.103/shared/Microsoft.NETCore.App/10.0.3/libe_sqlite3.dylib' (no such file)
dlopen(/Users/michaelglass/Developer/opensource/SqlHydra/.worktrees/postgres-enhancements/src/Tests/bin/Release/net10.0/libe_sqlite3.dylib, 0x0001): tried: '/Users/michaelglass/Developer/opensource/SqlHydra/.worktrees/postgres-enhancements/src/Tests/bin/Release/net10.0/libe_sqlite3.dylib' (no such file), '/System/Volumes/Preboot/Cryptexes/OS/Users/michaelglass/Developer/opensource/SqlHydra/.worktrees/postgres-enhancements/src/Tests/bin/Release/net10.0/libe_sqlite3.dylib' (no such file), '/Users/michaelglass/Developer/opensource/SqlHydra/.worktrees/postgres-enhancements/src/Tests/bin/Release/net10.0/libe_sqlite3.dylib' (no such file)
dlopen(libe_sqlite3.dylib, 0x0001): tried: 'libe_sqlite3.dylib' (no such file), '/System/Volumes/Preboot/Cryptexes/OSlibe_sqlite3.dylib' (no such file), '/usr/lib/libe_sqlite3.dylib' (no such file, not in dyld cache), 'libe_sqlite3.dylib' (no such file)
dlopen(/Users/michaelglass/.local/share/mise/installs/dotnet/10.0.103/shared/Microsoft.NETCore.App/10.0.3/e_sqlite3, 0x0001): tried: '/Users/michaelglass/.local/share/mise/installs/dotnet/10.0.103/shared/Microsoft.NETCore.App/10.0.3/e_sqlite3' (no such file), '/System/Volumes/Preboot/Cryptexes/OS/Users/michaelglass/.local/share/mise/installs/dotnet/10.0.103/shared/Microsoft.NETCore.App/10.0.3/e_sqlite3' (no such file), '/Users/michaelglass/.local/share/mise/installs/dotnet/10.0.103/shared/Microsoft.NETCore.App/10.0.3/e_sqlite3' (no such file)
dlopen(/Users/michaelglass/Developer/opensource/SqlHydra/.worktrees/postgres-enhancements/src/Tests/bin/Release/net10.0/e_sqlite3, 0x0001): tried: '/Users/michaelglass/Developer/opensource/SqlHydra/.worktrees/postgres-enhancements/src/Tests/bin/Release/net10.0/e_sqlite3' (no such file), '/System/Volumes/Preboot/Cryptexes/OS/Users/michaelglass/Developer/opensource/SqlHydra/.worktrees/postgres-enhancements/src/Tests/bin/Release/net10.0/e_sqlite3' (no such file), '/Users/michaelglass/Developer/opensource/SqlHydra/.worktrees/postgres-enhancements/src/Tests/bin/Release/net10.0/e_sqlite3' (no such file)
dlopen(e_sqlite3, 0x0001): tried: 'e_sqlite3' (no such file), '/System/Volumes/Preboot/Cryptexes/OSe_sqlite3' (no such file), '/usr/lib/e_sqlite3' (no such file, not in dyld cache), 'e_sqlite3' (no such file)
dlopen(/Users/michaelglass/.local/share/mise/installs/dotnet/10.0.103/shared/Microsoft.NETCore.App/10.0.3/libe_sqlite3, 0x0001): tried: '/Users/michaelglass/.local/share/mise/installs/dotnet/10.0.103/shared/Microsoft.NETCore.App/10.0.3/libe_sqlite3' (no such file), '/System/Volumes/Preboot/Cryptexes/OS/Users/michaelglass/.local/share/mise/installs/dotnet/10.0.103/shared/Microsoft.NETCore.App/10.0.3/libe_sqlite3' (no such file), '/Users/michaelglass/.local/share/mise/installs/dotnet/10.0.103/shared/Microsoft.NETCore.App/10.0.3/libe_sqlite3' (no such file)
dlopen(/Users/michaelglass/Developer/opensource/SqlHydra/.worktrees/postgres-enhancements/src/Tests/bin/Release/net10.0/libe_sqlite3, 0x0001): tried: '/Users/michaelglass/Developer/opensource/SqlHydra/.worktrees/postgres-enhancements/src/Tests/bin/Release/net10.0/libe_sqlite3' (no such file), '/System/Volumes/Preboot/Cryptexes/OS/Users/michaelglass/Developer/opensource/SqlHydra/.worktrees/postgres-enhancements/src/Tests/bin/Release/net10.0/libe_sqlite3' (no such file), '/Users/michaelglass/Developer/opensource/SqlHydra/.worktrees/postgres-enhancements/src/Tests/bin/Release/net10.0/libe_sqlite3' (no such file)
dlopen(libe_sqlite3, 0x0001): tried: 'libe_sqlite3' (no such file), '/System/Volumes/Preboot/Cryptexes/OSlibe_sqlite3' (no such file), '/usr/lib/libe_sqlite3' (no such file, not in dyld cache), 'libe_sqlite3' (no such file)
</Message>
          <StackTrace>   at Microsoft.Data.Sqlite.SqliteConnection..ctor(String connectionString)
   at &lt;StartupCode$Tests&gt;.$AdventureWorksNet10.Create@216-2.MoveNext() in /Users/michaelglass/Developer/opensource/SqlHydra/.worktrees/postgres-enhancements/src/Tests/Sqlite/AdventureWorksNet10.fs:line 217
   at SqlHydra.Query.SelectBuilders.ContextUtils.getContext@70.MoveNext() in /Users/michaelglass/Developer/opensource/SqlHydra/.worktrees/postgres-enhancements/src/SqlHydra.Query/SelectBuilders.fs:line 71
   at SqlHydra.Query.SelectBuilders.RunSelected@566.MoveNext() in /Users/michaelglass/Developer/opensource/SqlHydra/.worktrees/postgres-enhancements/src/SqlHydra.Query/SelectBuilders.fs:line 567
   at Sqlite.Query Integration Tests.Where City Starts With S@43.MoveNext() in /Users/michaelglass/Developer/opensource/SqlHydra/.worktrees/postgres-enhancements/src/Tests/Sqlite/QueryIntegrationTests.fs:line 46
   at NUnit.Framework.Internal.TaskAwaitAdapter.GenericAdapter`1.GetResult()
   at NUnit.Framework.Internal.AsyncToSyncAdapter.Await(Func`1 invoke)
   at NUnit.Framework.Internal.Commands.TestMethodCommand.RunTestMethod(TestExecutionContext context)
   at NUnit.Framework.Internal.Commands.TestMethodCommand.Execute(TestExecutionContext context)
   at NUnit.Framework.Internal.Execution.SimpleWorkItem.&lt;&gt;c__DisplayClass4_0.&lt;PerformWork&gt;b__0()
   at NUnit.Framework.Internal.ContextUtils.&lt;&gt;c__DisplayClass1_0`1.&lt;DoIsolated&gt;b__0(Object _)
   at System.Threading.ExecutionContext.RunInternal(ExecutionContext executionContext, ContextCallback callback, Object state)
--- End of stack trace from previous location ---
   at System.Threading.ExecutionContext.RunInternal(ExecutionContext executionContext, ContextCallback callback, Object state)
   at NUnit.Framework.Internal.ContextUtils.DoIsolated(ContextCallback callback, Object state)
   at NUnit.Framework.Internal.ContextUtils.DoIsolated[T](Func`1 func)
   at NUnit.Framework.Internal.Execution.SimpleWorkItem.PerformWork()
--TargetInvocationException
   at System.Reflection.MethodBaseInvoker.InvokeWithNoArgs(Object obj, BindingFlags invokeAttr)
   at System.Reflection.RuntimeMethodInfo.Invoke(Object obj, BindingFlags invokeAttr, Binder binder, Object[] parameters, CultureInfo culture)
   at Microsoft.Data.Sqlite.Utilities.BundleInitializer.Initialize()
   at Microsoft.Data.Sqlite.SqliteConnection..cctor()
--DllNotFoundException
   at System.Runtime.InteropServices.NativeLibrary.LoadLibraryByName(String libraryName, Assembly assembly, Nullable`1 searchPath, Boolean throwOnError)
   at SQLitePCL.NativeLibrary.Load(String libraryName, Assembly assy, Int32 flags)
   at SQLitePCL.Batteries_V2.MakeDynamic(String name, Int32 flags)
   at SQLitePCL.Batteries_V2.DoDynamic_cdecl(String name, Int32 flags)
   at SQLitePCL.Batteries_V2.Init()
   at System.RuntimeMethodHandle.InvokeMethod(ObjectHandleOnStack target, Void** arguments, ObjectHandleOnStack sig, BOOL isConstructor, ObjectHandleOnStack result)
   at System.RuntimeMethodHandle.InvokeMethod(ObjectHandleOnStack target, Void** arguments, ObjectHandleOnStack sig, BOOL isConstructor, ObjectHandleOnStack result)
   at System.Reflection.MethodBaseInvoker.InterpretedInvoke_Method(Object obj, IntPtr* args)
   at System.Reflection.MethodBaseInvoker.InvokeWithNoArgs(Object obj, BindingFlags invokeAttr)
</StackTrace>
        </ErrorInfo>
      </Output>
    </UnitTestResult>
    <UnitTestResult executionId="5041b264-d53c-4c4c-8d42-91435e3620d7" testId="de089df8-c393-84e4-f01b-3b8a83d45a46" testName="Nullable Property HasValue Null Check" computerName="Wutang-Lan" duration="00:00:00.0003089" startTime="2026-03-17T07:24:09.6798360+01:00" endTime="2026-03-17T07:24:09.6801450+01:00" testType="13cdc9d9-ddb5-4fa4-a97d-d965ccfc6d4b" outcome="Passed" testListId="8c84fa94-04c1-424b-9868-57a2d4851a1d" relativeResultsDirectory="5041b264-d53c-4c4c-8d42-91435e3620d7" />
    <UnitTestResult executionId="74036d52-fb9f-4d14-9980-425d3c78e08e" testId="c480504f-49ad-aa4e-162f-105a39ccde60" testName="Where with Option Type on Joined Table Column" computerName="Wutang-Lan" duration="00:00:00.0007810" startTime="2026-03-17T07:23:59.3050260+01:00" endTime="2026-03-17T07:23:59.3058070+01:00" testType="13cdc9d9-ddb5-4fa4-a97d-d965ccfc6d4b" outcome="Passed" testListId="8c84fa94-04c1-424b-9868-57a2d4851a1d" relativeResultsDirectory="74036d52-fb9f-4d14-9980-425d3c78e08e" />
    <UnitTestResult executionId="52de8b38-eb5a-48ed-a149-325e50cbda06" testId="eef2146a-c079-f6cc-85f0-2a67f2a388ce" testName="selectAsync - mapList column" computerName="Wutang-Lan" duration="00:00:00.0079130" startTime="2026-03-17T07:24:09.7479140+01:00" endTime="2026-03-17T07:24:09.7558270+01:00" testType="13cdc9d9-ddb5-4fa4-a97d-d965ccfc6d4b" outcome="Passed" testListId="8c84fa94-04c1-424b-9868-57a2d4851a1d" relativeResultsDirectory="52de8b38-eb5a-48ed-a149-325e50cbda06">
      <Output>
        <StdOut>SQL: SELECT [p].[FirstName] FROM [Person].[Person] AS [p] ORDER BY (SELECT 0) OFFSET @p0 ROWS FETCH NEXT @p1 ROWS ONLY
- @p0: 0
- @p1: 10</StdOut>
      </Output>
    </UnitTestResult>
    <UnitTestResult executionId="bd0ef3bc-34fc-4f4f-b26a-4e259fd24bf7" testId="3b20b309-57f4-8222-d691-541c282abee2" testName="insertOrUpdateOnUnique updates when nullable key column is NULL" computerName="Wutang-Lan" duration="00:00:00.0117430" startTime="2026-03-17T07:24:09.4419130+01:00" endTime="2026-03-17T07:24:09.4536560+01:00" testType="13cdc9d9-ddb5-4fa4-a97d-d965ccfc6d4b" outcome="Passed" testListId="8c84fa94-04c1-424b-9868-57a2d4851a1d" relativeResultsDirectory="bd0ef3bc-34fc-4f4f-b26a-4e259fd24bf7">
      <Output>
        <StdOut>SQL: INSERT INTO [ext].[NullableKeyUpsert] ([Key1], [Key2], [Value]) VALUES (@p0, @p1, @p2)
- @p0: UniqueIdentifier: 661627c2-7b56-46a3-b003-742611def437
- @p1: NVarChar: 
- @p2: NVarChar: original
SQL: 
BEGIN TRY
    INSERT INTO [ext].[NullableKeyUpsert] ([Key1], [Key2], [Value]) VALUES (@p0, @p1, @p2)
END TRY
BEGIN CATCH
    DECLARE @err INT = ERROR_NUMBER();
    IF @err NOT IN (2627, 2601) THROW;

    UPDATE t SET [Value] = @__update_Value
    FROM [ext].[NullableKeyUpsert] AS t
    WHERE (
        (t.[Key1] = @__key_Key1 OR (t.[Key1] IS NULL AND @__key_Key1 IS NULL)) AND
        (t.[Key2] = @__key_Key2 OR (t.[Key2] IS NULL AND @__key_Key2 IS NULL))
    );

    IF @@ROWCOUNT = 0
    BEGIN
        INSERT INTO [ext].[NullableKeyUpsert] ([Key1], [Key2], [Value]) VALUES (@p0, @p1, @p2)
    END
END CATCH;
- @p0: UniqueIdentifier: 661627c2-7b56-46a3-b003-742611def437
- @p1: NVarChar: 
- @p2: NVarChar: updated
SQL: SELECT [e].[Value] FROM [ext].[NullableKeyUpsert] AS [e] WHERE ([e].[Key1] = @p0)
- @p0: UniqueIdentifier: 661627c2-7b56-46a3-b003-742611def437</StdOut>
      </Output>
    </UnitTestResult>
    <UnitTestResult executionId="fb211589-6b16-4a75-befd-2d7689c6bf2e" testId="f43a3c0c-8699-71c5-6d91-7af5225c63c6" testName="SQL Functions - ISNULL with Option overload" computerName="Wutang-Lan" duration="00:00:00.0054130" startTime="2026-03-17T07:24:09.5540160+01:00" endTime="2026-03-17T07:24:09.5594300+01:00" testType="13cdc9d9-ddb5-4fa4-a97d-d965ccfc6d4b" outcome="Passed" testListId="8c84fa94-04c1-424b-9868-57a2d4851a1d" relativeResultsDirectory="fb211589-6b16-4a75-befd-2d7689c6bf2e">
      <Output>
        <StdOut>SQL: SELECT ISNULL([p].[MiddleName], 'NoMiddle') FROM [Person].[Person] AS [p] WHERE (([p].[FirstName] = @p0) AND ([p].[MiddleName] IS NULL)) ORDER BY (SELECT 0) OFFSET @p1 ROWS FETCH NEXT @p2 ROWS ONLY
- @p0: NVarChar: Ken
- @p1: 0
- @p2: 1
SQL: SELECT ISNULL([p].[MiddleName], 'NoMiddle') FROM [Person].[Person] AS [p] WHERE (([p].[FirstName] = @p0) AND ([p].[MiddleName] IS NOT NULL)) ORDER BY (SELECT 0) OFFSET @p1 ROWS FETCH NEXT @p2 ROWS ONLY
- @p0: NVarChar: Ken
- @p1: 0
- @p2: 1</StdOut>
      </Output>
    </UnitTestResult>
    <UnitTestResult executionId="76c672fa-0897-4622-83e5-91a4380bba39" testId="97b059b1-2b9b-294b-5416-9ac9aaa9683b" testName="Update Query with Where" computerName="Wutang-Lan" duration="00:00:00.0005980" startTime="2026-03-17T07:24:01.5524680+01:00" endTime="2026-03-17T07:24:01.5530650+01:00" testType="13cdc9d9-ddb5-4fa4-a97d-d965ccfc6d4b" outcome="Passed" testListId="8c84fa94-04c1-424b-9868-57a2d4851a1d" relativeResultsDirectory="76c672fa-0897-4622-83e5-91a4380bba39" />
    <UnitTestResult executionId="df59a612-2ecc-41ed-a20b-f09dc1050d88" testId="7680ec10-f87e-4464-f749-d92d0c7e5332" testName="Exclude Only Underscore Columns" computerName="Wutang-Lan" duration="00:00:00.0047980" startTime="2026-03-17T07:24:09.8668110+01:00" endTime="2026-03-17T07:24:09.8716090+01:00" testType="13cdc9d9-ddb5-4fa4-a97d-d965ccfc6d4b" outcome="Passed" testListId="8c84fa94-04c1-424b-9868-57a2d4851a1d" relativeResultsDirectory="df59a612-2ecc-41ed-a20b-f09dc1050d88" />
    <UnitTestResult executionId="f49a7027-6a4b-4af1-9e40-cbb45403c23a" testId="18b007d0-0897-f7eb-2314-18b2f401b610" testName="Underscore Assignment Edge Case - insert - should fail with not supported" computerName="Wutang-Lan" duration="00:00:00.0002610" startTime="2026-03-17T07:24:09.7220920+01:00" endTime="2026-03-17T07:24:09.7223530+01:00" testType="13cdc9d9-ddb5-4fa4-a97d-d965ccfc6d4b" outcome="Passed" testListId="8c84fa94-04c1-424b-9868-57a2d4851a1d" relativeResultsDirectory="f49a7027-6a4b-4af1-9e40-cbb45403c23a" />
    <UnitTestResult executionId="a7eb2b5f-0d3e-4b3b-9a35-943d068ee752" testId="2739b754-653d-a483-7099-40e77da50a44" testName="Apply Excludes" computerName="Wutang-Lan" duration="00:00:00.0312790" startTime="2026-03-17T07:24:09.8745370+01:00" endTime="2026-03-17T07:24:09.9058150+01:00" testType="13cdc9d9-ddb5-4fa4-a97d-d965ccfc6d4b" outcome="Passed" testListId="8c84fa94-04c1-424b-9868-57a2d4851a1d" relativeResultsDirectory="a7eb2b5f-0d3e-4b3b-9a35-943d068ee752">
      <Output>
        <StdOut>\u001b[38;5;12m-\u001b[0m Filters:
  \u001b[38;5;12m-\u001b[0m Include: \u001b[38;5;2m[*]\u001b[0m
  \u001b[38;5;12m-\u001b[0m Exclude: \u001b[38;5;9m[dbo/*]\u001b[0m
  \u001b[38;5;12m-\u001b[0m Tables &amp; Views: \u001b[38;5;39m2 of 4\u001b[0m</StdOut>
      </Output>
    </UnitTestResult>
    <UnitTestResult executionId="fdafbb22-0c7e-4709-b80b-66cf09985b6a" testId="c7fc23af-4b1a-7c5d-2692-3fd32dc2b83a" testName="insertOrUpdateOnUnique updates when row present" computerName="Wutang-Lan" duration="00:00:00.0078340" startTime="2026-03-17T07:24:09.4536780+01:00" endTime="2026-03-17T07:24:09.4615120+01:00" testType="13cdc9d9-ddb5-4fa4-a97d-d965ccfc6d4b" outcome="Passed" testListId="8c84fa94-04c1-424b-9868-57a2d4851a1d" relativeResultsDirectory="fdafbb22-0c7e-4709-b80b-66cf09985b6a">
      <Output>
        <StdOut>SQL: INSERT INTO [ext].[GetIdGuidRepro] ([Id], [EmailAddress]) VALUES (@p0, @p1)
- @p0: UniqueIdentifier: 4647fa04-401a-4124-9d26-8c9e57fab175
- @p1: NChar: original@test.com
SQL: 
BEGIN TRY
    INSERT INTO [ext].[GetIdGuidRepro] ([Id], [EmailAddress]) VALUES (@p0, @p1)
END TRY
BEGIN CATCH
    DECLARE @err INT = ERROR_NUMBER();
    IF @err NOT IN (2627, 2601) THROW;

    UPDATE t SET [EmailAddress] = @__update_EmailAddress
    FROM [ext].[GetIdGuidRepro] AS t
    WHERE (
        (t.[Id] = @__key_Id OR (t.[Id] IS NULL AND @__key_Id IS NULL))
    );

    IF @@ROWCOUNT = 0
    BEGIN
        INSERT INTO [ext].[GetIdGuidRepro] ([Id], [EmailAddress]) VALUES (@p0, @p1)
    END
END CATCH;
- @p0: UniqueIdentifier: 4647fa04-401a-4124-9d26-8c9e57fab175
- @p1: NChar: updated@test.com
SQL: SELECT [e].[EmailAddress] FROM [ext].[GetIdGuidRepro] AS [e] WHERE ([e].[Id] = @p0)
- @p0: UniqueIdentifier: 4647fa04-401a-4124-9d26-8c9e57fab175</StdOut>
      </Output>
    </UnitTestResult>
    <UnitTestResult executionId="ab6fb7c2-17dd-447b-8f3a-9bc06bea8014" testId="99285d7c-dc15-7ad1-d97e-db9ee3a3487e" testName="Inner Join Orders-Details" computerName="Wutang-Lan" duration="00:00:00.0017180" startTime="2026-03-17T07:24:01.5230950+01:00" endTime="2026-03-17T07:24:01.5248130+01:00" testType="13cdc9d9-ddb5-4fa4-a97d-d965ccfc6d4b" outcome="Failed" testListId="8c84fa94-04c1-424b-9868-57a2d4851a1d" relativeResultsDirectory="ab6fb7c2-17dd-447b-8f3a-9bc06bea8014">
      <Output>
        <ErrorInfo>
          <Message>System.TypeInitializationException : The type initializer for 'Microsoft.Data.Sqlite.SqliteConnection' threw an exception.
  ----&gt; System.Reflection.TargetInvocationException : Exception has been thrown by the target of an invocation.
  ----&gt; System.DllNotFoundException : Unable to load shared library 'e_sqlite3' or one of its dependencies. In order to help diagnose loading problems, consider setting the DYLD_PRINT_LIBRARIES environment variable: 
dlopen(/Users/michaelglass/.local/share/mise/installs/dotnet/10.0.103/shared/Microsoft.NETCore.App/10.0.3/e_sqlite3.dylib, 0x0001): tried: '/Users/michaelglass/.local/share/mise/installs/dotnet/10.0.103/shared/Microsoft.NETCore.App/10.0.3/e_sqlite3.dylib' (no such file), '/System/Volumes/Preboot/Cryptexes/OS/Users/michaelglass/.local/share/mise/installs/dotnet/10.0.103/shared/Microsoft.NETCore.App/10.0.3/e_sqlite3.dylib' (no such file), '/Users/michaelglass/.local/share/mise/installs/dotnet/10.0.103/shared/Microsoft.NETCore.App/10.0.3/e_sqlite3.dylib' (no such file)
dlopen(/Users/michaelglass/Developer/opensource/SqlHydra/.worktrees/postgres-enhancements/src/Tests/bin/Release/net10.0/e_sqlite3.dylib, 0x0001): tried: '/Users/michaelglass/Developer/opensource/SqlHydra/.worktrees/postgres-enhancements/src/Tests/bin/Release/net10.0/e_sqlite3.dylib' (no such file), '/System/Volumes/Preboot/Cryptexes/OS/Users/michaelglass/Developer/opensource/SqlHydra/.worktrees/postgres-enhancements/src/Tests/bin/Release/net10.0/e_sqlite3.dylib' (no such file), '/Users/michaelglass/Developer/opensource/SqlHydra/.worktrees/postgres-enhancements/src/Tests/bin/Release/net10.0/e_sqlite3.dylib' (no such file)
dlopen(e_sqlite3.dylib, 0x0001): tried: 'e_sqlite3.dylib' (no such file), '/System/Volumes/Preboot/Cryptexes/OSe_sqlite3.dylib' (no such file), '/usr/lib/e_sqlite3.dylib' (no such file, not in dyld cache), 'e_sqlite3.dylib' (no such file)
dlopen(/Users/michaelglass/.local/share/mise/installs/dotnet/10.0.103/shared/Microsoft.NETCore.App/10.0.3/libe_sqlite3.dylib, 0x0001): tried: '/Users/michaelglass/.local/share/mise/installs/dotnet/10.0.103/shared/Microsoft.NETCore.App/10.0.3/libe_sqlite3.dylib' (no such file), '/System/Volumes/Preboot/Cryptexes/OS/Users/michaelglass/.local/share/mise/installs/dotnet/10.0.103/shared/Microsoft.NETCore.App/10.0.3/libe_sqlite3.dylib' (no such file), '/Users/michaelglass/.local/share/mise/installs/dotnet/10.0.103/shared/Microsoft.NETCore.App/10.0.3/libe_sqlite3.dylib' (no such file)
dlopen(/Users/michaelglass/Developer/opensource/SqlHydra/.worktrees/postgres-enhancements/src/Tests/bin/Release/net10.0/libe_sqlite3.dylib, 0x0001): tried: '/Users/michaelglass/Developer/opensource/SqlHydra/.worktrees/postgres-enhancements/src/Tests/bin/Release/net10.0/libe_sqlite3.dylib' (no such file), '/System/Volumes/Preboot/Cryptexes/OS/Users/michaelglass/Developer/opensource/SqlHydra/.worktrees/postgres-enhancements/src/Tests/bin/Release/net10.0/libe_sqlite3.dylib' (no such file), '/Users/michaelglass/Developer/opensource/SqlHydra/.worktrees/postgres-enhancements/src/Tests/bin/Release/net10.0/libe_sqlite3.dylib' (no such file)
dlopen(libe_sqlite3.dylib, 0x0001): tried: 'libe_sqlite3.dylib' (no such file), '/System/Volumes/Preboot/Cryptexes/OSlibe_sqlite3.dylib' (no such file), '/usr/lib/libe_sqlite3.dylib' (no such file, not in dyld cache), 'libe_sqlite3.dylib' (no such file)
dlopen(/Users/michaelglass/.local/share/mise/installs/dotnet/10.0.103/shared/Microsoft.NETCore.App/10.0.3/e_sqlite3, 0x0001): tried: '/Users/michaelglass/.local/share/mise/installs/dotnet/10.0.103/shared/Microsoft.NETCore.App/10.0.3/e_sqlite3' (no such file), '/System/Volumes/Preboot/Cryptexes/OS/Users/michaelglass/.local/share/mise/installs/dotnet/10.0.103/shared/Microsoft.NETCore.App/10.0.3/e_sqlite3' (no such file), '/Users/michaelglass/.local/share/mise/installs/dotnet/10.0.103/shared/Microsoft.NETCore.App/10.0.3/e_sqlite3' (no such file)
dlopen(/Users/michaelglass/Developer/opensource/SqlHydra/.worktrees/postgres-enhancements/src/Tests/bin/Release/net10.0/e_sqlite3, 0x0001): tried: '/Users/michaelglass/Developer/opensource/SqlHydra/.worktrees/postgres-enhancements/src/Tests/bin/Release/net10.0/e_sqlite3' (no such file), '/System/Volumes/Preboot/Cryptexes/OS/Users/michaelglass/Developer/opensource/SqlHydra/.worktrees/postgres-enhancements/src/Tests/bin/Release/net10.0/e_sqlite3' (no such file), '/Users/michaelglass/Developer/opensource/SqlHydra/.worktrees/postgres-enhancements/src/Tests/bin/Release/net10.0/e_sqlite3' (no such file)
dlopen(e_sqlite3, 0x0001): tried: 'e_sqlite3' (no such file), '/System/Volumes/Preboot/Cryptexes/OSe_sqlite3' (no such file), '/usr/lib/e_sqlite3' (no such file, not in dyld cache), 'e_sqlite3' (no such file)
dlopen(/Users/michaelglass/.local/share/mise/installs/dotnet/10.0.103/shared/Microsoft.NETCore.App/10.0.3/libe_sqlite3, 0x0001): tried: '/Users/michaelglass/.local/share/mise/installs/dotnet/10.0.103/shared/Microsoft.NETCore.App/10.0.3/libe_sqlite3' (no such file), '/System/Volumes/Preboot/Cryptexes/OS/Users/michaelglass/.local/share/mise/installs/dotnet/10.0.103/shared/Microsoft.NETCore.App/10.0.3/libe_sqlite3' (no such file), '/Users/michaelglass/.local/share/mise/installs/dotnet/10.0.103/shared/Microsoft.NETCore.App/10.0.3/libe_sqlite3' (no such file)
dlopen(/Users/michaelglass/Developer/opensource/SqlHydra/.worktrees/postgres-enhancements/src/Tests/bin/Release/net10.0/libe_sqlite3, 0x0001): tried: '/Users/michaelglass/Developer/opensource/SqlHydra/.worktrees/postgres-enhancements/src/Tests/bin/Release/net10.0/libe_sqlite3' (no such file), '/System/Volumes/Preboot/Cryptexes/OS/Users/michaelglass/Developer/opensource/SqlHydra/.worktrees/postgres-enhancements/src/Tests/bin/Release/net10.0/libe_sqlite3' (no such file), '/Users/michaelglass/Developer/opensource/SqlHydra/.worktrees/postgres-enhancements/src/Tests/bin/Release/net10.0/libe_sqlite3' (no such file)
dlopen(libe_sqlite3, 0x0001): tried: 'libe_sqlite3' (no such file), '/System/Volumes/Preboot/Cryptexes/OSlibe_sqlite3' (no such file), '/usr/lib/libe_sqlite3' (no such file, not in dyld cache), 'libe_sqlite3' (no such file)
</Message>
          <StackTrace>   at Microsoft.Data.Sqlite.SqliteConnection..ctor(String connectionString)
   at &lt;StartupCode$Tests&gt;.$AdventureWorksNet10.Create@216-2.MoveNext() in /Users/michaelglass/Developer/opensource/SqlHydra/.worktrees/postgres-enhancements/src/Tests/Sqlite/AdventureWorksNet10.fs:line 217
   at SqlHydra.Query.SelectBuilders.ContextUtils.getContext@70.MoveNext() in /Users/michaelglass/Developer/opensource/SqlHydra/.worktrees/postgres-enhancements/src/SqlHydra.Query/SelectBuilders.fs:line 71
   at SqlHydra.Query.SelectBuilders.RunSelected@566.MoveNext() in /Users/michaelglass/Developer/opensource/SqlHydra/.worktrees/postgres-enhancements/src/SqlHydra.Query/SelectBuilders.fs:line 567
   at Sqlite.Query Integration Tests.Inner Join Orders-Details@68.MoveNext() in /Users/michaelglass/Developer/opensource/SqlHydra/.worktrees/postgres-enhancements/src/Tests/Sqlite/QueryIntegrationTests.fs:line 69
   at NUnit.Framework.Internal.TaskAwaitAdapter.GenericAdapter`1.GetResult()
   at NUnit.Framework.Internal.AsyncToSyncAdapter.Await(Func`1 invoke)
   at NUnit.Framework.Internal.Commands.TestMethodCommand.RunTestMethod(TestExecutionContext context)
   at NUnit.Framework.Internal.Commands.TestMethodCommand.Execute(TestExecutionContext context)
   at NUnit.Framework.Internal.Execution.SimpleWorkItem.&lt;&gt;c__DisplayClass4_0.&lt;PerformWork&gt;b__0()
   at NUnit.Framework.Internal.ContextUtils.&lt;&gt;c__DisplayClass1_0`1.&lt;DoIsolated&gt;b__0(Object _)
   at System.Threading.ExecutionContext.RunInternal(ExecutionContext executionContext, ContextCallback callback, Object state)
--- End of stack trace from previous location ---
   at System.Threading.ExecutionContext.RunInternal(ExecutionContext executionContext, ContextCallback callback, Object state)
   at NUnit.Framework.Internal.ContextUtils.DoIsolated(ContextCallback callback, Object state)
   at NUnit.Framework.Internal.ContextUtils.DoIsolated[T](Func`1 func)
   at NUnit.Framework.Internal.Execution.SimpleWorkItem.PerformWork()
--TargetInvocationException
   at System.Reflection.MethodBaseInvoker.InvokeWithNoArgs(Object obj, BindingFlags invokeAttr)
   at System.Reflection.RuntimeMethodInfo.Invoke(Object obj, BindingFlags invokeAttr, Binder binder, Object[] parameters, CultureInfo culture)
   at Microsoft.Data.Sqlite.Utilities.BundleInitializer.Initialize()
   at Microsoft.Data.Sqlite.SqliteConnection..cctor()
--DllNotFoundException
   at System.Runtime.InteropServices.NativeLibrary.LoadLibraryByName(String libraryName, Assembly assembly, Nullable`1 searchPath, Boolean throwOnError)
   at SQLitePCL.NativeLibrary.Load(String libraryName, Assembly assy, Int32 flags)
   at SQLitePCL.Batteries_V2.MakeDynamic(String name, Int32 flags)
   at SQLitePCL.Batteries_V2.DoDynamic_cdecl(String name, Int32 flags)
   at SQLitePCL.Batteries_V2.Init()
   at System.RuntimeMethodHandle.InvokeMethod(ObjectHandleOnStack target, Void** arguments, ObjectHandleOnStack sig, BOOL isConstructor, ObjectHandleOnStack result)
   at System.RuntimeMethodHandle.InvokeMethod(ObjectHandleOnStack target, Void** arguments, ObjectHandleOnStack sig, BOOL isConstructor, ObjectHandleOnStack result)
   at System.Reflection.MethodBaseInvoker.InterpretedInvoke_Method(Object obj, IntPtr* args)
   at System.Reflection.MethodBaseInvoker.InvokeWithNoArgs(Object obj, BindingFlags invokeAttr)
</StackTrace>
        </ErrorInfo>
      </Output>
    </UnitTestResult>
    <UnitTestResult executionId="d3c60709-ce9a-444f-9aa3-dbbe1fba5bda" testId="c3a6f34e-4e31-fac5-3b3a-63143576cd1d" testName="Insert Query without Identity" computerName="Wutang-Lan" duration="00:00:00.0004140" startTime="2026-03-17T07:24:09.6789800+01:00" endTime="2026-03-17T07:24:09.6793940+01:00" testType="13cdc9d9-ddb5-4fa4-a97d-d965ccfc6d4b" outcome="Passed" testListId="8c84fa94-04c1-424b-9868-57a2d4851a1d" relativeResultsDirectory="d3c60709-ce9a-444f-9aa3-dbbe1fba5bda" />
    <UnitTestResult executionId="340fc0d8-dfa2-410a-81a4-e6d154798d6d" testId="f67572c5-9987-cf20-f7c9-7d674bacce96" testName="OnConflictDoNothing" computerName="Wutang-Lan" duration="00:00:00.0071910" startTime="2026-03-17T07:23:59.1304370+01:00" endTime="2026-03-17T07:23:59.1376280+01:00" testType="13cdc9d9-ddb5-4fa4-a97d-d965ccfc6d4b" outcome="Passed" testListId="8c84fa94-04c1-424b-9868-57a2d4851a1d" relativeResultsDirectory="340fc0d8-dfa2-410a-81a4-e6d154798d6d">
      <Output>
        <StdOut>SQL: INSERT INTO "sales"."currency" ("currencycode", "name", "modifieddate") VALUES (@p0, @p1, @p2)
ON CONFLICT(currencycode)
DO NOTHING;


- @p0: Char: NEW
- @p1: Varchar: New Currency
- @p2: Timestamp: 3/17/2026 12:00:00 AM
SQL: SELECT * FROM "sales"."currency" AS "c" WHERE ("c"."currencycode" = @p0)
- @p0: Char: NEW
SQL: INSERT INTO "sales"."currency" ("currencycode", "name", "modifieddate") VALUES (@p0, @p1, @p2)
ON CONFLICT(currencycode)
DO NOTHING;


- @p0: Char: NEW
- @p1: Varchar: Edited Currency
- @p2: Timestamp: 3/17/2026 12:00:00 AM
SQL: SELECT * FROM "sales"."currency" AS "c" WHERE ("c"."currencycode" = @p0)
- @p0: Char: NEW</StdOut>
      </Output>
    </UnitTestResult>
    <UnitTestResult executionId="74c325d2-9086-49bc-a005-c4e0c8e3cc56" testId="9ad55fa0-e9b1-8a93-3f3c-ae2d177a6735" testName="Where subqueryOne" computerName="Wutang-Lan" duration="00:00:00.0023790" startTime="2026-03-17T07:23:59.2691230+01:00" endTime="2026-03-17T07:23:59.2715030+01:00" testType="13cdc9d9-ddb5-4fa4-a97d-d965ccfc6d4b" outcome="Passed" testListId="8c84fa94-04c1-424b-9868-57a2d4851a1d" relativeResultsDirectory="74c325d2-9086-49bc-a005-c4e0c8e3cc56">
      <Output>
        <StdOut>SQL: SELECT "p"."name", "p"."listprice" FROM "production"."product" AS "p" WHERE ("p"."listprice" &gt; (SELECT AVG("p"."listprice") FROM "production"."product" AS "p"))</StdOut>
      </Output>
    </UnitTestResult>
    <UnitTestResult executionId="2879c363-2af0-4cd5-bf5a-0dd35d44e9ce" testId="90d7bdf3-0f8b-7ba2-d5c2-a3fedbebf4e3" testName="Where Guid Empty" computerName="Wutang-Lan" duration="00:00:00.0005230" startTime="2026-03-17T07:24:09.7314220+01:00" endTime="2026-03-17T07:24:09.7319450+01:00" testType="13cdc9d9-ddb5-4fa4-a97d-d965ccfc6d4b" outcome="Passed" testListId="8c84fa94-04c1-424b-9868-57a2d4851a1d" relativeResultsDirectory="2879c363-2af0-4cd5-bf5a-0dd35d44e9ce" />
    <UnitTestResult executionId="302dfcc0-74f7-4624-80cb-b9a16c9c1086" testId="573ff3aa-7da0-c220-3c88-87a0fa001934" testName="Include All and No Excludes" computerName="Wutang-Lan" duration="00:00:00.0008330" startTime="2026-03-17T07:24:09.8736670+01:00" endTime="2026-03-17T07:24:09.8745000+01:00" testType="13cdc9d9-ddb5-4fa4-a97d-d965ccfc6d4b" outcome="Passed" testListId="8c84fa94-04c1-424b-9868-57a2d4851a1d" relativeResultsDirectory="302dfcc0-74f7-4624-80cb-b9a16c9c1086" />
    <UnitTestResult executionId="57bb6929-5b86-486b-bc01-fec3cbd83db6" testId="8bc110ba-3385-7c41-9b48-3e5de0c7c371" testName="Left Join" computerName="Wutang-Lan" duration="00:00:00.0000010" startTime="2026-03-17T07:24:09.7103100+01:00" endTime="2026-03-17T07:24:09.7103100+01:00" testType="13cdc9d9-ddb5-4fa4-a97d-d965ccfc6d4b" outcome="NotExecuted" testListId="8c84fa94-04c1-424b-9868-57a2d4851a1d" relativeResultsDirectory="57bb6929-5b86-486b-bc01-fec3cbd83db6">
      <Output>
        <StdOut>Temporarily ignoring test for emergency fix</StdOut>
        <ErrorInfo>
          <Message>Temporarily ignoring test for emergency fix</Message>
        </ErrorInfo>
      </Output>
    </UnitTestResult>
    <UnitTestResult executionId="c449cc07-e2af-4c7c-8928-f25f0a4c9d71" testId="9f60d7d2-1566-1702-05bd-68e4c4acdb9d" testName="Update with where followed by updateAll should fail" computerName="Wutang-Lan" duration="00:00:00.0002970" startTime="2026-03-17T07:24:09.6856920+01:00" endTime="2026-03-17T07:24:09.6859890+01:00" testType="13cdc9d9-ddb5-4fa4-a97d-d965ccfc6d4b" outcome="Passed" testListId="8c84fa94-04c1-424b-9868-57a2d4851a1d" relativeResultsDirectory="c449cc07-e2af-4c7c-8928-f25f0a4c9d71" />
    <UnitTestResult executionId="5f673b27-e89c-4a6f-9ac9-e3739c29bade" testId="4ae049ab-ae8b-1df8-c4ab-59eac1099ce5" testName="Where customer |&lt;&gt;| List" computerName="Wutang-Lan" duration="00:00:00.0004700" startTime="2026-03-17T07:23:59.2922980+01:00" endTime="2026-03-17T07:23:59.2927680+01:00" testType="13cdc9d9-ddb5-4fa4-a97d-d965ccfc6d4b" outcome="Passed" testListId="8c84fa94-04c1-424b-9868-57a2d4851a1d" relativeResultsDirectory="5f673b27-e89c-4a6f-9ac9-e3739c29bade" />
    <UnitTestResult executionId="2a50f6b9-6ca2-4c98-b152-00d79dde8aeb" testId="e15bd8f0-4d53-25d2-b4f5-8006868b3dee" testName="Inner Join" computerName="Wutang-Lan" duration="00:00:00.0008810" startTime="2026-03-17T07:24:01.5440940+01:00" endTime="2026-03-17T07:24:01.5449750+01:00" testType="13cdc9d9-ddb5-4fa4-a97d-d965ccfc6d4b" outcome="Passed" testListId="8c84fa94-04c1-424b-9868-57a2d4851a1d" relativeResultsDirectory="2a50f6b9-6ca2-4c98-b152-00d79dde8aeb" />
    <UnitTestResult executionId="dd9975a2-5612-456c-9d67-b77779d9c4e4" testId="dacea27b-9e8b-ecb1-1e02-d8fbee49793f" testName="Select city Column Where city Starts with S" computerName="Wutang-Lan" duration="00:00:00.0148510" startTime="2026-03-17T07:23:59.1683130+01:00" endTime="2026-03-17T07:23:59.1831650+01:00" testType="13cdc9d9-ddb5-4fa4-a97d-d965ccfc6d4b" outcome="Passed" testListId="8c84fa94-04c1-424b-9868-57a2d4851a1d" relativeResultsDirectory="dd9975a2-5612-456c-9d67-b77779d9c4e4">
      <Output>
        <StdOut>SQL: SELECT "a"."city" FROM "person"."address" AS "a" WHERE ("a"."city" ilike @p0)
- @p0: S%</StdOut>
      </Output>
    </UnitTestResult>
    <UnitTestResult executionId="1d695605-e954-4ffb-8a69-7f4fe208da24" testId="710c5d08-8177-70db-35f6-f55d9d95160f" testName="selectAsync - count" computerName="Wutang-Lan" duration="00:00:00.0144090" startTime="2026-03-17T07:24:09.7334940+01:00" endTime="2026-03-17T07:24:09.7479040+01:00" testType="13cdc9d9-ddb5-4fa4-a97d-d965ccfc6d4b" outcome="Passed" testListId="8c84fa94-04c1-424b-9868-57a2d4851a1d" relativeResultsDirectory="1d695605-e954-4ffb-8a69-7f4fe208da24">
      <Output>
        <StdOut>SQL: SELECT COUNT(*) AS [count] FROM [Person].[Person] AS [p]</StdOut>
      </Output>
    </UnitTestResult>
    <UnitTestResult executionId="28348d69-1b86-4211-8039-bdf469de5952" testId="b53821cb-a450-bbc4-dff0-55a112177289" testName="OnConflictDoUpdate" computerName="Wutang-Lan" duration="00:00:00.0069430" startTime="2026-03-17T07:23:59.1376440+01:00" endTime="2026-03-17T07:23:59.1445860+01:00" testType="13cdc9d9-ddb5-4fa4-a97d-d965ccfc6d4b" outcome="Passed" testListId="8c84fa94-04c1-424b-9868-57a2d4851a1d" relativeResultsDirectory="28348d69-1b86-4211-8039-bdf469de5952">
      <Output>
        <StdOut>SQL: INSERT INTO "sales"."currency" ("currencycode", "name", "modifieddate") VALUES (@p0, @p1, @p2)
ON CONFLICT(currencycode) DO UPDATE SET
name=EXCLUDED."name"
,modifieddate=EXCLUDED."modifieddate"

;

- @p0: Char: NEW
- @p1: Varchar: New Currency
- @p2: Timestamp: 3/17/2026 12:00:00 AM
SQL: SELECT * FROM "sales"."currency" AS "c" WHERE ("c"."currencycode" = @p0)
- @p0: Char: NEW
SQL: INSERT INTO "sales"."currency" ("currencycode", "name", "modifieddate") VALUES (@p0, @p1, @p2)
ON CONFLICT(currencycode) DO UPDATE SET
name=EXCLUDED."name"
,modifieddate=EXCLUDED."modifieddate"

;

- @p0: Char: NEW
- @p1: Varchar: Edited Currency
- @p2: Timestamp: 3/17/2026 12:00:00 AM
SQL: SELECT * FROM "sales"."currency" AS "c" WHERE ("c"."currencycode" = @p0)
- @p0: Char: NEW</StdOut>
      </Output>
    </UnitTestResult>
    <UnitTestResult executionId="7cdf7357-cf93-411b-8273-0282c93d2bc3" testId="a452e873-8c12-7db0-1236-0ac8a48a2a67" testName="Or Where" computerName="Wutang-Lan" duration="00:00:00.0006140" startTime="2026-03-17T07:24:01.5491240+01:00" endTime="2026-03-17T07:24:01.5497380+01:00" testType="13cdc9d9-ddb5-4fa4-a97d-d965ccfc6d4b" outcome="Passed" testListId="8c84fa94-04c1-424b-9868-57a2d4851a1d" relativeResultsDirectory="7cdf7357-cf93-411b-8273-0282c93d2bc3" />
    <UnitTestResult executionId="8ff7732f-b2cd-4964-b83f-4beb8da776a6" testId="24258515-7880-8f42-2874-1797185ed204" testName="SqlFn - PostgreSQL functions smoke test" computerName="Wutang-Lan" duration="00:00:00.0056470" startTime="2026-03-17T07:23:59.2021480+01:00" endTime="2026-03-17T07:23:59.2077960+01:00" testType="13cdc9d9-ddb5-4fa4-a97d-d965ccfc6d4b" outcome="Passed" testListId="8c84fa94-04c1-424b-9868-57a2d4851a1d" relativeResultsDirectory="8ff7732f-b2cd-4964-b83f-4beb8da776a6">
      <Output>
        <StdOut>SQL: SELECT "p"."firstname", char_length("p"."firstname"), upper("p"."firstname"), coalesce("p"."middlename", 'N/A') FROM "person"."person" AS "p" WHERE ("p"."firstname" = @p0) LIMIT @p1
- @p0: Varchar: Ken
- @p1: 1</StdOut>
      </Output>
    </UnitTestResult>
    <UnitTestResult executionId="27748398-bfa0-4761-95bd-637801911de0" testId="5df49ec3-dfbc-ab21-ce99-86491dc04b7a" testName="DiffService Save" computerName="Wutang-Lan" duration="00:00:00.0302880" startTime="2026-03-17T07:24:01.7407950+01:00" endTime="2026-03-17T07:24:01.7710830+01:00" testType="13cdc9d9-ddb5-4fa4-a97d-d965ccfc6d4b" outcome="Passed" testListId="8c84fa94-04c1-424b-9868-57a2d4851a1d" relativeResultsDirectory="27748398-bfa0-4761-95bd-637801911de0">
      <Output>
        <StdOut>SQL: SELECT * FROM [HumanResources].[Department] AS [d]
SQL: UPDATE [HumanResources].[Department] SET [Name] = @p0 WHERE ([HumanResources].[Department].[DepartmentID] = @p1)
- @p0: NVarChar: Eng. Dept.
- @p1: SmallInt: 1
SQL: INSERT INTO [HumanResources].[Department] ([Name], [GroupName], [ModifiedDate]) VALUES (@p0, @p1, @p2)
- @p0: NVarChar: App Dev
- @p1: NVarChar: Software
- @p2: DateTime: 3/17/2026 12:00:00 AM
SQL: SELECT * FROM [HumanResources].[Department] AS [d]
SQL: DELETE FROM [HumanResources].[Department] WHERE ([HumanResources].[Department].[DepartmentID] = @p0)
- @p0: SmallInt: 28</StdOut>
      </Output>
    </UnitTestResult>
    <UnitTestResult executionId="f41330ca-f192-4524-a4c8-995af5b17959" testId="5829d18d-2143-832e-25d8-d279a0f5a433" testName="selectExpr - leftJoin column-only" computerName="Wutang-Lan" duration="00:00:00.0015190" startTime="2026-03-17T07:24:09.7183840+01:00" endTime="2026-03-17T07:24:09.7199030+01:00" testType="13cdc9d9-ddb5-4fa4-a97d-d965ccfc6d4b" outcome="Passed" testListId="8c84fa94-04c1-424b-9868-57a2d4851a1d" relativeResultsDirectory="f41330ca-f192-4524-a4c8-995af5b17959" />
    <UnitTestResult executionId="09525286-4d90-4ffb-ae7a-6cf0410039a5" testId="ff2caa7d-3e35-b95c-4160-c155327209a2" testName="Multiple Inserts" computerName="Wutang-Lan" duration="00:00:00.0076180" startTime="2026-03-17T07:24:09.4615300+01:00" endTime="2026-03-17T07:24:09.4691480+01:00" testType="13cdc9d9-ddb5-4fa4-a97d-d965ccfc6d4b" outcome="Passed" testListId="8c84fa94-04c1-424b-9868-57a2d4851a1d" relativeResultsDirectory="09525286-4d90-4ffb-ae7a-6cf0410039a5">
      <Output>
        <StdOut>SQL: DELETE FROM [dbo].[ErrorLog]
SQL: INSERT INTO [dbo].[ErrorLog] ([ErrorTime], [UserName], [ErrorNumber], [ErrorSeverity], [ErrorState], [ErrorProcedure], [ErrorLine], [ErrorMessage]) VALUES (@p0, @p1, @p2, @p3, @p4, @p5, @p6, @p7), (@p8, @p9, @p10, @p11, @p12, @p13, @p14, @p15), (@p16, @p17, @p18, @p19, @p20, @p21, @p22, @p23)
- @p0: DateTime: 3/17/2026 7:24:01 AM
- @p1: NVarChar: jmarr
- @p2: Int: 400
- @p3: Int: 
- @p4: Int: 
- @p5: NVarChar: Procedure 400
- @p6: Int: 
- @p7: NVarChar: TEST INSERT ASYNC
- @p8: DateTime: 3/17/2026 7:24:01 AM
- @p9: NVarChar: jmarr
- @p10: Int: 401
- @p11: Int: 
- @p12: Int: 
- @p13: NVarChar: Procedure 400
- @p14: Int: 
- @p15: NVarChar: TEST INSERT ASYNC
- @p16: DateTime: 3/17/2026 7:24:01 AM
- @p17: NVarChar: jmarr
- @p18: Int: 402
- @p19: Int: 
- @p20: Int: 
- @p21: NVarChar: Procedure 400
- @p22: Int: 
- @p23: NVarChar: TEST INSERT ASYNC
SQL: SELECT [e].[ErrorNumber] FROM [dbo].[ErrorLog] AS [e]</StdOut>
      </Output>
    </UnitTestResult>
    <UnitTestResult executionId="af6502fb-1891-4d2f-9f5d-f2866e373ceb" testId="e728d383-2459-aa5f-7e22-e53efcba17a8" testName="Where with Coalesce" computerName="Wutang-Lan" duration="00:00:00.0010660" startTime="2026-03-17T07:23:59.3009030+01:00" endTime="2026-03-17T07:23:59.3019680+01:00" testType="13cdc9d9-ddb5-4fa4-a97d-d965ccfc6d4b" outcome="Passed" testListId="8c84fa94-04c1-424b-9868-57a2d4851a1d" relativeResultsDirectory="af6502fb-1891-4d2f-9f5d-f2866e373ceb">
      <Output>
        <StdOut>SQL: SELECT * FROM "sales"."salesorderheader" AS "o" WHERE (coalesce(o.creditcardid, 0) = @p0)</StdOut>
      </Output>
    </UnitTestResult>
    <UnitTestResult executionId="cba5bb48-a880-4e39-b6f5-dda39978a6fe" testId="d5895c11-6f0c-990b-7078-a36fc9cb7e71" testName="Update should pass because where exists" computerName="Wutang-Lan" duration="00:00:00.0003550" startTime="2026-03-17T07:24:09.6848590+01:00" endTime="2026-03-17T07:24:09.6852130+01:00" testType="13cdc9d9-ddb5-4fa4-a97d-d965ccfc6d4b" outcome="Passed" testListId="8c84fa94-04c1-424b-9868-57a2d4851a1d" relativeResultsDirectory="cba5bb48-a880-4e39-b6f5-dda39978a6fe" />
    <UnitTestResult executionId="9191da63-a826-4746-8fb2-08bc6e588af2" testId="e24659d0-1ff6-145d-29c4-821f7ead08e9" testName="Left Join - Multi Column" computerName="Wutang-Lan" duration="00:00:00.0010130" startTime="2026-03-17T07:23:59.2848100+01:00" endTime="2026-03-17T07:23:59.2858230+01:00" testType="13cdc9d9-ddb5-4fa4-a97d-d965ccfc6d4b" outcome="Passed" testListId="8c84fa94-04c1-424b-9868-57a2d4851a1d" relativeResultsDirectory="9191da63-a826-4746-8fb2-08bc6e588af2" />
    <UnitTestResult executionId="fe7271ce-6be0-4800-b33f-d48a3d9909db" testId="32ad406b-ae24-60aa-a958-e8b7248f1858" testName="Query Employee Column with DateOnly" computerName="Wutang-Lan" duration="00:00:00.0054740" startTime="2026-03-17T07:23:59.1511210+01:00" endTime="2026-03-17T07:23:59.1565960+01:00" testType="13cdc9d9-ddb5-4fa4-a97d-d965ccfc6d4b" outcome="Passed" testListId="8c84fa94-04c1-424b-9868-57a2d4851a1d" relativeResultsDirectory="fe7271ce-6be0-4800-b33f-d48a3d9909db">
      <Output>
        <StdOut>SQL: SELECT "e"."birthdate" FROM "humanresources"."employee" AS "e"</StdOut>
      </Output>
    </UnitTestResult>
    <UnitTestResult executionId="08f14a31-1375-4dd8-b520-ae6935462e8d" testId="b46b1378-a1bb-121b-f7b3-72936e1fd738" testName="Underscore Assignment Edge Case - update - should fail with not supported" computerName="Wutang-Lan" duration="00:00:00.0002110" startTime="2026-03-17T07:24:09.7223620+01:00" endTime="2026-03-17T07:24:09.7225730+01:00" testType="13cdc9d9-ddb5-4fa4-a97d-d965ccfc6d4b" outcome="Passed" testListId="8c84fa94-04c1-424b-9868-57a2d4851a1d" relativeResultsDirectory="08f14a31-1375-4dd8-b520-ae6935462e8d" />
    <UnitTestResult executionId="8f1c2855-c435-448f-a97f-dd328ab12a0b" testId="580667ef-bb4c-d2ee-070e-765609447baf" testName="Inner Join" computerName="Wutang-Lan" duration="00:00:00.0005910" startTime="2026-03-17T07:24:09.7030820+01:00" endTime="2026-03-17T07:24:09.7036720+01:00" testType="13cdc9d9-ddb5-4fa4-a97d-d965ccfc6d4b" outcome="Passed" testListId="8c84fa94-04c1-424b-9868-57a2d4851a1d" relativeResultsDirectory="8f1c2855-c435-448f-a97f-dd328ab12a0b" />
    <UnitTestResult executionId="c887fede-e49d-4ae6-b84b-f7cfdc74810c" testId="ab722885-2bd0-f5ac-9c45-97f89dbcaa3b" testName="DeleteAsync Test" computerName="Wutang-Lan" duration="00:00:00.0007310" startTime="2026-03-17T07:24:01.5207710+01:00" endTime="2026-03-17T07:24:01.5215020+01:00" testType="13cdc9d9-ddb5-4fa4-a97d-d965ccfc6d4b" outcome="Failed" testListId="8c84fa94-04c1-424b-9868-57a2d4851a1d" relativeResultsDirectory="c887fede-e49d-4ae6-b84b-f7cfdc74810c">
      <Output>
        <ErrorInfo>
          <Message>System.TypeInitializationException : The type initializer for 'Microsoft.Data.Sqlite.SqliteConnection' threw an exception.
  ----&gt; System.Reflection.TargetInvocationException : Exception has been thrown by the target of an invocation.
  ----&gt; System.DllNotFoundException : Unable to load shared library 'e_sqlite3' or one of its dependencies. In order to help diagnose loading problems, consider setting the DYLD_PRINT_LIBRARIES environment variable: 
dlopen(/Users/michaelglass/.local/share/mise/installs/dotnet/10.0.103/shared/Microsoft.NETCore.App/10.0.3/e_sqlite3.dylib, 0x0001): tried: '/Users/michaelglass/.local/share/mise/installs/dotnet/10.0.103/shared/Microsoft.NETCore.App/10.0.3/e_sqlite3.dylib' (no such file), '/System/Volumes/Preboot/Cryptexes/OS/Users/michaelglass/.local/share/mise/installs/dotnet/10.0.103/shared/Microsoft.NETCore.App/10.0.3/e_sqlite3.dylib' (no such file), '/Users/michaelglass/.local/share/mise/installs/dotnet/10.0.103/shared/Microsoft.NETCore.App/10.0.3/e_sqlite3.dylib' (no such file)
dlopen(/Users/michaelglass/Developer/opensource/SqlHydra/.worktrees/postgres-enhancements/src/Tests/bin/Release/net10.0/e_sqlite3.dylib, 0x0001): tried: '/Users/michaelglass/Developer/opensource/SqlHydra/.worktrees/postgres-enhancements/src/Tests/bin/Release/net10.0/e_sqlite3.dylib' (no such file), '/System/Volumes/Preboot/Cryptexes/OS/Users/michaelglass/Developer/opensource/SqlHydra/.worktrees/postgres-enhancements/src/Tests/bin/Release/net10.0/e_sqlite3.dylib' (no such file), '/Users/michaelglass/Developer/opensource/SqlHydra/.worktrees/postgres-enhancements/src/Tests/bin/Release/net10.0/e_sqlite3.dylib' (no such file)
dlopen(e_sqlite3.dylib, 0x0001): tried: 'e_sqlite3.dylib' (no such file), '/System/Volumes/Preboot/Cryptexes/OSe_sqlite3.dylib' (no such file), '/usr/lib/e_sqlite3.dylib' (no such file, not in dyld cache), 'e_sqlite3.dylib' (no such file)
dlopen(/Users/michaelglass/.local/share/mise/installs/dotnet/10.0.103/shared/Microsoft.NETCore.App/10.0.3/libe_sqlite3.dylib, 0x0001): tried: '/Users/michaelglass/.local/share/mise/installs/dotnet/10.0.103/shared/Microsoft.NETCore.App/10.0.3/libe_sqlite3.dylib' (no such file), '/System/Volumes/Preboot/Cryptexes/OS/Users/michaelglass/.local/share/mise/installs/dotnet/10.0.103/shared/Microsoft.NETCore.App/10.0.3/libe_sqlite3.dylib' (no such file), '/Users/michaelglass/.local/share/mise/installs/dotnet/10.0.103/shared/Microsoft.NETCore.App/10.0.3/libe_sqlite3.dylib' (no such file)
[...]
- @p0: NVarChar: Ken
- @p1: 0
- @p2: 1
</Text>
      </RunInfo>
      <RunInfo computerName="Wutang-Lan" outcome="Warning" timestamp="2026-03-17T07:24:09.5596140+01:00">
        <Text>SQL: SELECT ISNULL([p].[MiddleName], 'NoMiddle') FROM [Person].[Person] AS [p] WHERE (([p].[FirstName] = @p0) AND ([p].[MiddleName] IS NULL)) ORDER BY (SELECT 0) OFFSET @p1 ROWS FETCH NEXT @p2 ROWS ONLY
- @p0: NVarChar: Ken
- @p1: 0
- @p2: 1
SQL: SELECT ISNULL([p].[MiddleName], 'NoMiddle') FROM [Person].[Person] AS [p] WHERE (([p].[FirstName] = @p0) AND ([p].[MiddleName] IS NOT NULL)) ORDER BY (SELECT 0) OFFSET @p1 ROWS FETCH NEXT @p2 ROWS ONLY
- @p0: NVarChar: Ken
- @p1: 0
- @p2: 1
</Text>
      </RunInfo>
      <RunInfo computerName="Wutang-Lan" outcome="Warning" timestamp="2026-03-17T07:24:09.5626340+01:00">
        <Text>SQL: SELECT SUBSTRING([p].[FirstName], 1, 2), CONCAT([p].[FirstName], [p].[LastName]) FROM [Person].[Person] AS [p] WHERE ([p].[FirstName] = @p0) ORDER BY (SELECT 0) OFFSET @p1 ROWS FETCH NEXT @p2 ROWS ONLY
- @p0: NVarChar: Ken
- @p1: 0
- @p2: 1
</Text>
      </RunInfo>
      <RunInfo computerName="Wutang-Lan" outcome="Warning" timestamp="2026-03-17T07:24:09.5659020+01:00">
        <Text>SQL: SELECT [p].[FirstName], LEN([p].[FirstName]), UPPER([p].[FirstName]), GETDATE() FROM [Person].[Person] AS [p] WHERE ([p].[FirstName] = @p0) ORDER BY (SELECT 0) OFFSET @p1 ROWS FETCH NEXT @p2 ROWS ONLY
- @p0: NVarChar: Ken
- @p1: 0
- @p2: 1
</Text>
      </RunInfo>
      <RunInfo computerName="Wutang-Lan" outcome="Warning" timestamp="2026-03-17T07:24:09.5685430+01:00">
        <Text>SQL: SELECT LEN(UPPER([p].[FirstName])) FROM [Person].[Person] AS [p] WHERE ([p].[FirstName] = @p0) ORDER BY (SELECT 0) OFFSET @p1 ROWS FETCH NEXT @p2 ROWS ONLY
- @p0: NVarChar: Ken
- @p1: 0
- @p2: 1
</Text>
      </RunInfo>
      <RunInfo computerName="Wutang-Lan" outcome="Warning" timestamp="2026-03-17T07:24:09.5717070+01:00">
        <Text>SQL: SELECT LEN([p].[FirstName]), UPPER([p].[FirstName]), ISNULL([p].[MiddleName], 'N/A') FROM [Person].[Person] AS [p] WHERE ([p].[FirstName] = @p0) ORDER BY (SELECT 0) OFFSET @p1 ROWS FETCH NEXT @p2 ROWS ONLY
- @p0: NVarChar: Ken
- @p1: 0
- @p2: 1
</Text>
      </RunInfo>
      <RunInfo computerName="Wutang-Lan" outcome="Warning" timestamp="2026-03-17T07:24:09.5896100+01:00">
        <Text>SQL: SELECT [e].* FROM [HumanResources].[Employee] AS [e]
SQL: UPDATE [HumanResources].[Employee] SET [BirthDate] = @p0 WHERE ([HumanResources].[Employee].[BusinessEntityID] = @p1)
- @p0: Date: 1/1/1980
- @p1: Int: 1
SQL: SELECT * FROM [HumanResources].[Employee] AS [e] WHERE ([e].[BusinessEntityID] = @p0)
- @p0: Int: 1
</Text>
      </RunInfo>
      <RunInfo computerName="Wutang-Lan" outcome="Warning" timestamp="2026-03-17T07:24:09.5953560+01:00">
        <Text>SQL: SELECT * FROM [dbo].[ErrorLog] AS [e]
SQL: UPDATE [dbo].[ErrorLog] SET [ErrorTime] = @p0, [UserName] = @p1, [ErrorNumber] = @p2, [ErrorSeverity] = @p3, [ErrorState] = @p4, [ErrorProcedure] = @p5, [ErrorLine] = @p6, [ErrorMessage] = @p7 WHERE ([dbo].[ErrorLog].[ErrorLogID] = @p8)
- @p0: DateTime: 3/17/2026 7:24:09 AM
- @p1: NVarChar: jmarr
- @p2: Int: 500
- @p3: Int: 
- @p4: Int: 
- @p5: NVarChar: 
- @p6: Int: 888
- @p7: NVarChar: ERROR #2
- @p8: Int: 16
</Text>
      </RunInfo>
      <RunInfo computerName="Wutang-Lan" outcome="Warning" timestamp="2026-03-17T07:24:09.6019930+01:00">
        <Text>SQL: SELECT * FROM [dbo].[ErrorLog] AS [e]
SQL: UPDATE [dbo].[ErrorLog] SET [ErrorNumber] = @p0, [ErrorMessage] = @p1, [ErrorLine] = @p2, [ErrorProcedure] = @p3 WHERE ([dbo].[ErrorLog].[ErrorLogID] = @p4)
- @p0: Int: 123
- @p1: NVarChar: ERROR #123
- @p2: Int: 999
- @p3: NVarChar: 
- @p4: Int: 16
</Text>
      </RunInfo>
      <RunInfo computerName="Wutang-Lan" outcome="Warning" timestamp="2026-03-17T07:24:09.6058860+01:00">
        <Text>SQL: UPDATE [HumanResources].[Shift] SET [StartTime] = @p0 WHERE ([HumanResources].[Shift].[StartTime] &gt;= @p1)
- @p0: Time: 10:30 AM
- @p1: Time: 9:30 AM
SQL: SELECT * FROM [HumanResources].[Shift] AS [s] WHERE ([s].[StartTime] = @p0)
- @p0: Time: 10:30 AM
</Text>
      </RunInfo>
      <RunInfo computerName="Wutang-Lan" outcome="Warning" timestamp="2026-03-17T07:24:09.6118910+01:00">
        <Text>SQL: SELECT * FROM [dbo].[ErrorLog] AS [e]
SQL: UPDATE [dbo].[ErrorLog] SET [ErrorTime] = @p0, [UserName] = @p1, [ErrorNumber] = @p2, [ErrorSeverity] = @p3, [ErrorState] = @p4, [ErrorProcedure] = @p5, [ErrorLine] = @p6, [ErrorMessage] = @p7 WHERE ([dbo].[ErrorLog].[ErrorLogID] = @p8)
- @p0: DateTime: 3/17/2026 7:24:09 AM
- @p1: NVarChar: jmarr
- @p2: Int: 500
- @p3: Int: 
- @p4: Int: 
- @p5: NVarChar: 
- @p6: Int: 888
- @p7: NVarChar: ERROR #2
- @p8: Int: 16
</Text>
      </RunInfo>
      <RunInfo computerName="Wutang-Lan" outcome="Warning" timestamp="2026-03-17T07:24:09.6189640+01:00">
        <Text>SQL: SELECT * FROM [dbo].[ErrorLog] AS [e]
SQL: UPDATE [dbo].[ErrorLog] SET [ErrorNumber] = @p0, [ErrorMessage] = @p1, [ErrorLine] = @p2, [ErrorProcedure] = @p3 WHERE ([dbo].[ErrorLog].[ErrorLogID] = @p4)
- @p0: Int: 123
- @p1: NVarChar: ERROR #123
- @p2: Int: 999
- @p3: NVarChar: 
- @p4: Int: 16
</Text>
      </RunInfo>
      <RunInfo computerName="Wutang-Lan" outcome="Warning" timestamp="2026-03-17T07:24:09.6264040+01:00">
        <Text>SQL: SELECT * FROM [Person].[Address] AS [a] WHERE ([a].[City] IN (@p0, @p1))
- @p0: NVarChar: Seattle
- @p1: NVarChar: Santa Cruz
</Text>
      </RunInfo>
      <RunInfo computerName="Wutang-Lan" outcome="Warning" timestamp="2026-03-17T07:24:09.6298200+01:00">
        <Text>SQL: SELECT [c].[Name] FROM [Production].[ProductCategory] AS [c] WHERE ([c].[ProductCategoryID] IN (SELECT [p].[ProductSubcategoryID] FROM [Production].[Product] AS [p] WHERE ([p].[ProductSubcategoryID] IS NOT NULL) GROUP BY [p].[ProductSubcategoryID] ORDER BY AVG(p.ListPrice) DESC OFFSET @p0 ROWS FETCH NEXT @p1 ROWS ONLY))
- @p0: 0
- @p1: 5
</Text>
      </RunInfo>
      <RunInfo computerName="Wutang-Lan" outcome="Warning" timestamp="2026-03-17T07:24:09.6329830+01:00">
        <Text>SQL: SELECT [p].[Name], [p].[ListPrice] FROM [Production].[Product] AS [p] WHERE ([p].[ListPrice] &gt; (SELECT AVG([p].[ListPrice]) FROM [Production].[Product] AS [p]))
</Text>
      </RunInfo>
      <RunInfo computerName="Wutang-Lan" outcome="Warning" timestamp="2026-03-17T07:24:09.6370940+01:00">
        <Text>SQL: INSERT INTO [dbo].[ErrorLog] ([ErrorTime], [UserName], [ErrorNumber], [ErrorSeverity], [ErrorState], [ErrorProcedure], [ErrorLine], [ErrorMessage]) VALUES (@p0, @p1, @p2, @p3, @p4, @p5, @p6, @p7);SELECT scope_identity() as Id
- @p0: DateTime: 3/17/2026 7:24:09 AM
- @p1: NVarChar: jmarr
- @p2: Int: 400
- @p3: Int: 
- @p4: Int: 
- @p5: NVarChar: Procedure 400
- @p6: Int: 
- @p7: NVarChar: TEST
</Text>
      </RunInfo>
      <RunInfo computerName="Wutang-Lan" outcome="Warning" timestamp="2026-03-17T07:24:09.6405370+01:00">
        <Text>SQL: INSERT INTO [dbo].[ErrorLog] ([ErrorTime], [UserName], [ErrorNumber], [ErrorSeverity], [ErrorState], [ErrorProcedure], [ErrorLine], [ErrorMessage]) VALUES (@p0, @p1, @p2, @p3, @p4, @p5, @p6, @p7);SELECT scope_identity() as Id
- @p0: DateTime: 3/17/2026 7:24:09 AM
- @p1: NVarChar: jmarr
- @p2: Int: 400
- @p3: Int: 
- @p4: Int: 
- @p5: NVarChar: Procedure 400
- @p6: Int: 
- @p7: NVarChar: TEST INSERT ASYNC
</Text>
      </RunInfo>
      <RunInfo computerName="Wutang-Lan" outcome="Warning" timestamp="2026-03-17T07:24:09.6439530+01:00">
        <Text>SQL: SELECT [p].[ProductSubcategoryID], MIN([p].[ListPrice]), MAX([p].[ListPrice]) FROM [Production].[Product] AS [p] WHERE ([p].[ProductSubcategoryID] IS NOT NULL) GROUP BY [p].[ProductSubcategoryID] HAVING ((MIN(p.ListPrice) &gt; @p0) AND (MAX(p.ListPrice) &lt; @p1))
- @p0: 50
- @p1: 1000
</Text>
      </RunInfo>
      <RunInfo computerName="Wutang-Lan" outcome="Warning" timestamp="2026-03-17T07:24:09.6480970+01:00">
        <Text>SQL: SELECT [p].[ProductSubcategoryID], MIN([p].[ListPrice]), MAX([p].[ListPrice]), AVG([p].[ListPrice]), COUNT([p].[ListPrice]), SUM([p].[ListPrice]) FROM [Production].[Product] AS [p] WHERE ([p].[ProductSubcategoryID] IS NOT NULL) AND ([p].[ProductSubcategoryID] IN (@p0, @p1, @p2)) GROUP BY [p].[ProductSubcategoryID]
- @p0: Int: 1
- @p1: Int: 2
- @p2: Int: 3
</Text>
      </RunInfo>
      <RunInfo computerName="Wutang-Lan" outcome="Warning" timestamp="2026-03-17T07:24:09.6509880+01:00">
        <Text>SQL: SELECT [p].[ProductSubcategoryID], [p].[ListPrice] FROM [Production].[Product] AS [p] WHERE ([p].[ProductSubcategoryID] IS NOT NULL)
</Text>
      </RunInfo>
      <RunInfo computerName="Wutang-Lan" outcome="Warning" timestamp="2026-03-17T07:24:09.6534540+01:00">
        <Text>SQL: SELECT [p].[ProductSubcategoryID], AVG([p].[ListPrice]) FROM [Production].[Product] AS [p] WHERE ([p].[ProductSubcategoryID] IS NOT NULL) GROUP BY [p].[ProductSubcategoryID] ORDER BY AVG(p.ListPrice) DESC OFFSET @p0 ROWS FETCH NEXT @p1 ROWS ONLY
- @p0: 0
- @p1: 5
</Text>
      </RunInfo>
      <RunInfo computerName="Wutang-Lan" outcome="Warning" timestamp="2026-03-17T07:24:09.6591150+01:00">
        <Text>SQL: SELECT * FROM [dbo].[ErrorLog] AS [e]
SQL: UPDATE [dbo].[ErrorLog] SET [ErrorTime] = @p0, [UserName] = @p1, [ErrorNumber] = @p2, [ErrorSeverity] = @p3, [ErrorState] = @p4, [ErrorProcedure] = @p5, [ErrorLine] = @p6, [ErrorMessage] = @p7 WHERE ([dbo].[ErrorLog].[ErrorLogID] = @p8)
- @p0: DateTime: 3/17/2026 7:24:09 AM
- @p1: NVarChar: jmarr
- @p2: Int: 500
- @p3: Int: 
- @p4: Int: 
- @p5: NVarChar: 
- @p6: Int: 888
- @p7: NVarChar: ERROR #2
- @p8: Int: 16
</Text>
      </RunInfo>
      <RunInfo computerName="Wutang-Lan" outcome="Warning" timestamp="2026-03-17T07:24:09.6651250+01:00">
        <Text>SQL: SELECT * FROM [dbo].[ErrorLog] AS [e]
SQL: UPDATE [dbo].[ErrorLog] SET [ErrorNumber] = @p0, [ErrorMessage] = @p1, [ErrorLine] = @p2, [ErrorProcedure] = @p3 WHERE ([dbo].[ErrorLog].[ErrorLogID] = @p4)
- @p0: Int: 123
- @p1: NVarChar: ERROR #123
- @p2: Int: 999
- @p3: NVarChar: 
- @p4: Int: 16
</Text>
      </RunInfo>
      <RunInfo computerName="Wutang-Lan" outcome="Warning" timestamp="2026-03-17T07:24:09.6720060+01:00">
        <Text>SQL: SELECT * FROM [dbo].[ErrorLog] AS [e]
SQL: UPDATE [dbo].[ErrorLog] SET [ErrorNumber] = @p0, [ErrorProcedure] = @p1 WHERE ([dbo].[ErrorLog].[ErrorLogID] = @p2)
- @p0: Int: 124
- @p1: NVarChar: 
- @p2: Int: 16
</Text>
      </RunInfo>
      <RunInfo computerName="Wutang-Lan" outcome="Warning" timestamp="2026-03-17T07:24:09.6774390+01:00">
        <Text>SQL: SELECT [c].[Name] FROM [Production].[ProductCategory] AS [c] WHERE ([c].[ProductCategoryID] IN (SELECT [p].[ProductSubcategoryID] FROM [Production].[Product] AS [p] WHERE ([p].[ProductSubcategoryID] IS NOT NULL) GROUP BY [p].[ProductSubcategoryID] ORDER BY AVG(p.ListPrice) DESC OFFSET @p0 ROWS FETCH NEXT @p1 ROWS ONLY))
- @p0: 0
- @p1: 5
</Text>
      </RunInfo>
      <RunInfo computerName="Wutang-Lan" outcome="Warning" timestamp="2026-03-17T07:24:09.7481100+01:00">
        <Text>SQL: SELECT COUNT(*) AS [count] FROM [Person].[Person] AS [p]
</Text>
      </RunInfo>
      <RunInfo computerName="Wutang-Lan" outcome="Warning" timestamp="2026-03-17T07:24:09.7560310+01:00">
        <Text>SQL: SELECT [p].[FirstName] FROM [Person].[Person] AS [p] ORDER BY (SELECT 0) OFFSET @p0 ROWS FETCH NEXT @p1 ROWS ONLY
- @p0: 0
- @p1: 10
</Text>
      </RunInfo>
      <RunInfo computerName="Wutang-Lan" outcome="Warning" timestamp="2026-03-17T07:24:09.7759900+01:00">
        <Text>SQL: SELECT * FROM [Sales].[SalesOrderHeader] AS [o] 
INNER JOIN [Sales].[SalesOrderDetail] AS [d] ON ([o].[SalesOrderID] = [d].[SalesOrderID]) ORDER BY (SELECT 0) OFFSET @p0 ROWS FETCH NEXT @p1 ROWS ONLY
- @p0: 0
- @p1: 10
</Text>
      </RunInfo>
      <RunInfo computerName="Wutang-Lan" outcome="Warning" timestamp="2026-03-17T07:24:09.7845760+01:00">
        <Text>SQL: SELECT Concat([p].[FirstName], ' ', [p].[LastName]) FROM [Person].[Person] AS [p] ORDER BY (SELECT 0) OFFSET @p0 ROWS FETCH NEXT @p1 ROWS ONLY
- @p0: 0
- @p1: 10
</Text>
      </RunInfo>
      <RunInfo computerName="Wutang-Lan" outcome="Warning" timestamp="2026-03-17T07:24:09.7930380+01:00">
        <Text>SQL: SELECT Concat([p].[FirstName], ' ', [p].[LastName]) FROM [Person].[Person] AS [p] ORDER BY (SELECT 0) OFFSET @p0 ROWS FETCH NEXT @p1 ROWS ONLY
- @p0: 0
- @p1: 10
</Text>
      </RunInfo>
      <RunInfo computerName="Wutang-Lan" outcome="Warning" timestamp="2026-03-17T07:24:09.8030830+01:00">
        <Text>SQL: SELECT [p].* FROM [Person].[Person] AS [p] ORDER BY (SELECT 0) OFFSET @p0 ROWS FETCH NEXT @p1 ROWS ONLY
- @p0: 0
- @p1: 10
</Text>
      </RunInfo>
      <RunInfo computerName="Wutang-Lan" outcome="Warning" timestamp="2026-03-17T07:24:09.8117220+01:00">
        <Text>SQL: SELECT [p].* FROM [Person].[Person] AS [p] ORDER BY (SELECT 0) OFFSET @p0 ROWS FETCH NEXT @p1 ROWS ONLY
- @p0: 0
- @p1: 10
</Text>
      </RunInfo>
      <RunInfo computerName="Wutang-Lan" outcome="Warning" timestamp="2026-03-17T07:24:09.8217800+01:00">
        <Text>SQL: SELECT Concat([p].[FirstName], ' ', [p].[LastName]) FROM [Person].[Person] AS [p] ORDER BY (SELECT 0) OFFSET @p0 ROWS FETCH NEXT @p1 ROWS ONLY
- @p0: 0
- @p1: 1
</Text>
      </RunInfo>
      <RunInfo computerName="Wutang-Lan" outcome="Warning" timestamp="2026-03-17T07:24:09.8302880+01:00">
        <Text>SQL: SELECT * FROM [Person].[Person] AS [p] ORDER BY (SELECT 0) OFFSET @p0 ROWS FETCH NEXT @p1 ROWS ONLY
- @p0: 0
- @p1: 1
</Text>
      </RunInfo>
      <RunInfo computerName="Wutang-Lan" outcome="Warning" timestamp="2026-03-17T07:24:09.8360880+01:00">
        <Text>SQL: SELECT [o].[SalesOrderID], [r].[ReasonType], [r].[Name] FROM [Sales].[SalesOrderHeader] AS [o] 
LEFT JOIN [Sales].[SalesOrderHeaderSalesReason] AS [sr] ON ([o].[SalesOrderID] = [sr].[SalesOrderID])
LEFT JOIN [Sales].[SalesReason] AS [r] ON ([sr].[SalesReasonID] = [r].[SalesReasonID]) WHERE ([r].[Name] IS NOT NULL) ORDER BY (SELECT 0) OFFSET @p0 ROWS FETCH NEXT @p1 ROWS ONLY
- @p0: 0
- @p1: 10
Acct: 43697, Reason: Some(Other), Name: Some(Manufacturer)
Acct: 43697, Reason: Some(Other), Name: Some(Quality)
Acct: 43702, Reason: Some(Other), Name: Some(Manufacturer)
Acct: 43702, Reason: Some(Other), Name: Some(Quality)
Acct: 43703, Reason: Some(Other), Name: Some(Manufacturer)
Acct: 43703, Reason: Some(Other), Name: Some(Quality)
Acct: 43706, Reason: Some(Other), Name: Some(Manufacturer)
Acct: 43706, Reason: Some(Other), Name: Some(Quality)
Acct: 43707, Reason: Some(Other), Name: Some(Manufacturer)
Acct: 43707, Reason: Some(Other), Name: Some(Quality)
</Text>
      </RunInfo>
      <RunInfo computerName="Wutang-Lan" outcome="Warning" timestamp="2026-03-17T07:24:09.8453140+01:00">
        <Text>SQL: SELECT [o].*, [r].[ReasonType], [r].[Name] FROM [Sales].[SalesOrderHeader] AS [o] 
LEFT JOIN [Sales].[SalesOrderHeaderSalesReason] AS [sr] ON ([o].[SalesOrderID] = [sr].[SalesOrderID])
LEFT JOIN [Sales].[SalesReason] AS [r] ON ([sr].[SalesReasonID] = [r].[SalesReasonID]) WHERE ([r].[Name] IS NOT NULL) ORDER BY (SELECT 0) OFFSET @p0 ROWS FETCH NEXT @p1 ROWS ONLY
- @p0: 0
- @p1: 10
Order: 43697, Reason: Some(Other), Name: Some(Manufacturer)
Order: 43697, Reason: Some(Other), Name: Some(Quality)
Order: 43702, Reason: Some(Other), Name: Some(Manufacturer)
Order: 43702, Reason: Some(Other), Name: Some(Quality)
Order: 43703, Reason: Some(Other), Name: Some(Manufacturer)
Order: 43703, Reason: Some(Other), Name: Some(Quality)
Order: 43706, Reason: Some(Other), Name: Some(Manufacturer)
Order: 43706, Reason: Some(Other), Name: Some(Quality)
Order: 43707, Reason: Some(Other), Name: Some(Manufacturer)
Order: 43707, Reason: Some(Other), Name: Some(Quality)
</Text>
      </RunInfo>
      <RunInfo computerName="Wutang-Lan" outcome="Warning" timestamp="2026-03-17T07:24:09.8528160+01:00">
        <Text>SQL: SELECT COUNT(*) AS [count] FROM [Person].[Person] AS [p]
</Text>
      </RunInfo>
      <RunInfo computerName="Wutang-Lan" outcome="Warning" timestamp="2026-03-17T07:24:09.8546760+01:00">
        <Text>SQL: SELECT [p].[FirstName] FROM [Person].[Person] AS [p] ORDER BY (SELECT 0) OFFSET @p0 ROWS FETCH NEXT @p1 ROWS ONLY
- @p0: 0
- @p1: 10
</Text>
      </RunInfo>
      <RunInfo computerName="Wutang-Lan" outcome="Warning" timestamp="2026-03-17T07:24:09.8566180+01:00">
        <Text>SQL: SELECT * FROM [Person].[Person] AS [p] ORDER BY (SELECT 0) OFFSET @p0 ROWS FETCH NEXT @p1 ROWS ONLY
- @p0: 0
- @p1: 10
</Text>
      </RunInfo>
      <RunInfo computerName="Wutang-Lan" outcome="Warning" timestamp="2026-03-17T07:24:09.8582260+01:00">
        <Text>SQL: SELECT Concat([p].[FirstName], ' ', [p].[LastName]) FROM [Person].[Person] AS [p] ORDER BY (SELECT 0) OFFSET @p0 ROWS FETCH NEXT @p1 ROWS ONLY
- @p0: 0
- @p1: 10
</Text>
      </RunInfo>
      <RunInfo computerName="Wutang-Lan" outcome="Warning" timestamp="2026-03-17T07:24:09.8597960+01:00">
        <Text>SQL: SELECT Concat([p].[FirstName], ' ', [p].[LastName]) FROM [Person].[Person] AS [p] ORDER BY (SELECT 0) OFFSET @p0 ROWS FETCH NEXT @p1 ROWS ONLY
- @p0: 0
- @p1: 10
</Text>
      </RunInfo>
      <RunInfo computerName="Wutang-Lan" outcome="Warning" timestamp="2026-03-17T07:24:09.8615460+01:00">
        <Text>SQL: SELECT [p].* FROM [Person].[Person] AS [p] ORDER BY (SELECT 0) OFFSET @p0 ROWS FETCH NEXT @p1 ROWS ONLY
- @p0: 0
- @p1: 10
</Text>
      </RunInfo>
      <RunInfo computerName="Wutang-Lan" outcome="Warning" timestamp="2026-03-17T07:24:09.8633760+01:00">
        <Text>SQL: SELECT * FROM [Person].[Person] AS [p] ORDER BY (SELECT 0) OFFSET @p0 ROWS FETCH NEXT @p1 ROWS ONLY
- @p0: 0
- @p1: 10
</Text>
      </RunInfo>
      <RunInfo computerName="Wutang-Lan" outcome="Warning" timestamp="2026-03-17T07:24:09.8652480+01:00">
        <Text>SQL: SELECT Concat([p].[FirstName], ' ', [p].[LastName]) FROM [Person].[Person] AS [p] ORDER BY (SELECT 0) OFFSET @p0 ROWS FETCH NEXT @p1 ROWS ONLY
- @p0: 0
- @p1: 1
</Text>
      </RunInfo>
      <RunInfo computerName="Wutang-Lan" outcome="Warning" timestamp="2026-03-17T07:24:09.8668630+01:00">
        <Text>SQL: SELECT * FROM [Person].[Person] AS [p] ORDER BY (SELECT 0) OFFSET @p0 ROWS FETCH NEXT @p1 ROWS ONLY
- @p0: 0
- @p1: 1
</Text>
      </RunInfo>
      <RunInfo computerName="Wutang-Lan" outcome="Warning" timestamp="2026-03-17T07:24:09.9064350+01:00">
        <Text>\u001b[38;5;12m-\u001b[0m Filters:
  \u001b[38;5;12m-\u001b[0m Include: \u001b[38;5;2m[*]\u001b[0m
  \u001b[38;5;12m-\u001b[0m Exclude: \u001b[38;5;9m[dbo/*]\u001b[0m
  \u001b[38;5;12m-\u001b[0m Tables &amp; Views: \u001b[38;5;39m2 of 4\u001b[0m
</Text>
      </RunInfo>
      <RunInfo computerName="Wutang-Lan" outcome="Warning" timestamp="2026-03-17T07:24:09.9069110+01:00">
        <Text>\u001b[38;5;12m-\u001b[0m Filters:
  \u001b[38;5;12m-\u001b[0m Include: \u001b[38;5;2m[dbo/*]\u001b[0m
  \u001b[38;5;12m-\u001b[0m Exclude: \u001b[38;5;9m[]\u001b[0m
  \u001b[38;5;12m-\u001b[0m Tables &amp; Views: \u001b[38;5;39m2 of 4\u001b[0m
</Text>
      </RunInfo>
      <RunInfo computerName="Wutang-Lan" outcome="Warning" timestamp="2026-03-17T07:24:09.9077030+01:00">
        <Text>\u001b[38;5;12m-\u001b[0m Filters:
  \u001b[38;5;12m-\u001b[0m Include: \u001b[38;5;2m[dbo/*]\u001b[0m
  \u001b[38;5;12m-\u001b[0m Exclude: \u001b[38;5;9m[*/*1]\u001b[0m
  \u001b[38;5;12m-\u001b[0m Tables &amp; Views: \u001b[38;5;39m1 of 4\u001b[0m
</Text>
      </RunInfo>
      <RunInfo computerName="Wutang-Lan" outcome="Warning" timestamp="2026-03-17T07:24:09.9084810+01:00">
        <Text>\u001b[38;5;12m-\u001b[0m Filters:
  \u001b[38;5;12m-\u001b[0m Include: \u001b[38;5;2m[dbo/tbl1; prod/tbl2]\u001b[0m
  \u001b[38;5;12m-\u001b[0m Exclude: \u001b[38;5;9m[]\u001b[0m
  \u001b[38;5;12m-\u001b[0m Tables &amp; Views: \u001b[38;5;39m2 of 4\u001b[0m
</Text>
      </RunInfo>
    </RunInfos>
  </ResultSummary>
</TestRun>