<?xml version="1.0" encoding="utf-8"?>
<TestRun id="7bdc19e5-00aa-431a-964e-6893aed1b6f1" name="@Wutang-Lan 2026-03-17 07:53:37" xmlns="http://microsoft.com/schemas/VisualStudio/TeamTest/2010">
  <Times creation="2026-03-17T07:53:37.7082080+01:00" queuing="2026-03-17T07:53:37.7082080+01:00" start="2026-03-17T07:53:35.9837650+01:00" finish="2026-03-17T07:53:51.5218450+01:00" />
  <TestSettings name="default" id="68cba956-6475-4c95-90e2-876ce9fa3773">
    <Deployment runDeploymentRoot="_Wutang-Lan_2026-03-17_07_53_37" />
  </TestSettings>
  <Results>
    <UnitTestResult executionId="41091f73-3095-4fb0-9640-259eff3a3ad0" testId="daf1389d-0480-34fd-043d-8d44cf1997bd" testName="selectTask - count" computerName="Wutang-Lan" duration="00:00:00.0083540" startTime="2026-03-17T07:53:51.3820070+01:00" endTime="2026-03-17T07:53:51.3903610+01:00" testType="13cdc9d9-ddb5-4fa4-a97d-d965ccfc6d4b" outcome="Passed" testListId="8c84fa94-04c1-424b-9868-57a2d4851a1d" relativeResultsDirectory="41091f73-3095-4fb0-9640-259eff3a3ad0">
      <Output>
        <StdOut>SQL: SELECT COUNT(*) AS [count] FROM [Person].[Person] AS [p]</StdOut>
      </Output>
    </UnitTestResult>
    <UnitTestResult executionId="b70efc3c-0545-4814-a1b1-6c783d7dcc75" testId="3f21fcfc-42fb-3ad8-6318-8d05f50c1944" testName="Delete Currency" computerName="Wutang-Lan" duration="00:00:00.0309980" startTime="2026-03-17T07:53:36.5194230+01:00" endTime="2026-03-17T07:53:36.5504210+01:00" testType="13cdc9d9-ddb5-4fa4-a97d-d965ccfc6d4b" outcome="Passed" testListId="8c84fa94-04c1-424b-9868-57a2d4851a1d" relativeResultsDirectory="b70efc3c-0545-4814-a1b1-6c783d7dcc75">
      <Output>
        <StdOut>SQL: DELETE FROM "sales"."currency" WHERE ("sales"."currency"."currencycode" = @p0)
- @p0: Char: BTC
SQL: SELECT * FROM "sales"."currency" AS "c" WHERE ("c"."currencycode" = @p0)
- @p0: Char: BTC</StdOut>
      </Output>
    </UnitTestResult>
    <UnitTestResult executionId="9cb26e99-f3ed-4a02-945c-df70f291040d" testId="4ae049ab-ae8b-1df8-c4ab-59eac1099ce5" testName="Where customer |&lt;&gt;| List" computerName="Wutang-Lan" duration="00:00:00.0004430" startTime="2026-03-17T07:53:43.0591590+01:00" endTime="2026-03-17T07:53:43.0596020+01:00" testType="13cdc9d9-ddb5-4fa4-a97d-d965ccfc6d4b" outcome="Passed" testListId="8c84fa94-04c1-424b-9868-57a2d4851a1d" relativeResultsDirectory="9cb26e99-f3ed-4a02-945c-df70f291040d" />
    <UnitTestResult executionId="1c863ee8-3978-457b-92ad-2be3a1b167fb" testId="573ff3aa-7da0-c220-3c88-87a0fa001934" testName="Include All and No Excludes" computerName="Wutang-Lan" duration="00:00:00.0007739" startTime="2026-03-17T07:53:51.4108530+01:00" endTime="2026-03-17T07:53:51.4116270+01:00" testType="13cdc9d9-ddb5-4fa4-a97d-d965ccfc6d4b" outcome="Passed" testListId="8c84fa94-04c1-424b-9868-57a2d4851a1d" relativeResultsDirectory="1c863ee8-3978-457b-92ad-2be3a1b167fb" />
    <UnitTestResult executionId="acb32273-a98c-4284-9166-0486b0db35ef" testId="19585ae2-59ab-bed7-403d-89f1004e0ecd" testName="Update Query with Where" computerName="Wutang-Lan" duration="00:00:00.0004050" startTime="2026-03-17T07:53:44.1130440+01:00" endTime="2026-03-17T07:53:44.1134490+01:00" testType="13cdc9d9-ddb5-4fa4-a97d-d965ccfc6d4b" outcome="Passed" testListId="8c84fa94-04c1-424b-9868-57a2d4851a1d" relativeResultsDirectory="acb32273-a98c-4284-9166-0486b0db35ef" />
    <UnitTestResult executionId="c5d853da-7652-4b26-a453-7d8ceed2e56b" testId="7875fc6d-1667-72c1-3356-ebcdaf7d2508" testName="Where customer isIn List" computerName="Wutang-Lan" duration="00:00:00.0004100" startTime="2026-03-17T07:53:43.0639290+01:00" endTime="2026-03-17T07:53:43.0643390+01:00" testType="13cdc9d9-ddb5-4fa4-a97d-d965ccfc6d4b" outcome="Passed" testListId="8c84fa94-04c1-424b-9868-57a2d4851a1d" relativeResultsDirectory="c5d853da-7652-4b26-a453-7d8ceed2e56b" />
    <UnitTestResult executionId="0baa8bcd-f1fe-45f0-b3f7-96b62f7d3e3f" testId="b029ccbf-9557-1434-0ca4-c5172780dac1" testName="InsertGetId Test" computerName="Wutang-Lan" duration="00:00:00.0059480" startTime="2026-03-17T07:53:50.9708860+01:00" endTime="2026-03-17T07:53:50.9768340+01:00" testType="13cdc9d9-ddb5-4fa4-a97d-d965ccfc6d4b" outcome="Passed" testListId="8c84fa94-04c1-424b-9868-57a2d4851a1d" relativeResultsDirectory="0baa8bcd-f1fe-45f0-b3f7-96b62f7d3e3f">
      <Output>
        <StdOut>SQL: INSERT INTO [dbo].[ErrorLog] ([ErrorTime], [UserName], [ErrorNumber], [ErrorSeverity], [ErrorState], [ErrorProcedure], [ErrorLine], [ErrorMessage]) VALUES (@p0, @p1, @p2, @p3, @p4, @p5, @p6, @p7);SELECT scope_identity() as Id
- @p0: DateTime: 3/17/2026 7:53:50 AM
- @p1: NVarChar: jmarr
- @p2: Int: 400
- @p3: Int: 
- @p4: Int: 
- @p5: NVarChar: Procedure 400
- @p6: Int: 
- @p7: NVarChar: TEST</StdOut>
      </Output>
    </UnitTestResult>
    <UnitTestResult executionId="2c15da44-6894-4a81-bb5f-43df1352953a" testId="ab722885-2bd0-f5ac-9c45-97f89dbcaa3b" testName="DeleteAsync Test" computerName="Wutang-Lan" duration="00:00:00.0007480" startTime="2026-03-17T07:53:44.1367260+01:00" endTime="2026-03-17T07:53:44.1374730+01:00" testType="13cdc9d9-ddb5-4fa4-a97d-d965ccfc6d4b" outcome="Failed" testListId="8c84fa94-04c1-424b-9868-57a2d4851a1d" relativeResultsDirectory="2c15da44-6894-4a81-bb5f-43df1352953a">
      <Output>
        <ErrorInfo>
          <Message>System.TypeInitializationException : The type initializer for 'Microsoft.Data.Sqlite.SqliteConnection' threw an exception.
  ----&gt; System.Reflection.TargetInvocationException : Exception has been thrown by the target of an invocation.
  ----&gt; System.DllNotFoundException : Unable to load shared library 'e_sqlite3' or one of its dependencies. In order to help diagnose loading problems, consider setting the DYLD_PRINT_LIBRARIES environment variable: 
dlopen(/Users/michaelglass/.local/share/mise/installs/dotnet/10.0.103/shared/Microsoft.NETCore.App/10.0.3/e_sqlite3.dylib, 0x0001): tried: '/Users/michaelglass/.local/share/mise/installs/dotnet/10.0.103/shared/Microsoft.NETCore.App/10.0.3/e_sqlite3.dylib' (no such file), '/System/Volumes/Preboot/Cryptexes/OS/Users/michaelglass/.local/share/mise/installs/dotnet/10.0.103/shared/Microsoft.NETCore.App/10.0.3/e_sqlite3.dylib' (no such file), '/Users/michaelglass/.local/share/mise/installs/dotnet/10.0.103/shared/Microsoft.NETCore.App/10.0.3/e_sqlite3.dylib' (no such file)
dlopen(/Users/michaelglass/Developer/opensource/SqlHydra/.worktrees/postgres-enhancements/src/Tests/bin/Release/net10.0/e_sqlite3.dylib, 0x0001): tried: '/Users/michaelglass/Developer/opensource/SqlHydra/.worktrees/postgres-enhancements/src/Tests/bin/Release/net10.0/e_sqlite3.dylib' (no such file), '/System/Volumes/Preboot/Cryptexes/OS/Users/michaelglass/Developer/opensource/SqlHydra/.worktrees/postgres-enhancements/src/Tests/bin/Release/net10.0/e_sqlite3.dylib' (no such file), '/Users/michaelglass/Developer/opensource/SqlHydra/.worktrees/postgres-enhancements/src/Tests/bin/Release/net10.0/e_sqlite3.dylib' (no such file)
dlopen(e_sqlite3.dylib, 0x0001): tried: 'e_sqlite3.dylib' (no such file), '/System/Volumes/Preboot/Cryptexes/OSe_sqlite3.dylib' (no such file), '/usr/lib/e_sqlite3.dylib' (no such file, not in dyld cache), 'e_sqlite3.dylib' (no such file)
dlopen(/Users/michaelglass/.local/share/mise/installs/dotnet/10.0.103/shared/Microsoft.NETCore.App/10.0.3/libe_sqlite3.dylib, 0x0001): tried: '/Users/michaelglass/.local/share/mise/installs/dotnet/10.0.103/shared/Microsoft.NETCore.App/10.0.3/libe_sqlite3.dylib' (no such file), '/System/Volumes/Preboot/Cryptexes/OS/Users/michaelglass/.local/share/mise/installs/dotnet/10.0.103/shared/Microsoft.NETCore.App/10.0.3/libe_sqlite3.dylib' (no such file), '/Users/michaelglass/.local/share/mise/installs/dotnet/10.0.103/shared/Microsoft.NETCore.App/10.0.3/libe_sqlite3.dylib' (no such file)
dlopen(/Users/michaelglass/Developer/opensource/SqlHydra/.worktrees/postgres-enhancements/src/Tests/bin/Release/net10.0/libe_sqlite3.dylib, 0x0001): tried: '/Users/michaelglass/Developer/opensource/SqlHydra/.worktrees/postgres-enhancements/src/Tests/bin/Release/net10.0/libe_sqlite3.dylib' (no such file), '/System/Volumes/Preboot/Cryptexes/OS/Users/michaelglass/Developer/opensource/SqlHydra/.worktrees/postgres-enhancements/src/Tests/bin/Release/net10.0/libe_sqlite3.dylib' (no such file), '/Users/michaelglass/Developer/opensource/SqlHydra/.worktrees/postgres-enhancements/src/Tests/bin/Release/net10.0/libe_sqlite3.dylib' (no such file)
dlopen(libe_sqlite3.dylib, 0x0001): tried: 'libe_sqlite3.dylib' (no such file), '/System/Volumes/Preboot/Cryptexes/OSlibe_sqlite3.dylib' (no such file), '/usr/lib/libe_sqlite3.dylib' (no such file, not in dyld cache), 'libe_sqlite3.dylib' (no such file)
dlopen(/Users/michaelglass/.local/share/mise/installs/dotnet/10.0.103/shared/Microsoft.NETCore.App/10.0.3/e_sqlite3, 0x0001): tried: '/Users/michaelglass/.local/share/mise/installs/dotnet/10.0.103/shared/Microsoft.NETCore.App/10.0.3/e_sqlite3' (no such file), '/System/Volumes/Preboot/Cryptexes/OS/Users/michaelglass/.local/share/mise/installs/dotnet/10.0.103/shared/Microsoft.NETCore.App/10.0.3/e_sqlite3' (no such file), '/Users/michaelglass/.local/share/mise/installs/dotnet/10.0.103/shared/Microsoft.NETCore.App/10.0.3/e_sqlite3' (no such file)
dlopen(/Users/michaelglass/Developer/opensource/SqlHydra/.worktrees/postgres-enhancements/src/Tests/bin/Release/net10.0/e_sqlite3, 0x0001): tried: '/Users/michaelglass/Developer/opensource/SqlHydra/.worktrees/postgres-enhancements/src/Tests/bin/Release/net10.0/e_sqlite3' (no such file), '/System/Volumes/Preboot/Cryptexes/OS/Users/michaelglass/Developer/opensource/SqlHydra/.worktrees/postgres-enhancements/src/Tests/bin/Release/net10.0/e_sqlite3' (no such file), '/Users/michaelglass/Developer/opensource/SqlHydra/.worktrees/postgres-enhancements/src/Tests/bin/Release/net10.0/e_sqlite3' (no such file)
dlopen(e_sqlite3, 0x0001): tried: 'e_sqlite3' (no such file), '/System/Volumes/Preboot/Cryptexes/OSe_sqlite3' (no such file), '/usr/lib/e_sqlite3' (no such file, not in dyld cache), 'e_sqlite3' (no such file)
dlopen(/Users/michaelglass/.local/share/mise/installs/dotnet/10.0.103/shared/Microsoft.NETCore.App/10.0.3/libe_sqlite3, 0x0001): tried: '/Users/michaelglass/.local/share/mise/installs/dotnet/10.0.103/shared/Microsoft.NETCore.App/10.0.3/libe_sqlite3' (no such file), '/System/Volumes/Preboot/Cryptexes/OS/Users/michaelglass/.local/share/mise/installs/dotnet/10.0.103/shared/Microsoft.NETCore.App/10.0.3/libe_sqlite3' (no such file), '/Users/michaelglass/.local/share/mise/installs/dotnet/10.0.103/shared/Microsoft.NETCore.App/10.0.3/libe_sqlite3' (no such file)
dlopen(/Users/michaelglass/Developer/opensource/SqlHydra/.worktrees/postgres-enhancements/src/Tests/bin/Release/net10.0/libe_sqlite3, 0x0001): tried: '/Users/michaelglass/Developer/opensource/SqlHydra/.worktrees/postgres-enhancements/src/Tests/bin/Release/net10.0/libe_sqlite3' (no such file), '/System/Volumes/Preboot/Cryptexes/OS/Users/michaelglass/Developer/opensource/SqlHydra/.worktrees/postgres-enhancements/src/Tests/bin/Release/net10.0/libe_sqlite3' (no such file), '/Users/michaelglass/Developer/opensource/SqlHydra/.worktrees/postgres-enhancements/src/Tests/bin/Release/net10.0/libe_sqlite3' (no such file)
dlopen(libe_sqlite3, 0x0001): tried: 'libe_sqlite3' (no such file), '/System/Volumes/Preboot/Cryptexes/OSlibe_sqlite3' (no such file), '/usr/lib/libe_sqlite3' (no such file, not in dyld cache), 'libe_sqlite3' (no such file)
</Message>
          <StackTrace>   at Microsoft.Data.Sqlite.SqliteConnection..ctor(String connectionString)
   at &lt;StartupCode$Tests&gt;.$AdventureWorksNet10.Create@216-2.MoveNext() in /Users/michaelglass/Developer/opensource/SqlHydra/.worktrees/postgres-enhancements/src/Tests/Sqlite/AdventureWorksNet10.fs:line 217
   at SqlHydra.Query.SelectBuilders.ContextUtils.getContext@70.MoveNext() in /Users/michaelglass/Developer/opensource/SqlHydra/.worktrees/postgres-enhancements/src/SqlHydra.Query/SelectBuilders.fs:line 71
   at SqlHydra.Query.DeleteBuilders.Run@83-85.MoveNext() in /Users/michaelglass/Developer/opensource/SqlHydra/.worktrees/postgres-enhancements/src/SqlHydra.Query/DeleteBuilders.fs:line 85
   at Sqlite.Query Integration Tests.DeleteAsync Test@216.MoveNext() in /Users/michaelglass/Developer/opensource/SqlHydra/.worktrees/postgres-enhancements/src/Tests/Sqlite/QueryIntegrationTests.fs:line 219
   at NUnit.Framework.Internal.TaskAwaitAdapter.GenericAdapter`1.GetResult()
   at NUnit.Framework.Internal.AsyncToSyncAdapter.Await(Func`1 invoke)
   at NUnit.Framework.Internal.Commands.TestMethodCommand.RunTestMethod(TestExecutionContext context)
   at NUnit.Framework.Internal.Commands.TestMethodCommand.Execute(TestExecutionContext context)
   at NUnit.Framework.Internal.Execution.SimpleWorkItem.&lt;&gt;c__DisplayClass4_0.&lt;PerformWork&gt;b__0()
   at NUnit.Framework.Internal.ContextUtils.&lt;&gt;c__DisplayClass1_0`1.&lt;DoIsolated&gt;b__0(Object _)
   at System.Threading.ExecutionContext.RunInternal(ExecutionContext executionContext, ContextCallback callback, Object state)
--- End of stack trace from previous location ---
   at System.Threading.ExecutionContext.RunInternal(ExecutionContext executionContext, ContextCallback callback, Object state)
   at NUnit.Framework.Internal.ContextUtils.DoIsolated(ContextCallback callback, Object state)
   at NUnit.Framework.Internal.ContextUtils.DoIsolated[T](Func`1 func)
   at NUnit.Framework.Internal.Execution.SimpleWorkItem.PerformWork()
--TargetInvocationException
   at System.Reflection.MethodBaseInvoker.InvokeWithNoArgs(Object obj, BindingFlags invokeAttr)
   at System.Reflection.RuntimeMethodInfo.Invoke(Object obj, BindingFlags invokeAttr, Binder binder, Object[] parameters, CultureInfo culture)
   at Microsoft.Data.Sqlite.Utilities.BundleInitializer.Initialize()
   at Microsoft.Data.Sqlite.SqliteConnection..cctor()
--DllNotFoundException
   at System.Runtime.InteropServices.NativeLibrary.LoadLibraryByName(String libraryName, Assembly assembly, Nullable`1 searchPath, Boolean throwOnError)
   at SQLitePCL.NativeLibrary.Load(String libraryName, Assembly assy, Int32 flags)
   at SQLitePCL.Batteries_V2.MakeDynamic(String name, Int32 flags)
   at SQLitePCL.Batteries_V2.DoDynamic_cdecl(String name, Int32 flags)
   at SQLitePCL.Batteries_V2.Init()
   at System.Reflection.MethodBaseInvoker.InterpretedInvoke_Method(Object obj, IntPtr* args)
   at System.Reflection.MethodBaseInvoker.InvokeWithNoArgs(Object obj, BindingFlags invokeAttr)
</StackTrace>
        </ErrorInfo>
      </Output>
    </UnitTestResult>
    <UnitTestResult executionId="a9bf64fc-a85a-4974-ba28-7b1fb9a4560f" testId="8dffefe2-47e0-c9d2-6ba3-d4e235708c7a" testName="UpdateAsync Set Individual Fields" computerName="Wutang-Lan" duration="00:00:00.0055460" startTime="2026-03-17T07:53:51.1519480+01:00" endTime="2026-03-17T07:53:51.1574940+01:00" testType="13cdc9d9-ddb5-4fa4-a97d-d965ccfc6d4b" outcome="Passed" testListId="8c84fa94-04c1-424b-9868-57a2d4851a1d" relativeResultsDirectory="a9bf64fc-a85a-4974-ba28-7b1fb9a4560f">
      <Output>
        <StdOut>SQL: SELECT * FROM [dbo].[ErrorLog] AS [e]
SQL: UPDATE [dbo].[ErrorLog] SET [ErrorNumber] = @p0, [ErrorMessage] = @p1, [ErrorLine] = @p2, [ErrorProcedure] = @p3 WHERE ([dbo].[ErrorLog].[ErrorLogID] = @p4)
- @p0: Int: 123
- @p1: NVarChar: ERROR #123
- @p2: Int: 999
- @p3: NVarChar: 
- @p4: Int: 16</StdOut>
      </Output>
    </UnitTestResult>
    <UnitTestResult executionId="0f73c9f6-5b5d-48d2-8ee2-f9e4d400d3bb" testId="e05da387-812f-1f8b-2af5-136e5b5614b6" testName="Insert Network" computerName="Wutang-Lan" duration="00:00:00.0192830" startTime="2026-03-17T07:53:42.8297610+01:00" endTime="2026-03-17T07:53:42.8490440+01:00" testType="13cdc9d9-ddb5-4fa4-a97d-d965ccfc6d4b" outcome="Passed" testListId="8c84fa94-04c1-424b-9868-57a2d4851a1d" relativeResultsDirectory="0f73c9f6-5b5d-48d2-8ee2-f9e4d400d3bb">
      <Output>
        <StdOut>SQL: INSERT INTO "network_sample"."network_addresses" ("net_cidr", "net_inet", "net_macaddr", "net_macaddr8") VALUES (@p0, @p1, @p2, @p3)
- @p0: Cidr: ::ffff:1.2.3.0/120
- @p1: Inet: 127.0.0.2
- @p2: MacAddr: 001122334455
- @p3: MacAddr8: 001122334455
SQL: SELECT * FROM "network_sample"."network_addresses" AS "c" WHERE ("c"."net_inet" = @p0)
- @p0: Inet: 127.0.0.2</StdOut>
      </Output>
    </UnitTestResult>
    <UnitTestResult executionId="63e708b4-4aaf-4b40-9e45-fed3f853a271" testId="9ad55fa0-e9b1-8a93-3f3c-ae2d177a6735" testName="Where subqueryOne" computerName="Wutang-Lan" duration="00:00:00.0026620" startTime="2026-03-17T07:53:43.0277870+01:00" endTime="2026-03-17T07:53:43.0304490+01:00" testType="13cdc9d9-ddb5-4fa4-a97d-d965ccfc6d4b" outcome="Passed" testListId="8c84fa94-04c1-424b-9868-57a2d4851a1d" relativeResultsDirectory="63e708b4-4aaf-4b40-9e45-fed3f853a271">
      <Output>
        <StdOut>SQL: SELECT "p"."name", "p"."listprice" FROM "production"."product" AS "p" WHERE ("p"."listprice" &gt; (SELECT AVG("p"."listprice") FROM "production"."product" AS "p"))</StdOut>
      </Output>
    </UnitTestResult>
    <UnitTestResult executionId="2c32d20b-172f-42ba-a35b-ddf0268f213b" testId="70d46b36-ac30-412a-f387-a892b8a4402a" testName="Sorted Aggregates - Top 5 categories with highest avg price products" computerName="Wutang-Lan" duration="00:00:00.0026200" startTime="2026-03-17T07:53:42.9550720+01:00" endTime="2026-03-17T07:53:42.9576920+01:00" testType="13cdc9d9-ddb5-4fa4-a97d-d965ccfc6d4b" outcome="Passed" testListId="8c84fa94-04c1-424b-9868-57a2d4851a1d" relativeResultsDirectory="2c32d20b-172f-42ba-a35b-ddf0268f213b">
      <Output>
        <StdOut>SQL: SELECT "p"."productsubcategoryid", AVG("p"."listprice") FROM "production"."product" AS "p" WHERE ("p"."productsubcategoryid" IS NOT NULL) GROUP BY "p"."productsubcategoryid" ORDER BY AVG(p.listprice) DESC LIMIT @p0
- @p0: 5</StdOut>
      </Output>
    </UnitTestResult>
    <UnitTestResult executionId="153fa96a-8632-4878-84fd-7619587665bc" testId="b7e26edb-814b-b647-89fa-d813de3f9c50" testName="selectExpr Complex" computerName="Wutang-Lan" duration="00:00:00.0000010" startTime="2026-03-17T07:53:51.2611650+01:00" endTime="2026-03-17T07:53:51.2611660+01:00" testType="13cdc9d9-ddb5-4fa4-a97d-d965ccfc6d4b" outcome="NotExecuted" testListId="8c84fa94-04c1-424b-9868-57a2d4851a1d" relativeResultsDirectory="153fa96a-8632-4878-84fd-7619587665bc">
      <Output>
        <StdOut>Temporarily ignore v4 selectExpr tests</StdOut>
        <ErrorInfo>
          <Message>Temporarily ignore v4 selectExpr tests</Message>
        </ErrorInfo>
      </Output>
    </UnitTestResult>
    <UnitTestResult executionId="5d033b59-9d5e-4a6b-ab1c-16f45c87c23a" testId="a7663e86-f1f7-e9fd-e39c-aacaa2084e13" testName="Update should fail without where or updateAll" computerName="Wutang-Lan" duration="00:00:00.0003260" startTime="2026-03-17T07:53:44.1682180+01:00" endTime="2026-03-17T07:53:44.1685440+01:00" testType="13cdc9d9-ddb5-4fa4-a97d-d965ccfc6d4b" outcome="Passed" testListId="8c84fa94-04c1-424b-9868-57a2d4851a1d" relativeResultsDirectory="5d033b59-9d5e-4a6b-ab1c-16f45c87c23a" />
    <UnitTestResult executionId="5ee3f761-90f5-4414-9059-417699da88e7" testId="b53821cb-a450-bbc4-dff0-55a112177289" testName="OnConflictDoUpdate" computerName="Wutang-Lan" duration="00:00:00.0101099" startTime="2026-03-17T07:53:42.8899610+01:00" endTime="2026-03-17T07:53:42.9000700+01:00" testType="13cdc9d9-ddb5-4fa4-a97d-d965ccfc6d4b" outcome="Passed" testListId="8c84fa94-04c1-424b-9868-57a2d4851a1d" relativeResultsDirectory="5ee3f761-90f5-4414-9059-417699da88e7">
      <Output>
        <StdOut>SQL: INSERT INTO "sales"."currency" ("currencycode", "name", "modifieddate") VALUES (@p0, @p1, @p2)
ON CONFLICT(currencycode) DO UPDATE SET
name=EXCLUDED."name"
,modifieddate=EXCLUDED."modifieddate"

;

- @p0: Char: NEW
- @p1: Varchar: New Currency
- @p2: Timestamp: 3/17/2026 12:00:00 AM
SQL: SELECT * FROM "sales"."currency" AS "c" WHERE ("c"."currencycode" = @p0)
- @p0: Char: NEW
SQL: INSERT INTO "sales"."currency" ("currencycode", "name", "modifieddate") VALUES (@p0, @p1, @p2)
ON CONFLICT(currencycode) DO UPDATE SET
name=EXCLUDED."name"
,modifieddate=EXCLUDED."modifieddate"

;

- @p0: Char: NEW
- @p1: Varchar: Edited Currency
- @p2: Timestamp: 3/17/2026 12:00:00 AM
SQL: SELECT * FROM "sales"."currency" AS "c" WHERE ("c"."currencycode" = @p0)
- @p0: Char: NEW</StdOut>
      </Output>
    </UnitTestResult>
    <UnitTestResult executionId="60e100ec-de1b-4418-8a38-1b8c5ab5cdd6" testId="b4a79c5d-2648-5586-751b-554faae11c25" testName="Where with Option Type on Left Joined Table Column" computerName="Wutang-Lan" duration="00:00:00.0008160" startTime="2026-03-17T07:53:43.0735390+01:00" endTime="2026-03-17T07:53:43.0743540+01:00" testType="13cdc9d9-ddb5-4fa4-a97d-d965ccfc6d4b" outcome="Passed" testListId="8c84fa94-04c1-424b-9868-57a2d4851a1d" relativeResultsDirectory="60e100ec-de1b-4418-8a38-1b8c5ab5cdd6" />
    <UnitTestResult executionId="b27cca35-6ae6-46cf-8390-dc7990c75fd0" testId="69438da2-816a-8dc2-8ae0-ad703710ca86" testName="Insert with Returning" computerName="Wutang-Lan" duration="00:00:00.0004700" startTime="2026-03-17T07:53:43.0420410+01:00" endTime="2026-03-17T07:53:43.0425110+01:00" testType="13cdc9d9-ddb5-4fa4-a97d-d965ccfc6d4b" outcome="Passed" testListId="8c84fa94-04c1-424b-9868-57a2d4851a1d" relativeResultsDirectory="b27cca35-6ae6-46cf-8390-dc7990c75fd0" />
    <UnitTestResult executionId="86acfae6-7dff-467b-8127-88a1e898f010" testId="7d13ac2e-832c-2b65-8bc1-e237c64e717e" testName="Insert Query with Identity" computerName="Wutang-Lan" duration="00:00:00.0003840" startTime="2026-03-17T07:53:44.1041540+01:00" endTime="2026-03-17T07:53:44.1045380+01:00" testType="13cdc9d9-ddb5-4fa4-a97d-d965ccfc6d4b" outcome="Passed" testListId="8c84fa94-04c1-424b-9868-57a2d4851a1d" relativeResultsDirectory="86acfae6-7dff-467b-8127-88a1e898f010" />
    <UnitTestResult executionId="032a093d-a228-427b-959c-4084753ad516" testId="f53f672a-8890-fd4d-7768-9fec0202c4a5" testName="selectTask - select p" computerName="Wutang-Lan" duration="00:00:00.0016730" startTime="2026-03-17T07:53:51.3963050+01:00" endTime="2026-03-17T07:53:51.3979770+01:00" testType="13cdc9d9-ddb5-4fa4-a97d-d965ccfc6d4b" outcome="Passed" testListId="8c84fa94-04c1-424b-9868-57a2d4851a1d" relativeResultsDirectory="032a093d-a228-427b-959c-4084753ad516">
      <Output>
        <StdOut>SQL: SELECT [p].* FROM [Person].[Person] AS [p] ORDER BY (SELECT 0) OFFSET @p0 ROWS FETCH NEXT @p1 ROWS ONLY
- @p0: 0
- @p1: 10</StdOut>
      </Output>
    </UnitTestResult>
    <UnitTestResult executionId="4f5f2fb8-bce3-4926-a3a5-01b288299fb4" testId="daf1ad4a-ad4a-787b-4f87-028cdcaa4017" testName="Where Customer |=| Array" computerName="Wutang-Lan" duration="00:00:00.0003910" startTime="2026-03-17T07:53:44.1768680+01:00" endTime="2026-03-17T07:53:44.1772600+01:00" testType="13cdc9d9-ddb5-4fa4-a97d-d965ccfc6d4b" outcome="Passed" testListId="8c84fa94-04c1-424b-9868-57a2d4851a1d" relativeResultsDirectory="4f5f2fb8-bce3-4926-a3a5-01b288299fb4" />
    <UnitTestResult executionId="f328ce8a-421e-4eec-bd42-f341df4e80fa" testId="6bf3efa4-62a1-1614-76a0-7ec2169ba1cf" testName="Delete Country" computerName="Wutang-Lan" duration="00:00:00.3825890" startTime="2026-03-17T07:53:43.5803100+01:00" endTime="2026-03-17T07:53:43.9629020+01:00" testType="13cdc9d9-ddb5-4fa4-a97d-d965ccfc6d4b" outcome="Passed" testListId="8c84fa94-04c1-424b-9868-57a2d4851a1d" relativeResultsDirectory="f328ce8a-421e-4eec-bd42-f341df4e80fa">
      <Output>
        <StdOut>SQL: DELETE FROM "OT"."COUNTRIES" WHERE ("OT"."COUNTRIES"."COUNTRY_ID" = :p0)
- :p0: obj: WL
SQL: SELECT * FROM "OT"."COUNTRIES" "c" WHERE ("c"."COUNTRY_ID" = :p0)
- :p0: obj: WL</StdOut>
      </Output>
    </UnitTestResult>
    <UnitTestResult executionId="b0e464a7-29c6-49ec-8393-b202c0f1b4c1" testId="33128db1-443b-5d02-891e-ca3926479884" testName="Where Customer |&lt;&gt;| List" computerName="Wutang-Lan" duration="00:00:00.0005080" startTime="2026-03-17T07:53:51.2700920+01:00" endTime="2026-03-17T07:53:51.2706000+01:00" testType="13cdc9d9-ddb5-4fa4-a97d-d965ccfc6d4b" outcome="Passed" testListId="8c84fa94-04c1-424b-9868-57a2d4851a1d" relativeResultsDirectory="b0e464a7-29c6-49ec-8393-b202c0f1b4c1" />
    <UnitTestResult executionId="f5b9c888-860d-40a7-b7e7-cbf6d6ef8d8e" testId="91db98cb-2171-1b83-b26d-3fad8a53b206" testName="InsertGetIdAsync Test" computerName="Wutang-Lan" duration="00:00:00.0007890" startTime="2026-03-17T07:53:44.1428760+01:00" endTime="2026-03-17T07:53:44.1436640+01:00" testType="13cdc9d9-ddb5-4fa4-a97d-d965ccfc6d4b" outcome="Failed" testListId="8c84fa94-04c1-424b-9868-57a2d4851a1d" relativeResultsDirectory="f5b9c888-860d-40a7-b7e7-cbf6d6ef8d8e">
      <Output>
        <ErrorInfo>
          <Message>System.TypeInitializationException : The type initializer for 'Microsoft.Data.Sqlite.SqliteConnection' threw an exception.
  ----&gt; System.Reflection.TargetInvocationException : Exception has been thrown by the target of an invocation.
  ----&gt; System.DllNotFoundException : Unable to load shared library 'e_sqlite3' or one of its dependencies. In order to help diagnose loading problems, consider setting the DYLD_PRINT_LIBRARIES environment variable: 
dlopen(/Users/michaelglass/.local/share/mise/installs/dotnet/10.0.103/shared/Microsoft.NETCore.App/10.0.3/e_sqlite3.dylib, 0x0001): tried: '/Users/michaelglass/.local/share/mise/installs/dotnet/10.0.103/shared/Microsoft.NETCore.App/10.0.3/e_sqlite3.dylib' (no such file), '/System/Volumes/Preboot/Cryptexes/OS/Users/michaelglass/.local/share/mise/installs/dotnet/10.0.103/shared/Microsoft.NETCore.App/10.0.3/e_sqlite3.dylib' (no such file), '/Users/michaelglass/.local/share/mise/installs/dotnet/10.0.103/shared/Microsoft.NETCore.App/10.0.3/e_sqlite3.dylib' (no such file)
dlopen(/Users/michaelglass/Developer/opensource/SqlHydra/.worktrees/postgres-enhancements/src/Tests/bin/Release/net10.0/e_sqlite3.dylib, 0x0001): tried: '/Users/michaelglass/Developer/opensource/SqlHydra/.worktrees/postgres-enhancements/src/Tests/bin/Release/net10.0/e_sqlite3.dylib' (no such file), '/System/Volumes/Preboot/Cryptexes/OS/Users/michaelglass/Developer/opensource/SqlHydra/.worktrees/postgres-enhancements/src/Tests/bin/Release/net10.0/e_sqlite3.dylib' (no such file), '/Users/michaelglass/Developer/opensource/SqlHydra/.worktrees/postgres-enhancements/src/Tests/bin/Release/net10.0/e_sqlite3.dylib' (no such file)
dlopen(e_sqlite3.dylib, 0x0001): tried: 'e_sqlite3.dylib' (no such file), '/System/Volumes/Preboot/Cryptexes/OSe_sqlite3.dylib' (no such file), '/usr/lib/e_sqlite3.dylib' (no such file, not in dyld cache), 'e_sqlite3.dylib' (no such file)
dlopen(/Users/michaelglass/.local/share/mise/installs/dotnet/10.0.103/shared/Microsoft.NETCore.App/10.0.3/libe_sqlite3.dylib, 0x0001): tried: '/Users/michaelglass/.local/share/mise/installs/dotnet/10.0.103/shared/Microsoft.NETCore.App/10.0.3/libe_sqlite3.dylib' (no such file), '/System/Volumes/Preboot/Cryptexes/OS/Users/michaelglass/.local/share/mise/installs/dotnet/10.0.103/shared/Microsoft.NETCore.App/10.0.3/libe_sqlite3.dylib' (no such file), '/Users/michaelglass/.local/share/mise/installs/dotnet/10.0.103/shared/Microsoft.NETCore.App/10.0.3/libe_sqlite3.dylib' (no such file)
dlopen(/Users/michaelglass/Developer/opensource/SqlHydra/.worktrees/postgres-enhancements/src/Tests/bin/Release/net10.0/libe_sqlite3.dylib, 0x0001): tried: '/Users/michaelglass/Developer/opensource/SqlHydra/.worktrees/postgres-enhancements/src/Tests/bin/Release/net10.0/libe_sqlite3.dylib' (no such file), '/System/Volumes/Preboot/Cryptexes/OS/Users/michaelglass/Developer/opensource/SqlHydra/.worktrees/postgres-enhancements/src/Tests/bin/Release/net10.0/libe_sqlite3.dylib' (no such file), '/Users/michaelglass/Developer/opensource/SqlHydra/.worktrees/postgres-enhancements/src/Tests/bin/Release/net10.0/libe_sqlite3.dylib' (no such file)
dlopen(libe_sqlite3.dylib, 0x0001): tried: 'libe_sqlite3.dylib' (no such file), '/System/Volumes/Preboot/Cryptexes/OSlibe_sqlite3.dylib' (no such file), '/usr/lib/libe_sqlite3.dylib' (no such file, not in dyld cache), 'libe_sqlite3.dylib' (no such file)
dlopen(/Users/michaelglass/.local/share/mise/installs/dotnet/10.0.103/shared/Microsoft.NETCore.App/10.0.3/e_sqlite3, 0x0001): tried: '/Users/michaelglass/.local/share/mise/installs/dotnet/10.0.103/shared/Microsoft.NETCore.App/10.0.3/e_sqlite3' (no such file), '/System/Volumes/Preboot/Cryptexes/OS/Users/michaelglass/.local/share/mise/installs/dotnet/10.0.103/shared/Microsoft.NETCore.App/10.0.3/e_sqlite3' (no such file), '/Users/michaelglass/.local/share/mise/installs/dotnet/10.0.103/shared/Microsoft.NETCore.App/10.0.3/e_sqlite3' (no such file)
dlopen(/Users/michaelglass/Developer/opensource/SqlHydra/.worktrees/postgres-enhancements/src/Tests/bin/Release/net10.0/e_sqlite3, 0x0001): tried: '/Users/michaelglass/Developer/opensource/SqlHydra/.worktrees/postgres-enhancements/src/Tests/bin/Release/net10.0/e_sqlite3' (no such file), '/System/Volumes/Preboot/Cryptexes/OS/Users/michaelglass/Developer/opensource/SqlHydra/.worktrees/postgres-enhancements/src/Tests/bin/Release/net10.0/e_sqlite3' (no such file), '/Users/michaelglass/Developer/opensource/SqlHydra/.worktrees/postgres-enhancements/src/Tests/bin/Release/net10.0/e_sqlite3' (no such file)
dlopen(e_sqlite3, 0x0001): tried: 'e_sqlite3' (no such file), '/System/Volumes/Preboot/Cryptexes/OSe_sqlite3' (no such file), '/usr/lib/e_sqlite3' (no such file, not in dyld cache), 'e_sqlite3' (no such file)
dlopen(/Users/michaelglass/.local/share/mise/installs/dotnet/10.0.103/shared/Microsoft.NETCore.App/10.0.3/libe_sqlite3, 0x0001): tried: '/Users/michaelglass/.local/share/mise/installs/dotnet/10.0.103/shared/Microsoft.NETCore.App/10.0.3/libe_sqlite3' (no such file), '/System/Volumes/Preboot/Cryptexes/OS/Users/michaelglass/.local/share/mise/installs/dotnet/10.0.103/shared/Microsoft.NETCore.App/10.0.3/libe_sqlite3' (no such file), '/Users/michaelglass/.local/share/mise/installs/dotnet/10.0.103/shared/Microsoft.NETCore.App/10.0.3/libe_sqlite3' (no such file)
dlopen(/Users/michaelglass/Developer/opensource/SqlHydra/.worktrees/postgres-enhancements/src/Tests/bin/Release/net10.0/libe_sqlite3, 0x0001): tried: '/Users/michaelglass/Developer/opensource/SqlHydra/.worktrees/postgres-enhancements/src/Tests/bin/Release/net10.0/libe_sqlite3' (no such file), '/System/Volumes/Preboot/Cryptexes/OS/Users/michaelglass/Developer/opensource/SqlHydra/.worktrees/postgres-enhancements/src/Tests/bin/Release/net10.0/libe_sqlite3' (no such file), '/Users/michaelglass/Developer/opensource/SqlHydra/.worktrees/postgres-enhancements/src/Tests/bin/Release/net10.0/libe_sqlite3' (no such file)
dlopen(libe_sqlite3, 0x0001): tried: 'libe_sqlite3' (no such file), '/System/Volumes/Preboot/Cryptexes/OSlibe_sqlite3' (no such file), '/usr/lib/libe_sqlite3' (no such file, not in dyld cache), 'libe_sqlite3' (no such file)
</Message>
          <StackTrace>   at Microsoft.Data.Sqlite.SqliteConnection..ctor(String connectionString)
   at &lt;StartupCode$Tests&gt;.$AdventureWorksNet10.Create@216-2.MoveNext() in /Users/michaelglass/Developer/opensource/SqlHydra/.worktrees/postgres-enhancements/src/Tests/Sqlite/AdventureWorksNet10.fs:line 217
   at SqlHydra.Query.SelectBuilders.ContextUtils.getContext@70.MoveNext() in /Users/michaelglass/Developer/opensource/SqlHydra/.worktrees/postgres-enhancements/src/SqlHydra.Query/SelectBuilders.fs:line 71
   at SqlHydra.Query.InsertBuilders.Run@131-61.MoveNext() in /Users/michaelglass/Developer/opensource/SqlHydra/.worktrees/postgres-enhancements/src/SqlHydra.Query/InsertBuilders.fs:line 132
   at Sqlite.Query Integration Tests.InsertGetIdAsync Test@124.MoveNext() in /Users/michaelglass/Developer/opensource/SqlHydra/.worktrees/postgres-enhancements/src/Tests/Sqlite/QueryIntegrationTests.fs:line 140
   at NUnit.Framework.Internal.TaskAwaitAdapter.GenericAdapter`1.GetResult()
   at NUnit.Framework.Internal.AsyncToSyncAdapter.Await(Func`1 invoke)
   at NUnit.Framework.Internal.Commands.TestMethodCommand.RunTestMethod(TestExecutionContext context)
   at NUnit.Framework.Internal.Commands.TestMethodCommand.Execute(TestExecutionContext context)
   at NUnit.Framework.Internal.Execution.SimpleWorkItem.&lt;&gt;c__DisplayClass4_0.&lt;PerformWork&gt;b__0()
   at NUnit.Framework.Internal.ContextUtils.&lt;&gt;c__DisplayClass1_0`1.&lt;DoIsolated&gt;b__0(Object _)
   at System.Threading.ExecutionContext.RunInternal(ExecutionContext executionContext, ContextCallback callback, Object state)
--- End of stack trace from previous location ---
   at System.Threading.ExecutionContext.RunInternal(ExecutionContext executionContext, ContextCallback callback, Object state)
   at NUnit.Framework.Internal.ContextUtils.DoIsolated(ContextCallback callback, Object state)
   at NUnit.Framework.Internal.ContextUtils.DoIsolated[T](Func`1 func)
   at NUnit.Framework.Internal.Execution.SimpleWorkItem.PerformWork()
--TargetInvocationException
   at System.Reflection.MethodBaseInvoker.InvokeWithNoArgs(Object obj, BindingFlags invokeAttr)
   at System.Reflection.RuntimeMethodInfo.Invoke(Object obj, BindingFlags invokeAttr, Binder binder, Object[] parameters, CultureInfo culture)
   at Microsoft.Data.Sqlite.Utilities.BundleInitializer.Initialize()
   at Microsoft.Data.Sqlite.SqliteConnection..cctor()
--DllNotFoundException
   at System.Runtime.InteropServices.NativeLibrary.LoadLibraryByName(String libraryName, Assembly assembly, Nullable`1 searchPath, Boolean throwOnError)
   at SQLitePCL.NativeLibrary.Load(String libraryName, Assembly assy, Int32 flags)
   at SQLitePCL.Batteries_V2.MakeDynamic(String name, Int32 flags)
   at SQLitePCL.Batteries_V2.DoDynamic_cdecl(String name, Int32 flags)
   at SQLitePCL.Batteries_V2.Init()
   at System.Reflection.MethodBaseInvoker.InterpretedInvoke_Method(Object obj, IntPtr* args)
   at System.Reflection.MethodBaseInvoker.InvokeWithNoArgs(Object obj, BindingFlags invokeAttr)
</StackTrace>
        </ErrorInfo>
      </Output>
    </UnitTestResult>
    <UnitTestResult executionId="4b350a7d-7a71-4390-945d-f919b0f22d3f" testId="cc096b26-1ad7-816c-837e-7d97b3bbc7b7" testName="Inner Join" computerName="Wutang-Lan" duration="00:00:00.0007180" startTime="2026-03-17T07:53:44.1034200+01:00" endTime="2026-03-17T07:53:44.1041380+01:00" testType="13cdc9d9-ddb5-4fa4-a97d-d965ccfc6d4b" outcome="Passed" testListId="8c84fa94-04c1-424b-9868-57a2d4851a1d" relativeResultsDirectory="4b350a7d-7a71-4390-945d-f919b0f22d3f" />
    <UnitTestResult executionId="595b05e5-8112-4a49-b69b-c6a2d35fe7d5" testId="e81be611-9671-b375-d22d-2bcc006dd72d" testName="Insert OnConflictDoNothing with Where" computerName="Wutang-Lan" duration="00:00:00.0017820" startTime="2026-03-17T07:53:43.0398590+01:00" endTime="2026-03-17T07:53:43.0416410+01:00" testType="13cdc9d9-ddb5-4fa4-a97d-d965ccfc6d4b" outcome="Passed" testListId="8c84fa94-04c1-424b-9868-57a2d4851a1d" relativeResultsDirectory="595b05e5-8112-4a49-b69b-c6a2d35fe7d5" />
    <UnitTestResult executionId="2cb0d8e5-d419-4f74-8321-953efc8d9ecb" testId="2c6826dd-8ac4-f89b-a629-e31cdad15e11" testName="Query Employee Record with DateOnly" computerName="Wutang-Lan" duration="00:00:00.0119440" startTime="2026-03-17T07:53:42.9126490+01:00" endTime="2026-03-17T07:53:42.9245920+01:00" testType="13cdc9d9-ddb5-4fa4-a97d-d965ccfc6d4b" outcome="Passed" testListId="8c84fa94-04c1-424b-9868-57a2d4851a1d" relativeResultsDirectory="2cb0d8e5-d419-4f74-8321-953efc8d9ecb">
      <Output>
        <StdOut>SQL: SELECT "e".* FROM "humanresources"."employee" AS "e"</StdOut>
      </Output>
    </UnitTestResult>
    <UnitTestResult executionId="8b723745-ad01-43fb-a04f-83c46ba14ad8" testId="b7ab5246-7856-e5bd-14ee-081dbc0422b9" testName="Inner Join - Multi Column" computerName="Wutang-Lan" duration="00:00:00.0009050" startTime="2026-03-17T07:53:51.2438020+01:00" endTime="2026-03-17T07:53:51.2447070+01:00" testType="13cdc9d9-ddb5-4fa4-a97d-d965ccfc6d4b" outcome="Passed" testListId="8c84fa94-04c1-424b-9868-57a2d4851a1d" relativeResultsDirectory="8b723745-ad01-43fb-a04f-83c46ba14ad8" />
    <UnitTestResult executionId="051fcfde-5c6a-423a-a2e4-b5cff732c2f3" testId="bba059e6-93c3-cc78-8cf6-a0abf992452d" testName="Select 1 Column" computerName="Wutang-Lan" duration="00:00:00.0003350" startTime="2026-03-17T07:53:44.1647030+01:00" endTime="2026-03-17T07:53:44.1650380+01:00" testType="13cdc9d9-ddb5-4fa4-a97d-d965ccfc6d4b" outcome="Passed" testListId="8c84fa94-04c1-424b-9868-57a2d4851a1d" relativeResultsDirectory="051fcfde-5c6a-423a-a2e4-b5cff732c2f3" />
    <UnitTestResult executionId="fb27b669-2311-4584-aca9-9b9af0885895" testId="26581660-d208-7bab-0de6-76767596f6c3" testName="OnConflictDoUpdate" computerName="Wutang-Lan" duration="00:00:00.0010660" startTime="2026-03-17T07:53:44.1447580+01:00" endTime="2026-03-17T07:53:44.1458240+01:00" testType="13cdc9d9-ddb5-4fa4-a97d-d965ccfc6d4b" outcome="Failed" testListId="8c84fa94-04c1-424b-9868-57a2d4851a1d" relativeResultsDirectory="fb27b669-2311-4584-aca9-9b9af0885895">
      <Output>
        <ErrorInfo>
          <Message>System.TypeInitializationException : The type initializer for 'Microsoft.Data.Sqlite.SqliteConnection' threw an exception.
  ----&gt; System.Reflection.TargetInvocationException : Exception has been thrown by the target of an invocation.
  ----&gt; System.DllNotFoundException : Unable to load shared library 'e_sqlite3' or one of its dependencies. In order to help diagnose loading problems, consider setting the DYLD_PRINT_LIBRARIES environment variable: 
dlopen(/Users/michaelglass/.local/share/mise/installs/dotnet/10.0.103/shared/Microsoft.NETCore.App/10.0.3/e_sqlite3.dylib, 0x0001): tried: '/Users/michaelglass/.local/share/mise/installs/dotnet/10.0.103/shared/Microsoft.NETCore.App/10.0.3/e_sqlite3.dylib' (no such file), '/System/Volumes/Preboot/Cryptexes/OS/Users/michaelglass/.local/share/mise/installs/dotnet/10.0.103/shared/Microsoft.NETCore.App/10.0.3/e_sqlite3.dylib' (no such file), '/Users/michaelglass/.local/share/mise/installs/dotnet/10.0.103/shared/Microsoft.NETCore.App/10.0.3/e_sqlite3.dylib' (no such file)
dlopen(/Users/michaelglass/Developer/opensource/SqlHydra/.worktrees/postgres-enhancements/src/Tests/bin/Release/net10.0/e_sqlite3.dylib, 0x0001): tried: '/Users/michaelglass/Developer/opensource/SqlHydra/.worktrees/postgres-enhancements/src/Tests/bin/Release/net10.0/e_sqlite3.dylib' (no such file), '/System/Volumes/Preboot/Cryptexes/OS/Users/michaelglass/Developer/opensource/SqlHydra/.worktrees/postgres-enhancements/src/Tests/bin/Release/net10.0/e_sqlite3.dylib' (no such file), '/Users/michaelglass/Developer/opensource/SqlHydra/.worktrees/postgres-enhancements/src/Tests/bin/Release/net10.0/e_sqlite3.dylib' (no such file)
dlopen(e_sqlite3.dylib, 0x0001): tried: 'e_sqlite3.dylib' (no such file), '/System/Volumes/Preboot/Cryptexes/OSe_sqlite3.dylib' (no such file), '/usr/lib/e_sqlite3.dylib' (no such file, not in dyld cache), 'e_sqlite3.dylib' (no such file)
dlopen(/Users/michaelglass/.local/share/mise/installs/dotnet/10.0.103/shared/Microsoft.NETCore.App/10.0.3/libe_sqlite3.dylib, 0x0001): tried: '/Users/michaelglass/.local/share/mise/installs/dotnet/10.0.103/shared/Microsoft.NETCore.App/10.0.3/libe_sqlite3.dylib' (no such file), '/System/Volumes/Preboot/Cryptexes/OS/Users/michaelglass/.local/share/mise/installs/dotnet/10.0.103/shared/Microsoft.NETCore.App/10.0.3/libe_sqlite3.dylib' (no such file), '/Users/michaelglass/.local/share/mise/installs/dotnet/10.0.103/shared/Microsoft.NETCore.App/10.0.3/libe_sqlite3.dylib' (no such file)
dlopen(/Users/michaelglass/Developer/opensource/SqlHydra/.worktrees/postgres-enhancements/src/Tests/bin/Release/net10.0/libe_sqlite3.dylib, 0x0001): tried: '/Users/michaelglass/Developer/opensource/SqlHydra/.worktrees/postgres-enhancements/src/Tests/bin/Release/net10.0/libe_sqlite3.dylib' (no such file), '/System/Volumes/Preboot/Cryptexes/OS/Users/michaelglass/Developer/opensource/SqlHydra/.worktrees/postgres-enhancements/src/Tests/bin/Release/net10.0/libe_sqlite3.dylib' (no such file), '/Users/michaelglass/Developer/opensource/SqlHydra/.worktrees/postgres-enhancements/src/Tests/bin/Release/net10.0/libe_sqlite3.dylib' (no such file)
dlopen(libe_sqlite3.dylib, 0x0001): tried: 'libe_sqlite3.dylib' (no such file), '/System/Volumes/Preboot/Cryptexes/OSlibe_sqlite3.dylib' (no such file), '/usr/lib/libe_sqlite3.dylib' (no such file, not in dyld cache), 'libe_sqlite3.dylib' (no such file)
dlopen(/Users/michaelglass/.local/share/mise/installs/dotnet/10.0.103/shared/Microsoft.NETCore.App/10.0.3/e_sqlite3, 0x0001): tried: '/Users/michaelglass/.local/share/mise/installs/dotnet/10.0.103/shared/Microsoft.NETCore.App/10.0.3/e_sqlite3' (no such file), '/System/Volumes/Preboot/Cryptexes/OS/Users/michaelglass/.local/share/mise/installs/dotnet/10.0.103/shared/Microsoft.NETCore.App/10.0.3/e_sqlite3' (no such file), '/Users/michaelglass/.local/share/mise/installs/dotnet/10.0.103/shared/Microsoft.NETCore.App/10.0.3/e_sqlite3' (no such file)
dlopen(/Users/michaelglass/Developer/opensource/SqlHydra/.worktrees/postgres-enhancements/src/Tests/bin/Release/net10.0/e_sqlite3, 0x0001): tried: '/Users/michaelglass/Developer/opensource/SqlHydra/.worktrees/postgres-enhancements/src/Tests/bin/Release/net10.0/e_sqlite3' (no such file), '/System/Volumes/Preboot/Cryptexes/OS/Users/michaelglass/Developer/opensource/SqlHydra/.worktrees/postgres-enhancements/src/Tests/bin/Release/net10.0/e_sqlite3' (no such file), '/Users/michaelglass/Developer/opensource/SqlHydra/.worktrees/postgres-enhancements/src/Tests/bin/Release/net10.0/e_sqlite3' (no such file)
dlopen(e_sqlite3, 0x0001): tried: 'e_sqlite3' (no such file), '/System/Volumes/Preboot/Cryptexes/OSe_sqlite3' (no such file), '/usr/lib/e_sqlite3' (no such file, not in dyld cache), 'e_sqlite3' (no such file)
dlopen(/Users/michaelglass/.local/share/mise/installs/dotnet/10.0.103/shared/Microsoft.NETCore.App/10.0.3/libe_sqlite3, 0x0001): tried: '/Users/michaelglass/.local/share/mise/installs/dotnet/10.0.103/shared/Microsoft.NETCore.App/10.0.3/libe_sqlite3' (no such file), '/System/Volumes/Preboot/Cryptexes/OS/Users/michaelglass/.local/share/mise/installs/dotnet/10.0.103/shared/Microsoft.NETCore.App/10.0.3/libe_sqlite3' (no such file), '/Users/michaelglass/.local/share/mise/installs/dotnet/10.0.103/shared/Microsoft.NETCore.App/10.0.3/libe_sqlite3' (no such file)
dlopen(/Users/michaelglass/Developer/opensource/SqlHydra/.worktrees/postgres-enhancements/src/Tests/bin/Release/net10.0/libe_sqlite3, 0x0001): tried: '/Users/michaelglass/Developer/opensource/SqlHydra/.worktrees/postgres-enhancements/src/Tests/bin/Release/net10.0/libe_sqlite3' (no such file), '/System/Volumes/Preboot/Cryptexes/OS/Users/michaelglass/Developer/opensource/SqlHydra/.worktrees/postgres-enhancements/src/Tests/bin/Release/net10.0/libe_sqlite3' (no such file), '/Users/michaelglass/Developer/opensource/SqlHydra/.worktrees/postgres-enhancements/src/Tests/bin/Release/net10.0/libe_sqlite3' (no such file)
dlopen(libe_sqlite3, 0x0001): tried: 'libe_sqlite3' (no such file), '/System/Volumes/Preboot/Cryptexes/OSlibe_sqlite3' (no such file), '/usr/lib/libe_sqlite3' (no such file, not in dyld cache), 'libe_sqlite3' (no such file)
</Message>
          <StackTrace>   at Microsoft.Data.Sqlite.SqliteConnection..ctor(String connectionString)
   at &lt;StartupCode$Tests&gt;.$AdventureWorksNet10.Create@216-2.MoveNext() in /Users/michaelglass/Developer/opensource/SqlHydra/.worktrees/postgres-enhancements/src/Tests/Sqlite/AdventureWorksNet10.fs:line 217
   at Sqlite.Query Integration Tests.OnConflictDoUpdate@351.MoveNext() in /Users/michaelglass/Developer/opensource/SqlHydra/.worktrees/postgres-enhancements/src/Tests/Sqlite/QueryIntegrationTests.fs:line 352
   at NUnit.Framework.Internal.TaskAwaitAdapter.GenericAdapter`1.GetResult()
   at NUnit.Framework.Internal.AsyncToSyncAdapter.Await(Func`1 invoke)
   at NUnit.Framework.Internal.Commands.TestMethodCommand.RunTestMethod(TestExecutionContext context)
   at NUnit.Framework.Internal.Commands.TestMethodCommand.Execute(TestExecutionContext context)
   at NUnit.Framework.Internal.Execution.SimpleWorkItem.&lt;&gt;c__DisplayClass4_0.&lt;PerformWork&gt;b__0()
   at NUnit.Framework.Internal.ContextUtils.&lt;&gt;c__DisplayClass1_0`1.&lt;DoIsolated&gt;b__0(Object _)
   at System.Threading.ExecutionContext.RunInternal(ExecutionContext executionContext, ContextCallback callback, Object state)
--- End of stack trace from previous location ---
   at System.Threading.ExecutionContext.RunInternal(ExecutionContext executionContext, ContextCallback callback, Object state)
   at NUnit.Framework.Internal.ContextUtils.DoIsolated(ContextCallback callback, Object state)
   at NUnit.Framework.Internal.ContextUtils.DoIsolated[T](Func`1 func)
   at NUnit.Framework.Internal.Execution.SimpleWorkItem.PerformWork()
--TargetInvocationException
   at System.Reflection.MethodBaseInvoker.InvokeWithNoArgs(Object obj, BindingFlags invokeAttr)
   at System.Reflection.RuntimeMethodInfo.Invoke(Object obj, BindingFlags invokeAttr, Binder binder, Object[] parameters, CultureInfo culture)
   at Microsoft.Data.Sqlite.Utilities.BundleInitializer.Initialize()
   at Microsoft.Data.Sqlite.SqliteConnection..cctor()
--DllNotFoundException
   at System.Runtime.InteropServices.NativeLibrary.LoadLibraryByName(String libraryName, Assembly assembly, Nullable`1 searchPath, Boolean throwOnError)
   at SQLitePCL.NativeLibrary.Load(String libraryName, Assembly assy, Int32 flags)
   at SQLitePCL.Batteries_V2.MakeDynamic(String name, Int32 flags)
   at SQLitePCL.Batteries_V2.DoDynamic_cdecl(String name, Int32 flags)
   at SQLitePCL.Batteries_V2.Init()
   at System.Reflection.MethodBaseInvoker.InterpretedInvoke_Method(Object obj, IntPtr* args)
   at System.Reflection.MethodBaseInvoker.InvokeWithNoArgs(Object obj, BindingFlags invokeAttr)
</StackTrace>
        </ErrorInfo>
      </Output>
    </UnitTestResult>
    <UnitTestResult executionId="5ab9d596-84b9-485a-8bc7-dcc8a3a31e80" testId="688c046b-cecf-866e-d1ff-51f7133a011a" testName="Where subqueryMany" computerName="Wutang-Lan" duration="00:00:00.0044070" startTime="2026-03-17T07:53:51.2108280+01:00" endTime="2026-03-17T07:53:51.2152350+01:00" testType="13cdc9d9-ddb5-4fa4-a97d-d965ccfc6d4b" outcome="Passed" testListId="8c84fa94-04c1-424b-9868-57a2d4851a1d" relativeResultsDirectory="5ab9d596-84b9-485a-8bc7-dcc8a3a31e80">
      <Output>
        <StdOut>SQL: SELECT [c].[Name] FROM [Production].[ProductCategory] AS [c] WHERE ([c].[ProductCategoryID] IN (SELECT [p].[ProductSubcategoryID] FROM [Production].[Product] AS [p] WHERE ([p].[ProductSubcategoryID] IS NOT NULL) GROUP BY [p].[ProductSubcategoryID] ORDER BY AVG(p.ListPrice) DESC OFFSET @p0 ROWS FETCH NEXT @p1 ROWS ONLY))
- @p0: 0
- @p1: 5</StdOut>
      </Output>
    </UnitTestResult>
    <UnitTestResult executionId="bde7f0ea-469e-4b16-b76b-b107701a3a40" testId="8bc110ba-3385-7c41-9b48-3e5de0c7c371" testName="Left Join" computerName="Wutang-Lan" duration="00:00:00.0000010" startTime="2026-03-17T07:53:51.2490450+01:00" endTime="2026-03-17T07:53:51.2490460+01:00" testType="13cdc9d9-ddb5-4fa4-a97d-d965ccfc6d4b" outcome="NotExecuted" testListId="8c84fa94-04c1-424b-9868-57a2d4851a1d" relativeResultsDirectory="bde7f0ea-469e-4b16-b76b-b107701a3a40">
      <Output>
        <StdOut>Temporarily ignoring test for emergency fix</StdOut>
        <ErrorInfo>
          <Message>Temporarily ignoring test for emergency fix</Message>
        </ErrorInfo>
      </Output>
    </UnitTestResult>
    <UnitTestResult executionId="d8e97380-3be4-4003-9cda-202d275bc6a4" testId="433f4329-91b2-ad51-01ab-3c97ee6d069f" testName="Select 2 Columns" computerName="Wutang-Lan" duration="00:00:00.0003460" startTime="2026-03-17T07:53:44.1114430+01:00" endTime="2026-03-17T07:53:44.1117880+01:00" testType="13cdc9d9-ddb5-4fa4-a97d-d965ccfc6d4b" outcome="Passed" testListId="8c84fa94-04c1-424b-9868-57a2d4851a1d" relativeResultsDirectory="d8e97380-3be4-4003-9cda-202d275bc6a4" />
    <UnitTestResult executionId="89a4497a-93c2-4ef6-9a8e-e861370189f2" testId="15ebce1c-4080-aa5e-1804-054617f9de7c" testName="Where Not Like" computerName="Wutang-Lan" duration="00:00:00.0003579" startTime="2026-03-17T07:53:44.1809180+01:00" endTime="2026-03-17T07:53:44.1812760+01:00" testType="13cdc9d9-ddb5-4fa4-a97d-d965ccfc6d4b" outcome="Passed" testListId="8c84fa94-04c1-424b-9868-57a2d4851a1d" relativeResultsDirectory="89a4497a-93c2-4ef6-9a8e-e861370189f2" />
    <UnitTestResult executionId="0f9b6da4-16d7-495a-82d0-0f40aa5a0fd3" testId="01dcbc32-b258-0ae5-c24d-407781ad9dfb" testName="Select 1 Column" computerName="Wutang-Lan" duration="00:00:00.0003890" startTime="2026-03-17T07:53:51.2559880+01:00" endTime="2026-03-17T07:53:51.2563770+01:00" testType="13cdc9d9-ddb5-4fa4-a97d-d965ccfc6d4b" outcome="Passed" testListId="8c84fa94-04c1-424b-9868-57a2d4851a1d" relativeResultsDirectory="0f9b6da4-16d7-495a-82d0-0f40aa5a0fd3" />
    <UnitTestResult executionId="0c6f44c9-4556-4e6e-9070-ebbe74fd7a46" testId="3fb20681-c79b-6d66-90d5-54ad1b7b9679" testName="Where bool option is false" computerName="Wutang-Lan" duration="00:00:00.0004970" startTime="2026-03-17T07:53:51.2684050+01:00" endTime="2026-03-17T07:53:51.2689020+01:00" testType="13cdc9d9-ddb5-4fa4-a97d-d965ccfc6d4b" outcome="Passed" testListId="8c84fa94-04c1-424b-9868-57a2d4851a1d" relativeResultsDirectory="0c6f44c9-4556-4e6e-9070-ebbe74fd7a46" />
    <UnitTestResult executionId="a3c416e2-1e46-48f2-9f8a-908fa8b474da" testId="00929822-3097-838e-f884-6809f9bb7847" testName="Select City Column Where City Starts with S" computerName="Wutang-Lan" duration="00:00:00.0089540" startTime="2026-03-17T07:53:51.0492250+01:00" endTime="2026-03-17T07:53:51.0581800+01:00" testType="13cdc9d9-ddb5-4fa4-a97d-d965ccfc6d4b" outcome="Passed" testListId="8c84fa94-04c1-424b-9868-57a2d4851a1d" relativeResultsDirectory="a3c416e2-1e46-48f2-9f8a-908fa8b474da">
      <Output>
        <StdOut>SQL: SELECT [a].[City] FROM [Person].[Address] AS [a] WHERE (LOWER([a].[City]) like @p0)
- @p0: s%</StdOut>
      </Output>
    </UnitTestResult>
    <UnitTestResult executionId="279c706d-8ca7-4470-b40a-d6b8667e644c" testId="ceb8e2fc-7e6d-0bf3-251c-1d3cebe6b415" testName="Count Test Task" computerName="Wutang-Lan" duration="00:00:00.0050000" startTime="2026-03-17T07:53:44.3079520+01:00" endTime="2026-03-17T07:53:44.3129520+01:00" testType="13cdc9d9-ddb5-4fa4-a97d-d965ccfc6d4b" outcome="Passed" testListId="8c84fa94-04c1-424b-9868-57a2d4851a1d" relativeResultsDirectory="279c706d-8ca7-4470-b40a-d6b8667e644c">
      <Output>
        <StdOut>SQL: INSERT INTO [dbo].[ErrorLog] ([ErrorTime], [UserName], [ErrorNumber], [ErrorSeverity], [ErrorState], [ErrorProcedure], [ErrorLine], [ErrorMessage]) VALUES (@p0, @p1, @p2, @p3, @p4, @p5, @p6, @p7);SELECT scope_identity() as Id
- @p0: DateTime: 3/17/2026 7:53:44 AM
- @p1: NVarChar: jmarr
- @p2: Int: 400
- @p3: Int: 
- @p4: Int: 
- @p5: NVarChar: Procedure 400
- @p6: Int: 
- @p7: NVarChar: TEST INSERT ASYNC
SQL: INSERT INTO [dbo].[ErrorLog] ([ErrorTime], [UserName], [ErrorNumber], [ErrorSeverity], [ErrorState], [ErrorProcedure], [ErrorLine], [ErrorMessage]) VALUES (@p0, @p1, @p2, @p3, @p4, @p5, @p6, @p7);SELECT scope_identity() as Id
- @p0: DateTime: 3/17/2026 7:53:44 AM
- @p1: NVarChar: jmarr
- @p2: Int: 400
- @p3: Int: 
- @p4: Int: 
- @p5: NVarChar: Procedure 400
- @p6: Int: 
- @p7: NVarChar: TEST INSERT ASYNC
SQL: INSERT INTO [dbo].[ErrorLog] ([ErrorTime], [UserName], [ErrorNumber], [ErrorSeverity], [ErrorState], [ErrorProcedure], [ErrorLine], [ErrorMessage]) VALUES (@p0, @p1, @p2, @p3, @p4, @p5, @p6, @p7);SELECT scope_identity() as Id
- @p0: DateTime: 3/17/2026 7:53:44 AM
- @p1: NVarChar: jmarr
- @p2: Int: 400
- @p3: Int: 
- @p4: Int: 
- @p5: NVarChar: Procedure 400
- @p6: Int: 
- @p7: NVarChar: TEST INSERT ASYNC
SQL: SELECT COUNT(*) AS [count] FROM [dbo].[ErrorLog] AS [e]</StdOut>
      </Output>
    </UnitTestResult>
    <UnitTestResult executionId="f5ae7725-9de3-4119-816b-8cd951779763" testId="00b4ba41-0652-2650-f192-83fa9fd206f5" testName="Product with Category name" computerName="Wutang-Lan" duration="00:00:00.0069370" startTime="2026-03-17T07:53:42.9000910+01:00" endTime="2026-03-17T07:53:42.9070280+01:00" testType="13cdc9d9-ddb5-4fa4-a97d-d965ccfc6d4b" outcome="Passed" testListId="8c84fa94-04c1-424b-9868-57a2d4851a1d" relativeResultsDirectory="f5ae7725-9de3-4119-816b-8cd951779763">
      <Output>
        <StdOut>SQL: SELECT "c"."name", "p".* FROM "production"."product" AS "p" 
INNER JOIN "production"."productsubcategory" AS "sc" ON ("p"."productsubcategoryid" = "sc"."productsubcategoryid")
INNER JOIN "production"."productcategory" AS "c" ON ("sc"."productcategoryid" = "c"."productcategoryid") LIMIT @p0
- @p0: 5</StdOut>
      </Output>
    </UnitTestResult>
    <UnitTestResult executionId="05e72e6f-8e45-466c-a813-62537f82c366" testId="70180574-cdef-9ca8-7a78-c1c5bab010f7" testName="Delete All" computerName="Wutang-Lan" duration="00:00:00.0003310" startTime="2026-03-17T07:53:43.0349850+01:00" endTime="2026-03-17T07:53:43.0353160+01:00" testType="13cdc9d9-ddb5-4fa4-a97d-d965ccfc6d4b" outcome="Passed" testListId="8c84fa94-04c1-424b-9868-57a2d4851a1d" relativeResultsDirectory="05e72e6f-8e45-466c-a813-62537f82c366" />
    <UnitTestResult executionId="e9fdfee2-f8a9-442b-ad00-9bd18f8e9e77" testId="3449c2ca-5515-2c9c-1d8a-341952cfafa0" testName="Update Set Individual Fields" computerName="Wutang-Lan" duration="00:00:00.0067810" startTime="2026-03-17T07:53:51.1990590+01:00" endTime="2026-03-17T07:53:51.2058400+01:00" testType="13cdc9d9-ddb5-4fa4-a97d-d965ccfc6d4b" outcome="Passed" testListId="8c84fa94-04c1-424b-9868-57a2d4851a1d" relativeResultsDirectory="e9fdfee2-f8a9-442b-ad00-9bd18f8e9e77">
      <Output>
        <StdOut>SQL: SELECT * FROM [dbo].[ErrorLog] AS [e]
SQL: UPDATE [dbo].[ErrorLog] SET [ErrorNumber] = @p0, [ErrorMessage] = @p1, [ErrorLine] = @p2, [ErrorProcedure] = @p3 WHERE ([dbo].[ErrorLog].[ErrorLogID] = @p4)
- @p0: Int: 123
- @p1: NVarChar: ERROR #123
- @p2: Int: 999
- @p3: NVarChar: 
- @p4: Int: 16</StdOut>
      </Output>
    </UnitTestResult>
    <UnitTestResult executionId="feaa657e-4eed-4689-add3-22df0045daa7" testId="17ea7f3c-0a7d-95eb-0a33-9b5eb1367152" testName="UpdateAsync Set Individual Fields" computerName="Wutang-Lan" duration="00:00:00.0049590" startTime="2026-03-17T07:53:51.2058590+01:00" endTime="2026-03-17T07:53:51.2108170+01:00" testType="13cdc9d9-ddb5-4fa4-a97d-d965ccfc6d4b" outcome="Passed" testListId="8c84fa94-04c1-424b-9868-57a2d4851a1d" relativeResultsDirectory="feaa657e-4eed-4689-add3-22df0045daa7">
      <Output>
        <StdOut>SQL: SELECT * FROM [dbo].[ErrorLog] AS [e]
SQL: UPDATE [dbo].[ErrorLog] SET [ErrorNumber] = @p0, [ErrorProcedure] = @p1 WHERE ([dbo].[ErrorLog].[ErrorLogID] = @p2)
- @p0: Int: 124
- @p1: NVarChar: 
- @p2: Int: 16</StdOut>
      </Output>
    </UnitTestResult>
    <UnitTestResult executionId="aee2cf55-005f-4024-9673-f9bcfa925f96" testId="d2214d74-de07-955c-200b-338ab26ffb14" testName="HierarchyId not supported for MS SQL Issue 110" computerName="Wutang-Lan" duration="00:00:00.0177750" startTime="2026-03-17T07:53:44.3854000+01:00" endTime="2026-03-17T07:53:44.4031750+01:00" testType="13cdc9d9-ddb5-4fa4-a97d-d965ccfc6d4b" outcome="Passed" testListId="8c84fa94-04c1-424b-9868-57a2d4851a1d" relativeResultsDirectory="aee2cf55-005f-4024-9673-f9bcfa925f96">
      <Output>
        <StdOut>SQL: INSERT INTO [ext].[HierarchyIdSupport] ([Id], [Hierarchy]) VALUES (@p0, @p1)
- @p0: UniqueIdentifier: 62aca26b-ebe4-4a13-a830-37fcbe758afb
- @p1: SqlHierarchyId: /1/1/
SQL: INSERT INTO [ext].[HierarchyIdSupport] ([Id], [Hierarchy]) VALUES (@p0, @p1)
- @p0: UniqueIdentifier: 14ef7002-3aeb-4fae-8e3c-20521618dae5
- @p1: SqlHierarchyId: /1/1/1/
SQL: SELECT [row].[Hierarchy] FROM [ext].[HierarchyIdSupport] AS [row] WHERE (([row].[Id] = @p0) AND ([row].[Hierarchy] = @p1))
- @p0: UniqueIdentifier: 62aca26b-ebe4-4a13-a830-37fcbe758afb
- @p1: SqlHierarchyId: /1/1/</StdOut>
      </Output>
    </UnitTestResult>
    <UnitTestResult executionId="c564bca4-bb44-4750-9094-4bfabe851856" testId="4b27d952-f414-3cb7-186a-26d6ae87b7ca" testName="Update Query with Where" computerName="Wutang-Lan" duration="00:00:00.0004970" startTime="2026-03-17T07:53:43.0573550+01:00" endTime="2026-03-17T07:53:43.0578520+01:00" testType="13cdc9d9-ddb5-4fa4-a97d-d965ccfc6d4b" outcome="Passed" testListId="8c84fa94-04c1-424b-9868-57a2d4851a1d" relativeResultsDirectory="c564bca4-bb44-4750-9094-4bfabe851856" />
    <UnitTestResult executionId="35bd9b7c-4012-4527-8c65-174c5be76a5a" testId="d67012cd-2d32-57c5-7133-b76cc4224253" testName="Conditional Where And Clauses, Neither True" computerName="Wutang-Lan" duration="00:00:00.0006730" startTime="2026-03-17T07:53:51.2282410+01:00" endTime="2026-03-17T07:53:51.2289130+01:00" testType="13cdc9d9-ddb5-4fa4-a97d-d965ccfc6d4b" outcome="Passed" testListId="8c84fa94-04c1-424b-9868-57a2d4851a1d" relativeResultsDirectory="35bd9b7c-4012-4527-8c65-174c5be76a5a" />
    <UnitTestResult executionId="90e3057e-2eaa-4026-b7ce-85601b3af098" testId="a64f7b8f-5ea2-481f-7090-59c14bcf28fb" testName="Where Customer |=| List" computerName="Wutang-Lan" duration="00:00:00.0004230" startTime="2026-03-17T07:53:51.2710410+01:00" endTime="2026-03-17T07:53:51.2714640+01:00" testType="13cdc9d9-ddb5-4fa4-a97d-d965ccfc6d4b" outcome="Passed" testListId="8c84fa94-04c1-424b-9868-57a2d4851a1d" relativeResultsDirectory="90e3057e-2eaa-4026-b7ce-85601b3af098" />
    <UnitTestResult executionId="d64a4c23-c8a3-4a64-ba52-c9026876a762" testId="a81261f9-8f1f-de2a-8ee0-7da2cd13c02e" testName="Update should pass because where exists" computerName="Wutang-Lan" duration="00:00:00.0003330" startTime="2026-03-17T07:53:51.2663680+01:00" endTime="2026-03-17T07:53:51.2667010+01:00" testType="13cdc9d9-ddb5-4fa4-a97d-d965ccfc6d4b" outcome="Passed" testListId="8c84fa94-04c1-424b-9868-57a2d4851a1d" relativeResultsDirectory="d64a4c23-c8a3-4a64-ba52-c9026876a762" />
    <UnitTestResult executionId="16a93d0e-1fbe-48c2-9c5d-4143d02b56f0" testId="e7c6be5e-319e-f834-b297-f9ad81faedb2" testName="Where with AND and OR in Parenthesis" computerName="Wutang-Lan" duration="00:00:00.0003950" startTime="2026-03-17T07:53:44.1226940+01:00" endTime="2026-03-17T07:53:44.1230890+01:00" testType="13cdc9d9-ddb5-4fa4-a97d-d965ccfc6d4b" outcome="Passed" testListId="8c84fa94-04c1-424b-9868-57a2d4851a1d" relativeResultsDirectory="16a93d0e-1fbe-48c2-9c5d-4143d02b56f0" />
    <UnitTestResult executionId="54c6124f-5b12-42c8-b1eb-49f218598fdc" testId="84ada68b-b7d0-7d51-6e14-93772e2ae664" testName="Update should pass because where exists" computerName="Wutang-Lan" duration="00:00:00.0019030" startTime="2026-03-17T07:53:44.1138740+01:00" endTime="2026-03-17T07:53:44.1157770+01:00" testType="13cdc9d9-ddb5-4fa4-a97d-d965ccfc6d4b" outcome="Passed" testListId="8c84fa94-04c1-424b-9868-57a2d4851a1d" relativeResultsDirectory="54c6124f-5b12-42c8-b1eb-49f218598fdc" />
    <UnitTestResult executionId="d6b765ea-2c31-4fe7-8d29-38422528a619" testId="073f02c5-228c-2e00-daf1-af87d1387069" testName="Select Column Aggregates" computerName="Wutang-Lan" duration="00:00:00.0073550" startTime="2026-03-17T07:53:42.9388460+01:00" endTime="2026-03-17T07:53:42.9462010+01:00" testType="13cdc9d9-ddb5-4fa4-a97d-d965ccfc6d4b" outcome="Passed" testListId="8c84fa94-04c1-424b-9868-57a2d4851a1d" relativeResultsDirectory="d6b765ea-2c31-4fe7-8d29-38422528a619">
      <Output>
        <StdOut>SQL: SELECT "p"."productsubcategoryid", MIN("p"."listprice"), MAX("p"."listprice") FROM "production"."product" AS "p" WHERE ("p"."productsubcategoryid" IS NOT NULL) AND ("p"."productsubcategoryid" IN (@p0, @p1, @p2)) GROUP BY "p"."productsubcategoryid"
- @p0: Integer: 1
- @p1: Integer: 2
- @p2: Integer: 3</StdOut>
      </Output>
    </UnitTestResult>
    <UnitTestResult executionId="3d378634-00f1-4530-8484-f73177b6e701" testId="3fb8a489-7041-5f9b-6e4b-f1a4a7a62c92" testName="Left Join with on' - Multi Column" computerName="Wutang-Lan" duration="00:00:00.0008630" startTime="2026-03-17T07:53:51.2511360+01:00" endTime="2026-03-17T07:53:51.2519990+01:00" testType="13cdc9d9-ddb5-4fa4-a97d-d965ccfc6d4b" outcome="Passed" testListId="8c84fa94-04c1-424b-9868-57a2d4851a1d" relativeResultsDirectory="3d378634-00f1-4530-8484-f73177b6e701" />
    <UnitTestResult executionId="b51cd1a4-db79-4bca-a158-590ea9c38814" testId="1ce2fd8c-bd04-4fb1-1448-33f4c598f206" testName="Insert Currency" computerName="Wutang-Lan" duration="00:00:00.0051590" startTime="2026-03-17T07:53:42.8245810+01:00" endTime="2026-03-17T07:53:42.8297400+01:00" testType="13cdc9d9-ddb5-4fa4-a97d-d965ccfc6d4b" outcome="Passed" testListId="8c84fa94-04c1-424b-9868-57a2d4851a1d" relativeResultsDirectory="b51cd1a4-db79-4bca-a158-590ea9c38814">
      <Output>
        <StdOut>SQL: INSERT INTO "sales"."currency" ("currencycode", "name", "modifieddate") VALUES (@p0, @p1, @p2)
- @p0: Char: BTC
- @p1: Varchar: BitCoin
- @p2: Timestamp: 3/17/2026 12:00:00 AM
SQL: SELECT * FROM "sales"."currency" AS "c" WHERE ("c"."currencycode" = @p0)
- @p0: Char: BTC</StdOut>
      </Output>
    </UnitTestResult>
    <UnitTestResult executionId="42c1f02f-3efb-4953-b5fb-4b3310f0e8e0" testId="f91df7d1-8b0d-1ec3-8518-430c5fc044aa" testName="SQL Functions - ISNULL with non-optional column" computerName="Wutang-Lan" duration="00:00:00.0023390" startTime="2026-03-17T07:53:51.0861880+01:00" endTime="2026-03-17T07:53:51.0885270+01:00" testType="13cdc9d9-ddb5-4fa4-a97d-d965ccfc6d4b" outcome="Passed" testListId="8c84fa94-04c1-424b-9868-57a2d4851a1d" relativeResultsDirectory="42c1f02f-3efb-4953-b5fb-4b3310f0e8e0">
      <Output>
        <StdOut>SQL: SELECT ISNULL([p].[FirstName], 'Unknown') FROM [Person].[Person] AS [p] WHERE ([p].[FirstName] = @p0) ORDER BY (SELECT 0) OFFSET @p1 ROWS FETCH NEXT @p2 ROWS ONLY
- @p0: NVarChar: Ken
- @p1: 0
- @p2: 1</StdOut>
      </Output>
    </UnitTestResult>
    <UnitTestResult executionId="11c02a26-fd94-49aa-adb1-a1353c393b7a" testId="1a114cb9-02f1-053b-f4ca-8324ccc238eb" testName="Inner Join Orders-Details" computerName="Wutang-Lan" duration="00:00:06.5313280" startTime="2026-03-17T07:53:44.4091220+01:00" endTime="2026-03-17T07:53:50.9405110+01:00" testType="13cdc9d9-ddb5-4fa4-a97d-d965ccfc6d4b" outcome="Passed" testListId="8c84fa94-04c1-424b-9868-57a2d4851a1d" relativeResultsDirectory="11c02a26-fd94-49aa-adb1-a1353c393b7a">
      <Output>
        <StdOut>SQL: SELECT [o].*, [d].* FROM [Sales].[SalesOrderHeader] AS [o] 
INNER JOIN [Sales].[SalesOrderDetail] AS [d] ON ([o].[SalesOrderID] = [d].[SalesOrderID]) WHERE ([o].[OnlineOrderFlag] = cast(1 as bit))</StdOut>
      </Output>
    </UnitTestResult>
    <UnitTestResult executionId="3e1d2d73-abc2-463e-86fa-bc9d94705c60" testId="51dcc997-df8a-a833-87ac-9f1d3855dde6" testName="selectTask - select columns into - mapList column" computerName="Wutang-Lan" duration="00:00:00.0013550" startTime="2026-03-17T07:53:51.3935880+01:00" endTime="2026-03-17T07:53:51.3949430+01:00" testType="13cdc9d9-ddb5-4fa4-a97d-d965ccfc6d4b" outcome="Passed" testListId="8c84fa94-04c1-424b-9868-57a2d4851a1d" relativeResultsDirectory="3e1d2d73-abc2-463e-86fa-bc9d94705c60">
      <Output>
        <StdOut>SQL: SELECT Concat([p].[FirstName], ' ', [p].[LastName]) FROM [Person].[Person] AS [p] ORDER BY (SELECT 0) OFFSET @p0 ROWS FETCH NEXT @p1 ROWS ONLY
- @p0: 0
- @p1: 10</StdOut>
      </Output>
    </UnitTestResult>
    <UnitTestResult executionId="cb6263fa-45a6-4033-b5c2-d1c077b2a62e" testId="c7fc23af-4b1a-7c5d-2692-3fd32dc2b83a" testName="insertOrUpdateOnUnique updates when row present" computerName="Wutang-Lan" duration="00:00:00.0050050" startTime="2026-03-17T07:53:50.9951610+01:00" endTime="2026-03-17T07:53:51.0001670+01:00" testType="13cdc9d9-ddb5-4fa4-a97d-d965ccfc6d4b" outcome="Passed" testListId="8c84fa94-04c1-424b-9868-57a2d4851a1d" relativeResultsDirectory="cb6263fa-45a6-4033-b5c2-d1c077b2a62e">
      <Output>
        <StdOut>SQL: INSERT INTO [ext].[GetIdGuidRepro] ([Id], [EmailAddress]) VALUES (@p0, @p1)
- @p0: UniqueIdentifier: beb0b5af-6d06-42bc-91d9-8f5a694f01f4
- @p1: NChar: original@test.com
SQL: 
BEGIN TRY
    INSERT INTO [ext].[GetIdGuidRepro] ([Id], [EmailAddress]) VALUES (@p0, @p1)
END TRY
BEGIN CATCH
    DECLARE @err INT = ERROR_NUMBER();
    IF @err NOT IN (2627, 2601) THROW;

    UPDATE t SET [EmailAddress] = @__update_EmailAddress
    FROM [ext].[GetIdGuidRepro] AS t
    WHERE (
        (t.[Id] = @__key_Id OR (t.[Id] IS NULL AND @__key_Id IS NULL))
    );

    IF @@ROWCOUNT = 0
    BEGIN
        INSERT INTO [ext].[GetIdGuidRepro] ([Id], [EmailAddress]) VALUES (@p0, @p1)
    END
END CATCH;
- @p0: UniqueIdentifier: beb0b5af-6d06-42bc-91d9-8f5a694f01f4
- @p1: NChar: updated@test.com
SQL: SELECT [e].[EmailAddress] FROM [ext].[GetIdGuidRepro] AS [e] WHERE ([e].[Id] = @p0)
- @p0: UniqueIdentifier: beb0b5af-6d06-42bc-91d9-8f5a694f01f4</StdOut>
      </Output>
    </UnitTestResult>
    <UnitTestResult executionId="6c11c117-02b0-497d-a991-2bd2583954bb" testId="4cd60bb9-6068-dd5c-06b4-fd119a543585" testName="Conditional OrderBy" computerName="Wutang-Lan" duration="00:00:00.0006579" startTime="2026-03-17T07:53:51.2269500+01:00" endTime="2026-03-17T07:53:51.2276080+01:00" testType="13cdc9d9-ddb5-4fa4-a97d-d965ccfc6d4b" outcome="Passed" testListId="8c84fa94-04c1-424b-9868-57a2d4851a1d" relativeResultsDirectory="6c11c117-02b0-497d-a991-2bd2583954bb" />
    <UnitTestResult executionId="261ecab7-ff17-4286-9f56-aae0855f23d9" testId="c858c1e3-866d-fde6-50df-be7b8b75cd18" testName="Correlated Subquery" computerName="Wutang-Lan" duration="00:00:00.0013310" startTime="2026-03-17T07:53:44.1548320+01:00" endTime="2026-03-17T07:53:44.1561630+01:00" testType="13cdc9d9-ddb5-4fa4-a97d-d965ccfc6d4b" outcome="Passed" testListId="8c84fa94-04c1-424b-9868-57a2d4851a1d" relativeResultsDirectory="261ecab7-ff17-4286-9f56-aae0855f23d9" />
    <UnitTestResult executionId="69f35d05-761a-423d-8c6a-1ccca3376851" testId="9b6f858f-47ee-706e-7650-5063da192377" testName="Where with Option Type After Join" computerName="Wutang-Lan" duration="00:00:00.0009690" startTime="2026-03-17T07:53:43.0707310+01:00" endTime="2026-03-17T07:53:43.0717000+01:00" testType="13cdc9d9-ddb5-4fa4-a97d-d965ccfc6d4b" outcome="Passed" testListId="8c84fa94-04c1-424b-9868-57a2d4851a1d" relativeResultsDirectory="69f35d05-761a-423d-8c6a-1ccca3376851" />
    <UnitTestResult executionId="1320d226-e582-4b9f-b239-f5d692c4b07d" testId="c8d8ce4a-15bb-c46e-93d1-b1c7b21ef229" testName="Correlated Subquery" computerName="Wutang-Lan" duration="00:00:00.0011820" startTime="2026-03-17T07:53:44.1007260+01:00" endTime="2026-03-17T07:53:44.1019080+01:00" testType="13cdc9d9-ddb5-4fa4-a97d-d965ccfc6d4b" outcome="Passed" testListId="8c84fa94-04c1-424b-9868-57a2d4851a1d" relativeResultsDirectory="1320d226-e582-4b9f-b239-f5d692c4b07d" />
    <UnitTestResult executionId="81aa16e0-fc59-43ee-b51d-512efb1cdc03" testId="4ec40b3c-086e-e95a-2c69-0c8355ae3aa4" testName="Delete Test" computerName="Wutang-Lan" duration="00:00:00.0021920" startTime="2026-03-17T07:53:44.1345230+01:00" endTime="2026-03-17T07:53:44.1367150+01:00" testType="13cdc9d9-ddb5-4fa4-a97d-d965ccfc6d4b" outcome="Failed" testListId="8c84fa94-04c1-424b-9868-57a2d4851a1d" relativeResultsDirectory="81aa16e0-fc59-43ee-b51d-512efb1cdc03">
      <Output>
        <ErrorInfo>
          <Message>System.TypeInitializationException : The type initializer for 'Microsoft.Data.Sqlite.SqliteConnection' threw an exception.
  ----&gt; System.Reflection.TargetInvocationException : Exception has been thrown by the target of an invocation.
  ----&gt; System.DllNotFoundException : Unable to load shared library 'e_sqlite3' or one of its dependencies. In order to help diagnose loading problems, consider setting the DYLD_PRINT_LIBRARIES environment variable: 
dlopen(/Users/michaelglass/.local/share/mise/installs/dotnet/10.0.103/shared/Microsoft.NETCore.App/10.0.3/e_sqlite3.dylib, 0x0001): tried: '/Users/michaelglass/.local/share/mise/installs/dotnet/10.0.103/shared/Microsoft.NETCore.App/10.0.3/e_sqlite3.dylib' (no such file), '/System/Volumes/Preboot/Cryptexes/OS/Users/michaelglass/.local/share/mise/installs/dotnet/10.0.103/shared/Microsoft.NETCore.App/10.0.3/e_sqlite3.dylib' (no such file), '/Users/michaelglass/.local/share/mise/installs/dotnet/10.0.103/shared/Microsoft.NETCore.App/10.0.3/e_sqlite3.dylib' (no such file)
dlopen(/Users/michaelglass/Developer/opensource/SqlHydra/.worktrees/postgres-enhancements/src/Tests/bin/Release/net10.0/e_sqlite3.dylib, 0x0001): tried: '/Users/michaelglass/Developer/opensource/SqlHydra/.worktrees/postgres-enhancements/src/Tests/bin/Release/net10.0/e_sqlite3.dylib' (no such file), '/System/Volumes/Preboot/Cryptexes/OS/Users/michaelglass/Developer/opensource/SqlHydra/.worktrees/postgres-enhancements/src/Tests/bin/Release/net10.0/e_sqlite3.dylib' (no such file), '/Users/michaelglass/Developer/opensource/SqlHydra/.worktrees/postgres-enhancements/src/Tests/bin/Release/net10.0/e_sqlite3.dylib' (no such file)
dlopen(e_sqlite3.dylib, 0x0001): tried: 'e_sqlite3.dylib' (no such file), '/System/Volumes/Preboot/Cryptexes/OSe_sqlite3.dylib' (no such file), '/usr/lib/e_sqlite3.dylib' (no such file, not in dyld cache), 'e_sqlite3.dylib' (no such file)
dlopen(/Users/michaelglass/.local/share/mise/installs/dotnet/10.0.103/shared/Microsoft.NETCore.App/10.0.3/libe_sqlite3.dylib, 0x0001): tried: '/Users/michaelglass/.local/share/mise/installs/dotnet/10.0.103/shared/Microsoft.NETCore.App/10.0.3/libe_sqlite3.dylib' (no such file), '/System/Volumes/Preboot/Cryptexes/OS/Users/michaelglass/.local/share/mise/installs/dotnet/10.0.103/shared/Microsoft.NETCore.App/10.0.3/libe_sqlite3.dylib' (no such file), '/Users/michaelglass/.local/share/mise/installs/dotnet/10.0.103/shared/Microsoft.NETCore.App/10.0.3/libe_sqlite3.dylib' (no such file)
dlopen(/Users/michaelglass/Developer/opensource/SqlHydra/.worktrees/postgres-enhancements/src/Tests/bin/Release/net10.0/libe_sqlite3.dylib, 0x0001): tried: '/Users/michaelglass/Developer/opensource/SqlHydra/.worktrees/postgres-enhancements/src/Tests/bin/Release/net10.0/libe_sqlite3.dylib' (no such file), '/System/Volumes/Preboot/Cryptexes/OS/Users/michaelglass/Developer/opensource/SqlHydra/.worktrees/postgres-enhancements/src/Tests/bin/Release/net10.0/libe_sqlite3.dylib' (no such file), '/Users/michaelglass/Developer/opensource/SqlHydra/.worktrees/postgres-enhancements/src/Tests/bin/Release/net10.0/libe_sqlite3.dylib' (no such file)
dlopen(libe_sqlite3.dylib, 0x0001): tried: 'libe_sqlite3.dylib' (no such file), '/System/Volumes/Preboot/Cryptexes/OSlibe_sqlite3.dylib' (no such file), '/usr/lib/libe_sqlite3.dylib' (no such file, not in dyld cache), 'libe_sqlite3.dylib' (no such file)
dlopen(/Users/michaelglass/.local/share/mise/installs/dotnet/10.0.103/shared/Microsoft.NETCore.App/10.0.3/e_sqlite3, 0x0001): tried: '/Users/michaelglass/.local/share/mise/installs/dotnet/10.0.103/shared/Microsoft.NETCore.App/10.0.3/e_sqlite3' (no such file), '/System/Volumes/Preboot/Cryptexes/OS/Users/michaelglass/.local/share/mise/installs/dotnet/10.0.103/shared/Microsoft.NETCore.App/10.0.3/e_sqlite3' (no such file), '/Users/michaelglass/.local/share/mise/installs/dotnet/10.0.103/shared/Microsoft.NETCore.App/10.0.3/e_sqlite3' (no such file)
dlopen(/Users/michaelglass/Developer/opensource/SqlHydra/.worktrees/postgres-enhancements/src/Tests/bin/Release/net10.0/e_sqlite3, 0x0001): tried: '/Users/michaelglass/Developer/opensource/SqlHydra/.worktrees/postgres-enhancements/src/Tests/bin/Release/net10.0/e_sqlite3' (no such file), '/System/Volumes/Preboot/Cryptexes/OS/Users/michaelglass/Developer/opensource/SqlHydra/.worktrees/postgres-enhancements/src/Tests/bin/Release/net10.0/e_sqlite3' (no such file), '/Users/michaelglass/Developer/opensource/SqlHydra/.worktrees/postgres-enhancements/src/Tests/bin/Release/net10.0/e_sqlite3' (no such file)
dlopen(e_sqlite3, 0x0001): tried: 'e_sqlite3' (no such file), '/System/Volumes/Preboot/Cryptexes/OSe_sqlite3' (no such file), '/usr/lib/e_sqlite3' (no such file, not in dyld cache), 'e_sqlite3' (no such file)
dlopen(/Users/michaelglass/.local/share/mise/installs/dotnet/10.0.103/shared/Microsoft.NETCore.App/10.0.3/libe_sqlite3, 0x0001): tried: '/Users/michaelglass/.local/share/mise/installs/dotnet/10.0.103/shared/Microsoft.NETCore.App/10.0.3/libe_sqlite3' (no such file), '/System/Volumes/Preboot/Cryptexes/OS/Users/michaelglass/.local/share/mise/installs/dotnet/10.0.103/shared/Microsoft.NETCore.App/10.0.3/libe_sqlite3' (no such file), '/Users/michaelglass/.local/share/mise/installs/dotnet/10.0.103/shared/Microsoft.NETCore.App/10.0.3/libe_sqlite3' (no such file)
dlopen(/Users/michaelglass/Developer/opensource/SqlHydra/.worktrees/postgres-enhancements/src/Tests/bin/Release/net10.0/libe_sqlite3, 0x0001): tried: '/Users/michaelglass/Developer/opensource/SqlHydra/.worktrees/postgres-enhancements/src/Tests/bin/Release/net10.0/libe_sqlite3' (no such file), '/System/Volumes/Preboot/Cryptexes/OS/Users/michaelglass/Developer/opensource/SqlHydra/.worktrees/postgres-enhancements/src/Tests/bin/Release/net10.0/libe_sqlite3' (no such file), '/Users/michaelglass/Developer/opensource/SqlHydra/.worktrees/postgres-enhancements/src/Tests/bin/Release/net10.0/libe_sqlite3' (no such file)
dlopen(libe_sqlite3, 0x0001): tried: 'libe_sqlite3' (no such file), '/System/Volumes/Preboot/Cryptexes/OSlibe_sqlite3' (no such file), '/usr/lib/libe_sqlite3' (no such file, not in dyld cache), 'libe_sqlite3' (no such file)
</Message>
          <StackTrace>   at Microsoft.Data.Sqlite.SqliteConnection..ctor(String connectionString)
   at &lt;StartupCode$Tests&gt;.$AdventureWorksNet10.Create@216-2.MoveNext() in /Users/michaelglass/Developer/opensource/SqlHydra/.worktrees/postgres-enhancements/src/Tests/Sqlite/AdventureWorksNet10.fs:line 217
   at SqlHydra.Query.SelectBuilders.ContextUtils.getContext@70.MoveNext() in /Users/michaelglass/Developer/opensource/SqlHydra/.worktrees/postgres-enhancements/src/SqlHydra.Query/SelectBuilders.fs:line 71
   at SqlHydra.Query.DeleteBuilders.Run@83-85.MoveNext() in /Users/michaelglass/Developer/opensource/SqlHydra/.worktrees/postgres-enhancements/src/SqlHydra.Query/DeleteBuilders.fs:line 85
   at Sqlite.Query Integration Tests.Delete Test@205.MoveNext() in /Users/michaelglass/Developer/opensource/SqlHydra/.worktrees/postgres-enhancements/src/Tests/Sqlite/QueryIntegrationTests.fs:line 208
   at NUnit.Framework.Internal.TaskAwaitAdapter.GenericAdapter`1.GetResult()
   at NUnit.Framework.Internal.AsyncToSyncAdapter.Await(Func`1 invoke)
   at NUnit.Framework.Internal.Commands.TestMethodCommand.RunTestMethod(TestExecutionContext context)
   at NUnit.Framework.Internal.Commands.TestMethodCommand.Execute(TestExecutionContext context)
   at NUnit.Framework.Internal.Execution.SimpleWorkItem.&lt;&gt;c__DisplayClass4_0.&lt;PerformWork&gt;b__0()
   at NUnit.Framework.Internal.ContextUtils.&lt;&gt;c__DisplayClass1_0`1.&lt;DoIsolated&gt;b__0(Object _)
   at System.Threading.ExecutionContext.RunInternal(ExecutionContext executionContext, ContextCallback callback, Object state)
--- End of stack trace from previous location ---
   at System.Threading.ExecutionContext.RunInternal(ExecutionContext executionContext, ContextCallback callback, Object state)
   at NUnit.Framework.Internal.ContextUtils.DoIsolated(ContextCallback callback, Object state)
   at NUnit.Framework.Internal.ContextUtils.DoIsolated[T](Func`1 func)
   at NUnit.Framework.Internal.Execution.SimpleWorkItem.PerformWork()
--TargetInvocationException
   at System.Reflection.MethodBaseInvoker.InvokeWithNoArgs(Object obj, BindingFlags invokeAttr)
   at System.Reflection.RuntimeMethodInfo.Invoke(Object obj, BindingFlags invokeAttr, Binder binder, Object[] parameters, CultureInfo culture)
   at Microsoft.Data.Sqlite.Utilities.BundleInitializer.Initialize()
   at Microsoft.Data.Sqlite.SqliteConnection..cctor()
--DllNotFoundException
   at System.Runtime.InteropServices.NativeLibrary.LoadLibraryByName(String libraryName, Assembly assembly, Nullable`1 searchPath, Boolean throwOnError)
   at SQLitePCL.NativeLibrary.Load(String libraryName, Assembly assy, Int32 flags)
   at SQLitePCL.Batteries_V2.MakeDynamic(String name, Int32 flags)
   at SQLitePCL.Batteries_V2.DoDynamic_cdecl(String name, Int32 flags)
   at SQLitePCL.Batteries_V2.Init()
   at System.Reflection.MethodBaseInvoker.InterpretedInvoke_Method(Object obj, IntPtr* args)
   at System.Reflection.MethodBaseInvoker.InvokeWithNoArgs(Object obj, BindingFlags invokeAttr)
</StackTrace>
        </ErrorInfo>
      </Output>
    </UnitTestResult>
    <UnitTestResult executionId="675a0303-ee07-41c7-a652-ff341ae068b1" testId="94302043-de5c-d05c-3d57-fd5279b5b36d" testName="InsertGetId Test" computerName="Wutang-Lan" duration="00:00:00.0012280" startTime="2026-03-17T07:53:44.1416310+01:00" endTime="2026-03-17T07:53:44.1428590+01:00" testType="13cdc9d9-ddb5-4fa4-a97d-d965ccfc6d4b" outcome="Failed" testListId="8c84fa94-04c1-424b-9868-57a2d4851a1d" relativeResultsDirectory="675a0303-ee07-41c7-a652-ff341ae068b1">
      <Output>
        <ErrorInfo>
          <Message>System.TypeInitializationException : The type initializer for 'Microsoft.Data.Sqlite.SqliteConnection' threw an exception.
  ----&gt; System.Reflection.TargetInvocationException : Exception has been thrown by the target of an invocation.
  ----&gt; System.DllNotFoundException : Unable to load shared library 'e_sqlite3' or one of its dependencies. In order to help diagnose loading problems, consider setting the DYLD_PRINT_LIBRARIES environment variable: 
dlopen(/Users/michaelglass/.local/share/mise/installs/dotnet/10.0.103/shared/Microsoft.NETCore.App/10.0.3/e_sqlite3.dylib, 0x0001): tried: '/Users/michaelglass/.local/share/mise/installs/dotnet/10.0.103/shared/Microsoft.NETCore.App/10.0.3/e_sqlite3.dylib' (no such file), '/System/Volumes/Preboot/Cryptexes/OS/Users/michaelglass/.local/share/mise/installs/dotnet/10.0.103/shared/Microsoft.NETCore.App/10.0.3/e_sqlite3.dylib' (no such file), '/Users/michaelglass/.local/share/mise/installs/dotnet/10.0.103/shared/Microsoft.NETCore.App/10.0.3/e_sqlite3.dylib' (no such file)
dlopen(/Users/michaelglass/Developer/opensource/SqlHydra/.worktrees/postgres-enhancements/src/Tests/bin/Release/net10.0/e_sqlite3.dylib, 0x0001): tried: '/Users/michaelglass/Developer/opensource/SqlHydra/.worktrees/postgres-enhancements/src/Tests/bin/Release/net10.0/e_sqlite3.dylib' (no such file), '/System/Volumes/Preboot/Cryptexes/OS/Users/michaelglass/Developer/opensource/SqlHydra/.worktrees/postgres-enhancements/src/Tests/bin/Release/net10.0/e_sqlite3.dylib' (no such file), '/Users/michaelglass/Developer/opensource/SqlHydra/.worktrees/postgres-enhancements/src/Tests/bin/Release/net10.0/e_sqlite3.dylib' (no such file)
dlopen(e_sqlite3.dylib, 0x0001): tried: 'e_sqlite3.dylib' (no such file), '/System/Volumes/Preboot/Cryptexes/OSe_sqlite3.dylib' (no such file), '/usr/lib/e_sqlite3.dylib' (no such file, not in dyld cache), 'e_sqlite3.dylib' (no such file)
dlopen(/Users/michaelglass/.local/share/mise/installs/dotnet/10.0.103/shared/Microsoft.NETCore.App/10.0.3/libe_sqlite3.dylib, 0x0001): tried: '/Users/michaelglass/.local/share/mise/installs/dotnet/10.0.103/shared/Microsoft.NETCore.App/10.0.3/libe_sqlite3.dylib' (no such file), '/System/Volumes/Preboot/Cryptexes/OS/Users/michaelglass/.local/share/mise/installs/dotnet/10.0.103/shared/Microsoft.NETCore.App/10.0.3/libe_sqlite3.dylib' (no such file), '/Users/michaelglass/.local/share/mise/installs/dotnet/10.0.103/shared/Microsoft.NETCore.App/10.0.3/libe_sqlite3.dylib' (no such file)
[...]
- @p0: NVarChar: Ken
- @p1: 0
- @p2: 1
</Text>
      </RunInfo>
      <RunInfo computerName="Wutang-Lan" outcome="Warning" timestamp="2026-03-17T07:53:51.0950080+01:00">
        <Text>SQL: SELECT ISNULL([p].[MiddleName], 'NoMiddle') FROM [Person].[Person] AS [p] WHERE (([p].[FirstName] = @p0) AND ([p].[MiddleName] IS NULL)) ORDER BY (SELECT 0) OFFSET @p1 ROWS FETCH NEXT @p2 ROWS ONLY
- @p0: NVarChar: Ken
- @p1: 0
- @p2: 1
SQL: SELECT ISNULL([p].[MiddleName], 'NoMiddle') FROM [Person].[Person] AS [p] WHERE (([p].[FirstName] = @p0) AND ([p].[MiddleName] IS NOT NULL)) ORDER BY (SELECT 0) OFFSET @p1 ROWS FETCH NEXT @p2 ROWS ONLY
- @p0: NVarChar: Ken
- @p1: 0
- @p2: 1
</Text>
      </RunInfo>
      <RunInfo computerName="Wutang-Lan" outcome="Warning" timestamp="2026-03-17T07:53:51.0982510+01:00">
        <Text>SQL: SELECT SUBSTRING([p].[FirstName], 1, 2), CONCAT([p].[FirstName], [p].[LastName]) FROM [Person].[Person] AS [p] WHERE ([p].[FirstName] = @p0) ORDER BY (SELECT 0) OFFSET @p1 ROWS FETCH NEXT @p2 ROWS ONLY
- @p0: NVarChar: Ken
- @p1: 0
- @p2: 1
</Text>
      </RunInfo>
      <RunInfo computerName="Wutang-Lan" outcome="Warning" timestamp="2026-03-17T07:53:51.1016360+01:00">
        <Text>SQL: SELECT [p].[FirstName], LEN([p].[FirstName]), UPPER([p].[FirstName]), GETDATE() FROM [Person].[Person] AS [p] WHERE ([p].[FirstName] = @p0) ORDER BY (SELECT 0) OFFSET @p1 ROWS FETCH NEXT @p2 ROWS ONLY
- @p0: NVarChar: Ken
- @p1: 0
- @p2: 1
</Text>
      </RunInfo>
      <RunInfo computerName="Wutang-Lan" outcome="Warning" timestamp="2026-03-17T07:53:51.1042450+01:00">
        <Text>SQL: SELECT LEN(UPPER([p].[FirstName])) FROM [Person].[Person] AS [p] WHERE ([p].[FirstName] = @p0) ORDER BY (SELECT 0) OFFSET @p1 ROWS FETCH NEXT @p2 ROWS ONLY
- @p0: NVarChar: Ken
- @p1: 0
- @p2: 1
</Text>
      </RunInfo>
      <RunInfo computerName="Wutang-Lan" outcome="Warning" timestamp="2026-03-17T07:53:51.1075020+01:00">
        <Text>SQL: SELECT LEN([p].[FirstName]), UPPER([p].[FirstName]), ISNULL([p].[MiddleName], 'N/A') FROM [Person].[Person] AS [p] WHERE ([p].[FirstName] = @p0) ORDER BY (SELECT 0) OFFSET @p1 ROWS FETCH NEXT @p2 ROWS ONLY
- @p0: NVarChar: Ken
- @p1: 0
- @p2: 1
</Text>
      </RunInfo>
      <RunInfo computerName="Wutang-Lan" outcome="Warning" timestamp="2026-03-17T07:53:51.1248460+01:00">
        <Text>SQL: SELECT [e].* FROM [HumanResources].[Employee] AS [e]
SQL: UPDATE [HumanResources].[Employee] SET [BirthDate] = @p0 WHERE ([HumanResources].[Employee].[BusinessEntityID] = @p1)
- @p0: Date: 1/1/1980
- @p1: Int: 1
SQL: SELECT * FROM [HumanResources].[Employee] AS [e] WHERE ([e].[BusinessEntityID] = @p0)
- @p0: Int: 1
</Text>
      </RunInfo>
      <RunInfo computerName="Wutang-Lan" outcome="Warning" timestamp="2026-03-17T07:53:51.1343870+01:00">
        <Text>SQL: SELECT * FROM [dbo].[ErrorLog] AS [e]
SQL: UPDATE [dbo].[ErrorLog] SET [ErrorTime] = @p0, [UserName] = @p1, [ErrorNumber] = @p2, [ErrorSeverity] = @p3, [ErrorState] = @p4, [ErrorProcedure] = @p5, [ErrorLine] = @p6, [ErrorMessage] = @p7 WHERE ([dbo].[ErrorLog].[ErrorLogID] = @p8)
- @p0: DateTime: 3/17/2026 7:53:51 AM
- @p1: NVarChar: jmarr
- @p2: Int: 500
- @p3: Int: 
- @p4: Int: 
- @p5: NVarChar: 
- @p6: Int: 888
- @p7: NVarChar: ERROR #2
- @p8: Int: 16
</Text>
      </RunInfo>
      <RunInfo computerName="Wutang-Lan" outcome="Warning" timestamp="2026-03-17T07:53:51.1419660+01:00">
        <Text>SQL: SELECT * FROM [dbo].[ErrorLog] AS [e]
SQL: UPDATE [dbo].[ErrorLog] SET [ErrorNumber] = @p0, [ErrorMessage] = @p1, [ErrorLine] = @p2, [ErrorProcedure] = @p3 WHERE ([dbo].[ErrorLog].[ErrorLogID] = @p4)
- @p0: Int: 123
- @p1: NVarChar: ERROR #123
- @p2: Int: 999
- @p3: NVarChar: 
- @p4: Int: 16
</Text>
      </RunInfo>
      <RunInfo computerName="Wutang-Lan" outcome="Warning" timestamp="2026-03-17T07:53:51.1459620+01:00">
        <Text>SQL: UPDATE [HumanResources].[Shift] SET [StartTime] = @p0 WHERE ([HumanResources].[Shift].[StartTime] &gt;= @p1)
- @p0: Time: 10:30 AM
- @p1: Time: 9:30 AM
SQL: SELECT * FROM [HumanResources].[Shift] AS [s] WHERE ([s].[StartTime] = @p0)
- @p0: Time: 10:30 AM
</Text>
      </RunInfo>
      <RunInfo computerName="Wutang-Lan" outcome="Warning" timestamp="2026-03-17T07:53:51.1521590+01:00">
        <Text>SQL: SELECT * FROM [dbo].[ErrorLog] AS [e]
SQL: UPDATE [dbo].[ErrorLog] SET [ErrorTime] = @p0, [UserName] = @p1, [ErrorNumber] = @p2, [ErrorSeverity] = @p3, [ErrorState] = @p4, [ErrorProcedure] = @p5, [ErrorLine] = @p6, [ErrorMessage] = @p7 WHERE ([dbo].[ErrorLog].[ErrorLogID] = @p8)
- @p0: DateTime: 3/17/2026 7:53:51 AM
- @p1: NVarChar: jmarr
- @p2: Int: 500
- @p3: Int: 
- @p4: Int: 
- @p5: NVarChar: 
- @p6: Int: 888
- @p7: NVarChar: ERROR #2
- @p8: Int: 16
</Text>
      </RunInfo>
      <RunInfo computerName="Wutang-Lan" outcome="Warning" timestamp="2026-03-17T07:53:51.1576910+01:00">
        <Text>SQL: SELECT * FROM [dbo].[ErrorLog] AS [e]
SQL: UPDATE [dbo].[ErrorLog] SET [ErrorNumber] = @p0, [ErrorMessage] = @p1, [ErrorLine] = @p2, [ErrorProcedure] = @p3 WHERE ([dbo].[ErrorLog].[ErrorLogID] = @p4)
- @p0: Int: 123
- @p1: NVarChar: ERROR #123
- @p2: Int: 999
- @p3: NVarChar: 
- @p4: Int: 16
</Text>
      </RunInfo>
      <RunInfo computerName="Wutang-Lan" outcome="Warning" timestamp="2026-03-17T07:53:51.1687200+01:00">
        <Text>SQL: SELECT * FROM [Person].[Address] AS [a] WHERE ([a].[City] IN (@p0, @p1))
- @p0: NVarChar: Seattle
- @p1: NVarChar: Santa Cruz
</Text>
      </RunInfo>
      <RunInfo computerName="Wutang-Lan" outcome="Warning" timestamp="2026-03-17T07:53:51.1717930+01:00">
        <Text>SQL: SELECT [c].[Name] FROM [Production].[ProductCategory] AS [c] WHERE ([c].[ProductCategoryID] IN (SELECT [p].[ProductSubcategoryID] FROM [Production].[Product] AS [p] WHERE ([p].[ProductSubcategoryID] IS NOT NULL) GROUP BY [p].[ProductSubcategoryID] ORDER BY AVG(p.ListPrice) DESC OFFSET @p0 ROWS FETCH NEXT @p1 ROWS ONLY))
- @p0: 0
- @p1: 5
</Text>
      </RunInfo>
      <RunInfo computerName="Wutang-Lan" outcome="Warning" timestamp="2026-03-17T07:53:51.1742470+01:00">
        <Text>SQL: SELECT [p].[Name], [p].[ListPrice] FROM [Production].[Product] AS [p] WHERE ([p].[ListPrice] &gt; (SELECT AVG([p].[ListPrice]) FROM [Production].[Product] AS [p]))
</Text>
      </RunInfo>
      <RunInfo computerName="Wutang-Lan" outcome="Warning" timestamp="2026-03-17T07:53:51.1779930+01:00">
        <Text>SQL: INSERT INTO [dbo].[ErrorLog] ([ErrorTime], [UserName], [ErrorNumber], [ErrorSeverity], [ErrorState], [ErrorProcedure], [ErrorLine], [ErrorMessage]) VALUES (@p0, @p1, @p2, @p3, @p4, @p5, @p6, @p7);SELECT scope_identity() as Id
- @p0: DateTime: 3/17/2026 7:53:51 AM
- @p1: NVarChar: jmarr
- @p2: Int: 400
- @p3: Int: 
- @p4: Int: 
- @p5: NVarChar: Procedure 400
- @p6: Int: 
- @p7: NVarChar: TEST
</Text>
      </RunInfo>
      <RunInfo computerName="Wutang-Lan" outcome="Warning" timestamp="2026-03-17T07:53:51.1803320+01:00">
        <Text>SQL: INSERT INTO [dbo].[ErrorLog] ([ErrorTime], [UserName], [ErrorNumber], [ErrorSeverity], [ErrorState], [ErrorProcedure], [ErrorLine], [ErrorMessage]) VALUES (@p0, @p1, @p2, @p3, @p4, @p5, @p6, @p7);SELECT scope_identity() as Id
- @p0: DateTime: 3/17/2026 7:53:51 AM
- @p1: NVarChar: jmarr
- @p2: Int: 400
- @p3: Int: 
- @p4: Int: 
- @p5: NVarChar: Procedure 400
- @p6: Int: 
- @p7: NVarChar: TEST INSERT ASYNC
</Text>
      </RunInfo>
      <RunInfo computerName="Wutang-Lan" outcome="Warning" timestamp="2026-03-17T07:53:51.1842230+01:00">
        <Text>SQL: SELECT [p].[ProductSubcategoryID], MIN([p].[ListPrice]), MAX([p].[ListPrice]) FROM [Production].[Product] AS [p] WHERE ([p].[ProductSubcategoryID] IS NOT NULL) GROUP BY [p].[ProductSubcategoryID] HAVING ((MIN(p.ListPrice) &gt; @p0) AND (MAX(p.ListPrice) &lt; @p1))
- @p0: 50
- @p1: 1000
</Text>
      </RunInfo>
      <RunInfo computerName="Wutang-Lan" outcome="Warning" timestamp="2026-03-17T07:53:51.1886590+01:00">
        <Text>SQL: SELECT [p].[ProductSubcategoryID], MIN([p].[ListPrice]), MAX([p].[ListPrice]), AVG([p].[ListPrice]), COUNT([p].[ListPrice]), SUM([p].[ListPrice]) FROM [Production].[Product] AS [p] WHERE ([p].[ProductSubcategoryID] IS NOT NULL) AND ([p].[ProductSubcategoryID] IN (@p0, @p1, @p2)) GROUP BY [p].[ProductSubcategoryID]
- @p0: Int: 1
- @p1: Int: 2
- @p2: Int: 3
</Text>
      </RunInfo>
      <RunInfo computerName="Wutang-Lan" outcome="Warning" timestamp="2026-03-17T07:53:51.1911060+01:00">
        <Text>SQL: SELECT [p].[ProductSubcategoryID], [p].[ListPrice] FROM [Production].[Product] AS [p] WHERE ([p].[ProductSubcategoryID] IS NOT NULL)
</Text>
      </RunInfo>
      <RunInfo computerName="Wutang-Lan" outcome="Warning" timestamp="2026-03-17T07:53:51.1935390+01:00">
        <Text>SQL: SELECT [p].[ProductSubcategoryID], AVG([p].[ListPrice]) FROM [Production].[Product] AS [p] WHERE ([p].[ProductSubcategoryID] IS NOT NULL) GROUP BY [p].[ProductSubcategoryID] ORDER BY AVG(p.ListPrice) DESC OFFSET @p0 ROWS FETCH NEXT @p1 ROWS ONLY
- @p0: 0
- @p1: 5
</Text>
      </RunInfo>
      <RunInfo computerName="Wutang-Lan" outcome="Warning" timestamp="2026-03-17T07:53:51.1992290+01:00">
        <Text>SQL: SELECT * FROM [dbo].[ErrorLog] AS [e]
SQL: UPDATE [dbo].[ErrorLog] SET [ErrorTime] = @p0, [UserName] = @p1, [ErrorNumber] = @p2, [ErrorSeverity] = @p3, [ErrorState] = @p4, [ErrorProcedure] = @p5, [ErrorLine] = @p6, [ErrorMessage] = @p7 WHERE ([dbo].[ErrorLog].[ErrorLogID] = @p8)
- @p0: DateTime: 3/17/2026 7:53:51 AM
- @p1: NVarChar: jmarr
- @p2: Int: 500
- @p3: Int: 
- @p4: Int: 
- @p5: NVarChar: 
- @p6: Int: 888
- @p7: NVarChar: ERROR #2
- @p8: Int: 16
</Text>
      </RunInfo>
      <RunInfo computerName="Wutang-Lan" outcome="Warning" timestamp="2026-03-17T07:53:51.2060420+01:00">
        <Text>SQL: SELECT * FROM [dbo].[ErrorLog] AS [e]
SQL: UPDATE [dbo].[ErrorLog] SET [ErrorNumber] = @p0, [ErrorMessage] = @p1, [ErrorLine] = @p2, [ErrorProcedure] = @p3 WHERE ([dbo].[ErrorLog].[ErrorLogID] = @p4)
- @p0: Int: 123
- @p1: NVarChar: ERROR #123
- @p2: Int: 999
- @p3: NVarChar: 
- @p4: Int: 16
</Text>
      </RunInfo>
      <RunInfo computerName="Wutang-Lan" outcome="Warning" timestamp="2026-03-17T07:53:51.2110130+01:00">
        <Text>SQL: SELECT * FROM [dbo].[ErrorLog] AS [e]
SQL: UPDATE [dbo].[ErrorLog] SET [ErrorNumber] = @p0, [ErrorProcedure] = @p1 WHERE ([dbo].[ErrorLog].[ErrorLogID] = @p2)
- @p0: Int: 124
- @p1: NVarChar: 
- @p2: Int: 16
</Text>
      </RunInfo>
      <RunInfo computerName="Wutang-Lan" outcome="Warning" timestamp="2026-03-17T07:53:51.2154700+01:00">
        <Text>SQL: SELECT [c].[Name] FROM [Production].[ProductCategory] AS [c] WHERE ([c].[ProductCategoryID] IN (SELECT [p].[ProductSubcategoryID] FROM [Production].[Product] AS [p] WHERE ([p].[ProductSubcategoryID] IS NOT NULL) GROUP BY [p].[ProductSubcategoryID] ORDER BY AVG(p.ListPrice) DESC OFFSET @p0 ROWS FETCH NEXT @p1 ROWS ONLY))
- @p0: 0
- @p1: 5
</Text>
      </RunInfo>
      <RunInfo computerName="Wutang-Lan" outcome="Warning" timestamp="2026-03-17T07:53:51.2930240+01:00">
        <Text>SQL: SELECT COUNT(*) AS [count] FROM [Person].[Person] AS [p]
</Text>
      </RunInfo>
      <RunInfo computerName="Wutang-Lan" outcome="Warning" timestamp="2026-03-17T07:53:51.3014930+01:00">
        <Text>SQL: SELECT [p].[FirstName] FROM [Person].[Person] AS [p] ORDER BY (SELECT 0) OFFSET @p0 ROWS FETCH NEXT @p1 ROWS ONLY
- @p0: 0
- @p1: 10
</Text>
      </RunInfo>
      <RunInfo computerName="Wutang-Lan" outcome="Warning" timestamp="2026-03-17T07:53:51.3214660+01:00">
        <Text>SQL: SELECT * FROM [Sales].[SalesOrderHeader] AS [o] 
INNER JOIN [Sales].[SalesOrderDetail] AS [d] ON ([o].[SalesOrderID] = [d].[SalesOrderID]) ORDER BY (SELECT 0) OFFSET @p0 ROWS FETCH NEXT @p1 ROWS ONLY
- @p0: 0
- @p1: 10
</Text>
      </RunInfo>
      <RunInfo computerName="Wutang-Lan" outcome="Warning" timestamp="2026-03-17T07:53:51.3283810+01:00">
        <Text>SQL: SELECT Concat([p].[FirstName], ' ', [p].[LastName]) FROM [Person].[Person] AS [p] ORDER BY (SELECT 0) OFFSET @p0 ROWS FETCH NEXT @p1 ROWS ONLY
- @p0: 0
- @p1: 10
</Text>
      </RunInfo>
      <RunInfo computerName="Wutang-Lan" outcome="Warning" timestamp="2026-03-17T07:53:51.3359260+01:00">
        <Text>SQL: SELECT Concat([p].[FirstName], ' ', [p].[LastName]) FROM [Person].[Person] AS [p] ORDER BY (SELECT 0) OFFSET @p0 ROWS FETCH NEXT @p1 ROWS ONLY
- @p0: 0
- @p1: 10
</Text>
      </RunInfo>
      <RunInfo computerName="Wutang-Lan" outcome="Warning" timestamp="2026-03-17T07:53:51.3443130+01:00">
        <Text>SQL: SELECT [p].* FROM [Person].[Person] AS [p] ORDER BY (SELECT 0) OFFSET @p0 ROWS FETCH NEXT @p1 ROWS ONLY
- @p0: 0
- @p1: 10
</Text>
      </RunInfo>
      <RunInfo computerName="Wutang-Lan" outcome="Warning" timestamp="2026-03-17T07:53:51.3531670+01:00">
        <Text>SQL: SELECT [p].* FROM [Person].[Person] AS [p] ORDER BY (SELECT 0) OFFSET @p0 ROWS FETCH NEXT @p1 ROWS ONLY
- @p0: 0
- @p1: 10
</Text>
      </RunInfo>
      <RunInfo computerName="Wutang-Lan" outcome="Warning" timestamp="2026-03-17T07:53:51.3605840+01:00">
        <Text>SQL: SELECT Concat([p].[FirstName], ' ', [p].[LastName]) FROM [Person].[Person] AS [p] ORDER BY (SELECT 0) OFFSET @p0 ROWS FETCH NEXT @p1 ROWS ONLY
- @p0: 0
- @p1: 1
</Text>
      </RunInfo>
      <RunInfo computerName="Wutang-Lan" outcome="Warning" timestamp="2026-03-17T07:53:51.3681580+01:00">
        <Text>SQL: SELECT * FROM [Person].[Person] AS [p] ORDER BY (SELECT 0) OFFSET @p0 ROWS FETCH NEXT @p1 ROWS ONLY
- @p0: 0
- @p1: 1
</Text>
      </RunInfo>
      <RunInfo computerName="Wutang-Lan" outcome="Warning" timestamp="2026-03-17T07:53:51.3743930+01:00">
        <Text>SQL: SELECT [o].[SalesOrderID], [r].[ReasonType], [r].[Name] FROM [Sales].[SalesOrderHeader] AS [o] 
LEFT JOIN [Sales].[SalesOrderHeaderSalesReason] AS [sr] ON ([o].[SalesOrderID] = [sr].[SalesOrderID])
LEFT JOIN [Sales].[SalesReason] AS [r] ON ([sr].[SalesReasonID] = [r].[SalesReasonID]) WHERE ([r].[Name] IS NOT NULL) ORDER BY (SELECT 0) OFFSET @p0 ROWS FETCH NEXT @p1 ROWS ONLY
- @p0: 0
- @p1: 10
Acct: 43697, Reason: Some(Other), Name: Some(Manufacturer)
Acct: 43697, Reason: Some(Other), Name: Some(Quality)
Acct: 43702, Reason: Some(Other), Name: Some(Manufacturer)
Acct: 43702, Reason: Some(Other), Name: Some(Quality)
Acct: 43703, Reason: Some(Other), Name: Some(Manufacturer)
Acct: 43703, Reason: Some(Other), Name: Some(Quality)
Acct: 43706, Reason: Some(Other), Name: Some(Manufacturer)
Acct: 43706, Reason: Some(Other), Name: Some(Quality)
Acct: 43707, Reason: Some(Other), Name: Some(Manufacturer)
Acct: 43707, Reason: Some(Other), Name: Some(Quality)
</Text>
      </RunInfo>
      <RunInfo computerName="Wutang-Lan" outcome="Warning" timestamp="2026-03-17T07:53:51.3822120+01:00">
        <Text>SQL: SELECT [o].*, [r].[ReasonType], [r].[Name] FROM [Sales].[SalesOrderHeader] AS [o] 
LEFT JOIN [Sales].[SalesOrderHeaderSalesReason] AS [sr] ON ([o].[SalesOrderID] = [sr].[SalesOrderID])
LEFT JOIN [Sales].[SalesReason] AS [r] ON ([sr].[SalesReasonID] = [r].[SalesReasonID]) WHERE ([r].[Name] IS NOT NULL) ORDER BY (SELECT 0) OFFSET @p0 ROWS FETCH NEXT @p1 ROWS ONLY
- @p0: 0
- @p1: 10
Order: 43697, Reason: Some(Other), Name: Some(Manufacturer)
Order: 43697, Reason: Some(Other), Name: Some(Quality)
Order: 43702, Reason: Some(Other), Name: Some(Manufacturer)
Order: 43702, Reason: Some(Other), Name: Some(Quality)
Order: 43703, Reason: Some(Other), Name: Some(Manufacturer)
Order: 43703, Reason: Some(Other), Name: Some(Quality)
Order: 43706, Reason: Some(Other), Name: Some(Manufacturer)
Order: 43706, Reason: Some(Other), Name: Some(Quality)
Order: 43707, Reason: Some(Other), Name: Some(Manufacturer)
Order: 43707, Reason: Some(Other), Name: Some(Quality)
</Text>
      </RunInfo>
      <RunInfo computerName="Wutang-Lan" outcome="Warning" timestamp="2026-03-17T07:53:51.3905090+01:00">
        <Text>SQL: SELECT COUNT(*) AS [count] FROM [Person].[Person] AS [p]
</Text>
      </RunInfo>
      <RunInfo computerName="Wutang-Lan" outcome="Warning" timestamp="2026-03-17T07:53:51.3919730+01:00">
        <Text>SQL: SELECT [p].[FirstName] FROM [Person].[Person] AS [p] ORDER BY (SELECT 0) OFFSET @p0 ROWS FETCH NEXT @p1 ROWS ONLY
- @p0: 0
- @p1: 10
</Text>
      </RunInfo>
      <RunInfo computerName="Wutang-Lan" outcome="Warning" timestamp="2026-03-17T07:53:51.3937090+01:00">
        <Text>SQL: SELECT * FROM [Person].[Person] AS [p] ORDER BY (SELECT 0) OFFSET @p0 ROWS FETCH NEXT @p1 ROWS ONLY
- @p0: 0
- @p1: 10
</Text>
      </RunInfo>
      <RunInfo computerName="Wutang-Lan" outcome="Warning" timestamp="2026-03-17T07:53:51.3951040+01:00">
        <Text>SQL: SELECT Concat([p].[FirstName], ' ', [p].[LastName]) FROM [Person].[Person] AS [p] ORDER BY (SELECT 0) OFFSET @p0 ROWS FETCH NEXT @p1 ROWS ONLY
- @p0: 0
- @p1: 10
</Text>
      </RunInfo>
      <RunInfo computerName="Wutang-Lan" outcome="Warning" timestamp="2026-03-17T07:53:51.3964310+01:00">
        <Text>SQL: SELECT Concat([p].[FirstName], ' ', [p].[LastName]) FROM [Person].[Person] AS [p] ORDER BY (SELECT 0) OFFSET @p0 ROWS FETCH NEXT @p1 ROWS ONLY
- @p0: 0
- @p1: 10
</Text>
      </RunInfo>
      <RunInfo computerName="Wutang-Lan" outcome="Warning" timestamp="2026-03-17T07:53:51.3981540+01:00">
        <Text>SQL: SELECT [p].* FROM [Person].[Person] AS [p] ORDER BY (SELECT 0) OFFSET @p0 ROWS FETCH NEXT @p1 ROWS ONLY
- @p0: 0
- @p1: 10
</Text>
      </RunInfo>
      <RunInfo computerName="Wutang-Lan" outcome="Warning" timestamp="2026-03-17T07:53:51.3995930+01:00">
        <Text>SQL: SELECT * FROM [Person].[Person] AS [p] ORDER BY (SELECT 0) OFFSET @p0 ROWS FETCH NEXT @p1 ROWS ONLY
- @p0: 0
- @p1: 10
</Text>
      </RunInfo>
      <RunInfo computerName="Wutang-Lan" outcome="Warning" timestamp="2026-03-17T07:53:51.4021350+01:00">
        <Text>SQL: SELECT Concat([p].[FirstName], ' ', [p].[LastName]) FROM [Person].[Person] AS [p] ORDER BY (SELECT 0) OFFSET @p0 ROWS FETCH NEXT @p1 ROWS ONLY
- @p0: 0
- @p1: 1
</Text>
      </RunInfo>
      <RunInfo computerName="Wutang-Lan" outcome="Warning" timestamp="2026-03-17T07:53:51.4042980+01:00">
        <Text>SQL: SELECT * FROM [Person].[Person] AS [p] ORDER BY (SELECT 0) OFFSET @p0 ROWS FETCH NEXT @p1 ROWS ONLY
- @p0: 0
- @p1: 1
</Text>
      </RunInfo>
      <RunInfo computerName="Wutang-Lan" outcome="Warning" timestamp="2026-03-17T07:53:51.4438650+01:00">
        <Text>\u001b[38;5;12m-\u001b[0m Filters:
  \u001b[38;5;12m-\u001b[0m Include: \u001b[38;5;2m[*]\u001b[0m
  \u001b[38;5;12m-\u001b[0m Exclude: \u001b[38;5;9m[dbo/*]\u001b[0m
  \u001b[38;5;12m-\u001b[0m Tables &amp; Views: \u001b[38;5;39m2 of 4\u001b[0m
</Text>
      </RunInfo>
      <RunInfo computerName="Wutang-Lan" outcome="Warning" timestamp="2026-03-17T07:53:51.4445240+01:00">
        <Text>\u001b[38;5;12m-\u001b[0m Filters:
  \u001b[38;5;12m-\u001b[0m Include: \u001b[38;5;2m[dbo/*]\u001b[0m
  \u001b[38;5;12m-\u001b[0m Exclude: \u001b[38;5;9m[]\u001b[0m
  \u001b[38;5;12m-\u001b[0m Tables &amp; Views: \u001b[38;5;39m2 of 4\u001b[0m
</Text>
      </RunInfo>
      <RunInfo computerName="Wutang-Lan" outcome="Warning" timestamp="2026-03-17T07:53:51.4454110+01:00">
        <Text>\u001b[38;5;12m-\u001b[0m Filters:
  \u001b[38;5;12m-\u001b[0m Include: \u001b[38;5;2m[dbo/*]\u001b[0m
  \u001b[38;5;12m-\u001b[0m Exclude: \u001b[38;5;9m[*/*1]\u001b[0m
  \u001b[38;5;12m-\u001b[0m Tables &amp; Views: \u001b[38;5;39m1 of 4\u001b[0m
</Text>
      </RunInfo>
      <RunInfo computerName="Wutang-Lan" outcome="Warning" timestamp="2026-03-17T07:53:51.4462780+01:00">
        <Text>\u001b[38;5;12m-\u001b[0m Filters:
  \u001b[38;5;12m-\u001b[0m Include: \u001b[38;5;2m[dbo/tbl1; prod/tbl2]\u001b[0m
  \u001b[38;5;12m-\u001b[0m Exclude: \u001b[38;5;9m[]\u001b[0m
  \u001b[38;5;12m-\u001b[0m Tables &amp; Views: \u001b[38;5;39m2 of 4\u001b[0m
</Text>
      </RunInfo>
    </RunInfos>
  </ResultSummary>
</TestRun>