<?xml version="1.0" encoding="utf-8"?>
<TestRun id="0adaba4b-2d8c-4cdc-b489-2fa0311c9975" name="@Wutang-Lan 2026-03-17 07:50:31" xmlns="http://microsoft.com/schemas/VisualStudio/TeamTest/2010">
  <Times creation="2026-03-17T07:50:31.1611910+01:00" queuing="2026-03-17T07:50:31.1611910+01:00" start="2026-03-17T07:50:29.4415350+01:00" finish="2026-03-17T07:50:44.8806200+01:00" />
  <TestSettings name="default" id="53ab3d68-9c94-42fc-b3e1-c4fdf17bec50">
    <Deployment runDeploymentRoot="_Wutang-Lan_2026-03-17_07_50_31" />
  </TestSettings>
  <Results>
    <UnitTestResult executionId="2988367a-5838-4029-a049-fcb3a23fdba9" testId="de9a4cd6-183d-54e6-cd2a-b6b5353c8548" testName="Select 2 Columns" computerName="Wutang-Lan" duration="00:00:00.0005500" startTime="2026-03-17T07:50:37.5793420+01:00" endTime="2026-03-17T07:50:37.5798920+01:00" testType="13cdc9d9-ddb5-4fa4-a97d-d965ccfc6d4b" outcome="Passed" testListId="8c84fa94-04c1-424b-9868-57a2d4851a1d" relativeResultsDirectory="2988367a-5838-4029-a049-fcb3a23fdba9" />
    <UnitTestResult executionId="b2196a9e-324d-4a21-9082-8081dd40f060" testId="5e6b3ec0-e60d-24e1-35cc-179c41221481" testName="Individual column from a leftJoin table should be optional if Some" computerName="Wutang-Lan" duration="00:00:00.0061800" startTime="2026-03-17T07:50:37.8285100+01:00" endTime="2026-03-17T07:50:37.8346900+01:00" testType="13cdc9d9-ddb5-4fa4-a97d-d965ccfc6d4b" outcome="Passed" testListId="8c84fa94-04c1-424b-9868-57a2d4851a1d" relativeResultsDirectory="b2196a9e-324d-4a21-9082-8081dd40f060">
      <Output>
        <StdOut>SQL: SELECT [o].[SalesOrderID], [r].[ReasonType], [r].[Name] FROM [Sales].[SalesOrderHeader] AS [o] 
LEFT JOIN [Sales].[SalesOrderHeaderSalesReason] AS [sr] ON ([o].[SalesOrderID] = [sr].[SalesOrderID])
LEFT JOIN [Sales].[SalesReason] AS [r] ON ([sr].[SalesReasonID] = [r].[SalesReasonID]) WHERE ([r].[Name] IS NULL) ORDER BY (SELECT 0) OFFSET @p0 ROWS FETCH NEXT @p1 ROWS ONLY
- @p0: 0
- @p1: 10</StdOut>
      </Output>
    </UnitTestResult>
    <UnitTestResult executionId="8eec234b-6daf-4c64-a85b-0063e1726bfc" testId="63f56bc2-6835-bea5-ff0e-7e9e5894253c" testName="Update Query with Where" computerName="Wutang-Lan" duration="00:00:00.0004490" startTime="2026-03-17T07:50:44.6284880+01:00" endTime="2026-03-17T07:50:44.6289380+01:00" testType="13cdc9d9-ddb5-4fa4-a97d-d965ccfc6d4b" outcome="Passed" testListId="8c84fa94-04c1-424b-9868-57a2d4851a1d" relativeResultsDirectory="8eec234b-6daf-4c64-a85b-0063e1726bfc" />
    <UnitTestResult executionId="97456b64-2e8d-485e-89ff-a4ff7f6e6953" testId="433f4329-91b2-ad51-01ab-3c97ee6d069f" testName="Select 2 Columns" computerName="Wutang-Lan" duration="00:00:00.0003360" startTime="2026-03-17T07:50:37.5278060+01:00" endTime="2026-03-17T07:50:37.5281420+01:00" testType="13cdc9d9-ddb5-4fa4-a97d-d965ccfc6d4b" outcome="Passed" testListId="8c84fa94-04c1-424b-9868-57a2d4851a1d" relativeResultsDirectory="97456b64-2e8d-485e-89ff-a4ff7f6e6953" />
    <UnitTestResult executionId="3fa590ac-991e-41a5-a972-91e20a9296f3" testId="0b65d811-813e-ca89-ff84-0b9c92605593" testName="Where bool option is false or null" computerName="Wutang-Lan" duration="00:00:00.0005550" startTime="2026-03-17T07:50:44.6319090+01:00" endTime="2026-03-17T07:50:44.6324650+01:00" testType="13cdc9d9-ddb5-4fa4-a97d-d965ccfc6d4b" outcome="Passed" testListId="8c84fa94-04c1-424b-9868-57a2d4851a1d" relativeResultsDirectory="3fa590ac-991e-41a5-a972-91e20a9296f3" />
    <UnitTestResult executionId="a615db01-7bae-4a08-8460-e55a414f78a0" testId="6b79a79e-3471-3ce7-9662-841016d25dd7" testName="Delete All" computerName="Wutang-Lan" duration="00:00:00.0015690" startTime="2026-03-17T07:50:44.5990660+01:00" endTime="2026-03-17T07:50:44.6006360+01:00" testType="13cdc9d9-ddb5-4fa4-a97d-d965ccfc6d4b" outcome="Passed" testListId="8c84fa94-04c1-424b-9868-57a2d4851a1d" relativeResultsDirectory="a615db01-7bae-4a08-8460-e55a414f78a0" />
    <UnitTestResult executionId="8c34f213-54f3-49ab-a6c3-35ffc02ef24d" testId="ed6fd641-bbb7-be1b-0f3c-c0f1e08ca234" testName="Implicit Casts Option" computerName="Wutang-Lan" duration="00:00:00.0004460" startTime="2026-03-17T07:50:37.5719340+01:00" endTime="2026-03-17T07:50:37.5723800+01:00" testType="13cdc9d9-ddb5-4fa4-a97d-d965ccfc6d4b" outcome="Passed" testListId="8c84fa94-04c1-424b-9868-57a2d4851a1d" relativeResultsDirectory="8c34f213-54f3-49ab-a6c3-35ffc02ef24d" />
    <UnitTestResult executionId="85456330-fd33-44b9-82e8-beb21a4560c9" testId="e09e5b31-d437-c1cb-a3a0-c5f76a88ed51" testName="selectExpr Two Columns" computerName="Wutang-Lan" duration="00:00:00.0003840" startTime="2026-03-17T07:50:44.6249480+01:00" endTime="2026-03-17T07:50:44.6253320+01:00" testType="13cdc9d9-ddb5-4fa4-a97d-d965ccfc6d4b" outcome="Passed" testListId="8c84fa94-04c1-424b-9868-57a2d4851a1d" relativeResultsDirectory="85456330-fd33-44b9-82e8-beb21a4560c9" />
    <UnitTestResult executionId="410dff01-20db-420f-9563-20453eeab49b" testId="8bc50bb5-3797-b55d-1fa9-97923a565aaa" testName="Where subqueryOne" computerName="Wutang-Lan" duration="00:00:00.0079060" startTime="2026-03-17T07:50:37.5090830+01:00" endTime="2026-03-17T07:50:37.5169880+01:00" testType="13cdc9d9-ddb5-4fa4-a97d-d965ccfc6d4b" outcome="Passed" testListId="8c84fa94-04c1-424b-9868-57a2d4851a1d" relativeResultsDirectory="410dff01-20db-420f-9563-20453eeab49b">
      <Output>
        <StdOut>SQL: SELECT "p"."PRODUCT_NAME", "p"."LIST_PRICE" FROM "OT"."PRODUCTS" "p" WHERE (("p"."LIST_PRICE" IS NOT NULL) AND ("p"."LIST_PRICE" &gt; (SELECT AVG("p"."LIST_PRICE") FROM "OT"."PRODUCTS" "p")))</StdOut>
      </Output>
    </UnitTestResult>
    <UnitTestResult executionId="9b306910-3982-4d6f-9294-1016bcc1ff44" testId="d67012cd-2d32-57c5-7133-b76cc4224253" testName="Conditional Where And Clauses, Neither True" computerName="Wutang-Lan" duration="00:00:00.0006750" startTime="2026-03-17T07:50:44.5925640+01:00" endTime="2026-03-17T07:50:44.5932390+01:00" testType="13cdc9d9-ddb5-4fa4-a97d-d965ccfc6d4b" outcome="Passed" testListId="8c84fa94-04c1-424b-9868-57a2d4851a1d" relativeResultsDirectory="9b306910-3982-4d6f-9294-1016bcc1ff44" />
    <UnitTestResult executionId="368d6437-5092-46cb-bd0d-0a78aa3a9ab3" testId="5797077c-2b10-553b-bf63-d6fd0bb8693f" testName="Sorted Aggregates - Top 5 categories with highest avg price products" computerName="Wutang-Lan" duration="00:00:00.0000050" startTime="2026-03-17T07:50:37.4973050+01:00" endTime="2026-03-17T07:50:37.4973100+01:00" testType="13cdc9d9-ddb5-4fa4-a97d-d965ccfc6d4b" outcome="NotExecuted" testListId="8c84fa94-04c1-424b-9868-57a2d4851a1d" relativeResultsDirectory="368d6437-5092-46cb-bd0d-0a78aa3a9ab3">
      <Output>
        <StdOut>Ignore</StdOut>
        <ErrorInfo>
          <Message>Ignore</Message>
        </ErrorInfo>
      </Output>
    </UnitTestResult>
    <UnitTestResult executionId="022f67e1-0acd-4976-9673-67ecd6dce551" testId="19585ae2-59ab-bed7-403d-89f1004e0ecd" testName="Update Query with Where" computerName="Wutang-Lan" duration="00:00:00.0004450" startTime="2026-03-17T07:50:37.5295780+01:00" endTime="2026-03-17T07:50:37.5300240+01:00" testType="13cdc9d9-ddb5-4fa4-a97d-d965ccfc6d4b" outcome="Passed" testListId="8c84fa94-04c1-424b-9868-57a2d4851a1d" relativeResultsDirectory="022f67e1-0acd-4976-9673-67ecd6dce551" />
    <UnitTestResult executionId="24cd3acc-10f8-4b50-9157-69c42435dd5f" testId="80fc98f8-02b4-fc49-e44d-b79072664fb7" testName="Where Not Binary" computerName="Wutang-Lan" duration="00:00:00.0004880" startTime="2026-03-17T07:50:37.5375850+01:00" endTime="2026-03-17T07:50:37.5380720+01:00" testType="13cdc9d9-ddb5-4fa4-a97d-d965ccfc6d4b" outcome="Passed" testListId="8c84fa94-04c1-424b-9868-57a2d4851a1d" relativeResultsDirectory="24cd3acc-10f8-4b50-9157-69c42435dd5f" />
    <UnitTestResult executionId="0f33ce45-42dd-4956-b263-5e31275044b4" testId="daf1ad4a-ad4a-787b-4f87-028cdcaa4017" testName="Where Customer |=| Array" computerName="Wutang-Lan" duration="00:00:00.0004850" startTime="2026-03-17T07:50:37.5903400+01:00" endTime="2026-03-17T07:50:37.5908250+01:00" testType="13cdc9d9-ddb5-4fa4-a97d-d965ccfc6d4b" outcome="Passed" testListId="8c84fa94-04c1-424b-9868-57a2d4851a1d" relativeResultsDirectory="0f33ce45-42dd-4956-b263-5e31275044b4" />
    <UnitTestResult executionId="872b7518-7396-40fd-b368-b95fcb819b3e" testId="eef2146a-c079-f6cc-85f0-2a67f2a388ce" testName="selectAsync - mapList column" computerName="Wutang-Lan" duration="00:00:00.0082070" startTime="2026-03-17T07:50:44.6531650+01:00" endTime="2026-03-17T07:50:44.6613720+01:00" testType="13cdc9d9-ddb5-4fa4-a97d-d965ccfc6d4b" outcome="Passed" testListId="8c84fa94-04c1-424b-9868-57a2d4851a1d" relativeResultsDirectory="872b7518-7396-40fd-b368-b95fcb819b3e">
      <Output>
        <StdOut>SQL: SELECT [p].[FirstName] FROM [Person].[Person] AS [p] ORDER BY (SELECT 0) OFFSET @p0 ROWS FETCH NEXT @p1 ROWS ONLY
- @p0: 0
- @p1: 10</StdOut>
      </Output>
    </UnitTestResult>
    <UnitTestResult executionId="488f6c1b-8a57-4509-9db7-442c7a66c129" testId="6dddf1d5-198e-8906-d2f6-aac5ce82ee51" testName="And Where" computerName="Wutang-Lan" duration="00:00:00.0005599" startTime="2026-03-17T07:50:37.5170740+01:00" endTime="2026-03-17T07:50:37.5176340+01:00" testType="13cdc9d9-ddb5-4fa4-a97d-d965ccfc6d4b" outcome="Passed" testListId="8c84fa94-04c1-424b-9868-57a2d4851a1d" relativeResultsDirectory="488f6c1b-8a57-4509-9db7-442c7a66c129" />
    <UnitTestResult executionId="9da30246-f793-4811-bdd0-04ab79c086b7" testId="d2214d74-de07-955c-200b-338ab26ffb14" testName="HierarchyId not supported for MS SQL Issue 110" computerName="Wutang-Lan" duration="00:00:00.0192760" startTime="2026-03-17T07:50:37.8092120+01:00" endTime="2026-03-17T07:50:37.8284880+01:00" testType="13cdc9d9-ddb5-4fa4-a97d-d965ccfc6d4b" outcome="Passed" testListId="8c84fa94-04c1-424b-9868-57a2d4851a1d" relativeResultsDirectory="9da30246-f793-4811-bdd0-04ab79c086b7">
      <Output>
        <StdOut>SQL: INSERT INTO [ext].[HierarchyIdSupport] ([Id], [Hierarchy]) VALUES (@p0, @p1)
- @p0: UniqueIdentifier: 667c1cb7-dc37-42dc-993a-d64eface92bb
- @p1: SqlHierarchyId: /1/1/
SQL: INSERT INTO [ext].[HierarchyIdSupport] ([Id], [Hierarchy]) VALUES (@p0, @p1)
- @p0: UniqueIdentifier: c1a64798-7d22-4c33-abf3-8203477b768a
- @p1: SqlHierarchyId: /1/1/1/
SQL: SELECT [row].[Hierarchy] FROM [ext].[HierarchyIdSupport] AS [row] WHERE (([row].[Id] = @p0) AND ([row].[Hierarchy] = @p1))
- @p0: UniqueIdentifier: 667c1cb7-dc37-42dc-993a-d64eface92bb
- @p1: SqlHierarchyId: /1/1/</StdOut>
      </Output>
    </UnitTestResult>
    <UnitTestResult executionId="bbe557a5-31c6-48b1-98b9-c70931f5d787" testId="fac10b1a-b7b3-e2bd-4d0f-5f7840dada2c" testName="Where subqueryMany" computerName="Wutang-Lan" duration="00:00:00.0052910" startTime="2026-03-17T07:50:36.4413210+01:00" endTime="2026-03-17T07:50:36.4466110+01:00" testType="13cdc9d9-ddb5-4fa4-a97d-d965ccfc6d4b" outcome="Passed" testListId="8c84fa94-04c1-424b-9868-57a2d4851a1d" relativeResultsDirectory="bbe557a5-31c6-48b1-98b9-c70931f5d787">
      <Output>
        <StdOut>SQL: SELECT "c"."name" FROM "production"."productcategory" AS "c" WHERE ("c"."productcategoryid" IN (SELECT "p"."productsubcategoryid" FROM "production"."product" AS "p" WHERE ("p"."productsubcategoryid" IS NOT NULL) GROUP BY "p"."productsubcategoryid" ORDER BY AVG(p.listprice) DESC LIMIT @p0))
- @p0: 5</StdOut>
      </Output>
    </UnitTestResult>
    <UnitTestResult executionId="652defab-ca34-4fe6-92fd-83e248542803" testId="4a675c59-e3d2-bb8e-5c10-26e9d8297fc6" testName="Delete Query with Where" computerName="Wutang-Lan" duration="00:00:00.0006280" startTime="2026-03-17T07:50:44.6006490+01:00" endTime="2026-03-17T07:50:44.6012760+01:00" testType="13cdc9d9-ddb5-4fa4-a97d-d965ccfc6d4b" outcome="Passed" testListId="8c84fa94-04c1-424b-9868-57a2d4851a1d" relativeResultsDirectory="652defab-ca34-4fe6-92fd-83e248542803" />
    <UnitTestResult executionId="8da31bc4-c526-4b0a-8b3f-6fe61e1f7aa9" testId="8e9f86e6-3350-5dca-f2d4-dfd0efe6caee" testName="And Where" computerName="Wutang-Lan" duration="00:00:00.0007030" startTime="2026-03-17T07:50:44.5905390+01:00" endTime="2026-03-17T07:50:44.5912420+01:00" testType="13cdc9d9-ddb5-4fa4-a97d-d965ccfc6d4b" outcome="Passed" testListId="8c84fa94-04c1-424b-9868-57a2d4851a1d" relativeResultsDirectory="8da31bc4-c526-4b0a-8b3f-6fe61e1f7aa9" />
    <UnitTestResult executionId="1486ff10-8f64-413b-b480-9b7c51226890" testId="605c5648-66fa-a1de-3b91-a2f319cf49d7" testName="selectExpr Single Column" computerName="Wutang-Lan" duration="00:00:00.0003970" startTime="2026-03-17T07:50:44.6245100+01:00" endTime="2026-03-17T07:50:44.6249070+01:00" testType="13cdc9d9-ddb5-4fa4-a97d-d965ccfc6d4b" outcome="Passed" testListId="8c84fa94-04c1-424b-9868-57a2d4851a1d" relativeResultsDirectory="1486ff10-8f64-413b-b480-9b7c51226890" />
    <UnitTestResult executionId="04f78ecd-3ec0-4d23-91f4-9f9b57ae7e01" testId="3449c2ca-5515-2c9c-1d8a-341952cfafa0" testName="Update Set Individual Fields" computerName="Wutang-Lan" duration="00:00:00.0047650" startTime="2026-03-17T07:50:44.5634310+01:00" endTime="2026-03-17T07:50:44.5681960+01:00" testType="13cdc9d9-ddb5-4fa4-a97d-d965ccfc6d4b" outcome="Passed" testListId="8c84fa94-04c1-424b-9868-57a2d4851a1d" relativeResultsDirectory="04f78ecd-3ec0-4d23-91f4-9f9b57ae7e01">
      <Output>
        <StdOut>SQL: SELECT * FROM [dbo].[ErrorLog] AS [e]
SQL: UPDATE [dbo].[ErrorLog] SET [ErrorNumber] = @p0, [ErrorMessage] = @p1, [ErrorLine] = @p2, [ErrorProcedure] = @p3 WHERE ([dbo].[ErrorLog].[ErrorLogID] = @p4)
- @p0: Int: 123
- @p1: NVarChar: ERROR #123
- @p2: Int: 999
- @p3: NVarChar: 
- @p4: Int: 16</StdOut>
      </Output>
    </UnitTestResult>
    <UnitTestResult executionId="263f2f89-cd49-4723-86b3-01d626a10712" testId="69438da2-816a-8dc2-8ae0-ad703710ca86" testName="Insert with Returning" computerName="Wutang-Lan" duration="00:00:00.0004950" startTime="2026-03-17T07:50:36.4620680+01:00" endTime="2026-03-17T07:50:36.4625620+01:00" testType="13cdc9d9-ddb5-4fa4-a97d-d965ccfc6d4b" outcome="Passed" testListId="8c84fa94-04c1-424b-9868-57a2d4851a1d" relativeResultsDirectory="263f2f89-cd49-4723-86b3-01d626a10712" />
    <UnitTestResult executionId="7a4adb95-ac39-4a9f-8c3f-695aa83c2bdc" testId="92fa0993-66d2-e1b5-364d-51c127d2bfad" testName="Delete All" computerName="Wutang-Lan" duration="00:00:00.0002580" startTime="2026-03-17T07:50:37.5187990+01:00" endTime="2026-03-17T07:50:37.5190570+01:00" testType="13cdc9d9-ddb5-4fa4-a97d-d965ccfc6d4b" outcome="Passed" testListId="8c84fa94-04c1-424b-9868-57a2d4851a1d" relativeResultsDirectory="7a4adb95-ac39-4a9f-8c3f-695aa83c2bdc" />
    <UnitTestResult executionId="d7e5fce0-d242-40ff-9302-dc3d728ab4fd" testId="32ad406b-ae24-60aa-a958-e8b7248f1858" testName="Query Employee Column with DateOnly" computerName="Wutang-Lan" duration="00:00:00.0058849" startTime="2026-03-17T07:50:36.3243420+01:00" endTime="2026-03-17T07:50:36.3302270+01:00" testType="13cdc9d9-ddb5-4fa4-a97d-d965ccfc6d4b" outcome="Passed" testListId="8c84fa94-04c1-424b-9868-57a2d4851a1d" relativeResultsDirectory="d7e5fce0-d242-40ff-9302-dc3d728ab4fd">
      <Output>
        <StdOut>SQL: SELECT "e"."birthdate" FROM "humanresources"."employee" AS "e"</StdOut>
      </Output>
    </UnitTestResult>
    <UnitTestResult executionId="ef987e29-4be4-47d4-bb58-eaddc64e7ad0" testId="8bc110ba-3385-7c41-9b48-3e5de0c7c371" testName="Left Join" computerName="Wutang-Lan" duration="00:00:00.0000010" startTime="2026-03-17T07:50:44.6127670+01:00" endTime="2026-03-17T07:50:44.6127680+01:00" testType="13cdc9d9-ddb5-4fa4-a97d-d965ccfc6d4b" outcome="NotExecuted" testListId="8c84fa94-04c1-424b-9868-57a2d4851a1d" relativeResultsDirectory="ef987e29-4be4-47d4-bb58-eaddc64e7ad0">
      <Output>
        <StdOut>Temporarily ignoring test for emergency fix</StdOut>
        <ErrorInfo>
          <Message>Temporarily ignoring test for emergency fix</Message>
        </ErrorInfo>
      </Output>
    </UnitTestResult>
    <UnitTestResult executionId="9a85e0e8-9e2d-43ea-9187-934c20a8e2ec" testId="16a66aac-17fc-a352-97f5-7ec5cb12fdb1" testName="Where customer |=| Array" computerName="Wutang-Lan" duration="00:00:00.0013470" startTime="2026-03-17T07:50:36.4843980+01:00" endTime="2026-03-17T07:50:36.4857460+01:00" testType="13cdc9d9-ddb5-4fa4-a97d-d965ccfc6d4b" outcome="Passed" testListId="8c84fa94-04c1-424b-9868-57a2d4851a1d" relativeResultsDirectory="9a85e0e8-9e2d-43ea-9187-934c20a8e2ec" />
    <UnitTestResult executionId="a8703751-5050-4aab-a5da-750948f0e6a4" testId="62d10946-35e8-39c1-1f6b-8fb50003de30" testName="Delete Query with Where" computerName="Wutang-Lan" duration="00:00:00.0006210" startTime="2026-03-17T07:50:36.4551930+01:00" endTime="2026-03-17T07:50:36.4558140+01:00" testType="13cdc9d9-ddb5-4fa4-a97d-d965ccfc6d4b" outcome="Passed" testListId="8c84fa94-04c1-424b-9868-57a2d4851a1d" relativeResultsDirectory="a8703751-5050-4aab-a5da-750948f0e6a4" />
    <UnitTestResult executionId="23daeffb-d533-4b33-a887-7d64c8ee3528" testId="c3be9068-3ee8-b394-da8a-0f8451cf922a" testName="Update should fail without where or updateAll" computerName="Wutang-Lan" duration="00:00:00.0002400" startTime="2026-03-17T07:50:36.4825920+01:00" endTime="2026-03-17T07:50:36.4828320+01:00" testType="13cdc9d9-ddb5-4fa4-a97d-d965ccfc6d4b" outcome="Passed" testListId="8c84fa94-04c1-424b-9868-57a2d4851a1d" relativeResultsDirectory="23daeffb-d533-4b33-a887-7d64c8ee3528" />
    <UnitTestResult executionId="f025a06c-62c4-402a-b2b1-c0a684b3e718" testId="5a029c6c-899f-b361-a074-f892492e62a8" testName="Insert Query without Identity" computerName="Wutang-Lan" duration="00:00:00.0003959" startTime="2026-03-17T07:50:44.6108540+01:00" endTime="2026-03-17T07:50:44.6112510+01:00" testType="13cdc9d9-ddb5-4fa4-a97d-d965ccfc6d4b" outcome="Passed" testListId="8c84fa94-04c1-424b-9868-57a2d4851a1d" relativeResultsDirectory="f025a06c-62c4-402a-b2b1-c0a684b3e718" />
    <UnitTestResult executionId="e229798f-c14d-442e-bd4d-dd39e2675de1" testId="7f8459c5-4f7b-f039-9f53-16f330a3189e" testName="selectAsync - tryHead - Selected" computerName="Wutang-Lan" duration="00:00:00.0067970" startTime="2026-03-17T07:50:44.7242960+01:00" endTime="2026-03-17T07:50:44.7310930+01:00" testType="13cdc9d9-ddb5-4fa4-a97d-d965ccfc6d4b" outcome="Passed" testListId="8c84fa94-04c1-424b-9868-57a2d4851a1d" relativeResultsDirectory="e229798f-c14d-442e-bd4d-dd39e2675de1">
      <Output>
        <StdOut>SQL: SELECT * FROM [Person].[Person] AS [p] ORDER BY (SELECT 0) OFFSET @p0 ROWS FETCH NEXT @p1 ROWS ONLY
- @p0: 0
- @p1: 1</StdOut>
      </Output>
    </UnitTestResult>
    <UnitTestResult executionId="e45b26f7-3cf1-466a-9330-1e4ba3a58b2b" testId="90d7bdf3-0f8b-7ba2-d5c2-a3fedbebf4e3" testName="Where Guid Empty" computerName="Wutang-Lan" duration="00:00:00.0006470" startTime="2026-03-17T07:50:44.6372970+01:00" endTime="2026-03-17T07:50:44.6379450+01:00" testType="13cdc9d9-ddb5-4fa4-a97d-d965ccfc6d4b" outcome="Passed" testListId="8c84fa94-04c1-424b-9868-57a2d4851a1d" relativeResultsDirectory="e45b26f7-3cf1-466a-9330-1e4ba3a58b2b" />
    <UnitTestResult executionId="6733918b-3e3c-4c7d-b584-e8b4be8a3cf7" testId="94769a34-77a3-6223-9008-5755e7c22b9d" testName="Correlated Subquery" computerName="Wutang-Lan" duration="00:00:00.0025850" startTime="2026-03-17T07:50:36.4521910+01:00" endTime="2026-03-17T07:50:36.4547750+01:00" testType="13cdc9d9-ddb5-4fa4-a97d-d965ccfc6d4b" outcome="Passed" testListId="8c84fa94-04c1-424b-9868-57a2d4851a1d" relativeResultsDirectory="6733918b-3e3c-4c7d-b584-e8b4be8a3cf7" />
    <UnitTestResult executionId="37c594e3-bb33-4ba0-87ce-36d587935358" testId="805ff5cc-3a3d-57c0-cd8a-73ab8b70fa6c" testName="selectExpr - leftJoin - select individual columns" computerName="Wutang-Lan" duration="00:00:00.0054190" startTime="2026-03-17T07:50:44.7311620+01:00" endTime="2026-03-17T07:50:44.7365810+01:00" testType="13cdc9d9-ddb5-4fa4-a97d-d965ccfc6d4b" outcome="Passed" testListId="8c84fa94-04c1-424b-9868-57a2d4851a1d" relativeResultsDirectory="37c594e3-bb33-4ba0-87ce-36d587935358">
      <Output>
        <StdOut>SQL: SELECT [o].[SalesOrderID], [r].[ReasonType], [r].[Name] FROM [Sales].[SalesOrderHeader] AS [o] 
LEFT JOIN [Sales].[SalesOrderHeaderSalesReason] AS [sr] ON ([o].[SalesOrderID] = [sr].[SalesOrderID])
LEFT JOIN [Sales].[SalesReason] AS [r] ON ([sr].[SalesReasonID] = [r].[SalesReasonID]) WHERE ([r].[Name] IS NOT NULL) ORDER BY (SELECT 0) OFFSET @p0 ROWS FETCH NEXT @p1 ROWS ONLY
- @p0: 0
- @p1: 10
Acct: 43697, Reason: Some(Other), Name: Some(Manufacturer)
Acct: 43697, Reason: Some(Other), Name: Some(Quality)
Acct: 43702, Reason: Some(Other), Name: Some(Manufacturer)
Acct: 43702, Reason: Some(Other), Name: Some(Quality)
Acct: 43703, Reason: Some(Other), Name: Some(Manufacturer)
Acct: 43703, Reason: Some(Other), Name: Some(Quality)
Acct: 43706, Reason: Some(Other), Name: Some(Manufacturer)
Acct: 43706, Reason: Some(Other), Name: Some(Quality)
Acct: 43707, Reason: Some(Other), Name: Some(Manufacturer)
Acct: 43707, Reason: Some(Other), Name: Some(Quality)</StdOut>
      </Output>
    </UnitTestResult>
    <UnitTestResult executionId="0135c9e7-2475-44ce-8a5b-92d95d999fcd" testId="b9c00556-7da8-3ff6-fb28-94dbe5def5a8" testName="Where with AND and OR in Parenthesis" computerName="Wutang-Lan" duration="00:00:00.0005250" startTime="2026-03-17T07:50:44.6393930+01:00" endTime="2026-03-17T07:50:44.6399180+01:00" testType="13cdc9d9-ddb5-4fa4-a97d-d965ccfc6d4b" outcome="Passed" testListId="8c84fa94-04c1-424b-9868-57a2d4851a1d" relativeResultsDirectory="0135c9e7-2475-44ce-8a5b-92d95d999fcd" />
    <UnitTestResult executionId="58a0d7b9-5b86-46a1-81f1-43b6d46ee8a3" testId="713dab1b-2440-4883-2194-6c8db379caeb" testName="Update Query with multiple Wheres" computerName="Wutang-Lan" duration="00:00:00.0007919" startTime="2026-03-17T07:50:37.5804060+01:00" endTime="2026-03-17T07:50:37.5811990+01:00" testType="13cdc9d9-ddb5-4fa4-a97d-d965ccfc6d4b" outcome="Passed" testListId="8c84fa94-04c1-424b-9868-57a2d4851a1d" relativeResultsDirectory="58a0d7b9-5b86-46a1-81f1-43b6d46ee8a3" />
    <UnitTestResult executionId="85f688ca-95ab-431b-b74c-852d3402cd48" testId="4ae049ab-ae8b-1df8-c4ab-59eac1099ce5" testName="Where customer |&lt;&gt;| List" computerName="Wutang-Lan" duration="00:00:00.0004840" startTime="2026-03-17T07:50:36.4839080+01:00" endTime="2026-03-17T07:50:36.4843910+01:00" testType="13cdc9d9-ddb5-4fa4-a97d-d965ccfc6d4b" outcome="Passed" testListId="8c84fa94-04c1-424b-9868-57a2d4851a1d" relativeResultsDirectory="85f688ca-95ab-431b-b74c-852d3402cd48" />
    <UnitTestResult executionId="f1327bc1-cf7d-4a85-bdf0-3c2ae70217ee" testId="2576f2f9-4dbd-f83c-8767-578225253604" testName="Inline Aggregates" computerName="Wutang-Lan" duration="00:00:00.0004660" startTime="2026-03-17T07:50:37.5727760+01:00" endTime="2026-03-17T07:50:37.5732420+01:00" testType="13cdc9d9-ddb5-4fa4-a97d-d965ccfc6d4b" outcome="Passed" testListId="8c84fa94-04c1-424b-9868-57a2d4851a1d" relativeResultsDirectory="f1327bc1-cf7d-4a85-bdf0-3c2ae70217ee" />
    <UnitTestResult executionId="c1c6072c-0ddd-4523-aefd-000c2f20e8d0" testId="46c4c897-afe5-be3f-2ed7-06ada66fd63a" testName="Where Customer |&lt;&gt;| List" computerName="Wutang-Lan" duration="00:00:00.0004670" startTime="2026-03-17T07:50:44.5888670+01:00" endTime="2026-03-17T07:50:44.5893340+01:00" testType="13cdc9d9-ddb5-4fa4-a97d-d965ccfc6d4b" outcome="Passed" testListId="8c84fa94-04c1-424b-9868-57a2d4851a1d" relativeResultsDirectory="c1c6072c-0ddd-4523-aefd-000c2f20e8d0" />
    <UnitTestResult executionId="1d9f3eba-d7b7-445b-81dc-6cccf8f3d96c" testId="a3adc2fc-0f2e-ee8a-4c70-2af880829e66" testName="Select Column Aggregates From Product IDs 1-3" computerName="Wutang-Lan" duration="00:00:00.0052769" startTime="2026-03-17T07:50:36.3619050+01:00" endTime="2026-03-17T07:50:36.3671810+01:00" testType="13cdc9d9-ddb5-4fa4-a97d-d965ccfc6d4b" outcome="Passed" testListId="8c84fa94-04c1-424b-9868-57a2d4851a1d" relativeResultsDirectory="1d9f3eba-d7b7-445b-81dc-6cccf8f3d96c">
      <Output>
        <StdOut>SQL: SELECT "p"."productsubcategoryid", MIN("p"."listprice"), MAX("p"."listprice"), AVG("p"."listprice"), COUNT("p"."listprice"), SUM("p"."listprice") FROM "production"."product" AS "p" WHERE ("p"."productsubcategoryid" IS NOT NULL) AND ("p"."productsubcategoryid" IN (@p0, @p1, @p2)) GROUP BY "p"."productsubcategoryid"
- @p0: Integer: 1
- @p1: Integer: 2
- @p2: Integer: 3</StdOut>
      </Output>
    </UnitTestResult>
    <UnitTestResult executionId="e95fa894-eeb0-427c-89eb-79311fcc8064" testId="130e7295-1599-5b81-2c47-1155e70b3194" testName="Implicit Casts" computerName="Wutang-Lan" duration="00:00:00.0003490" startTime="2026-03-17T07:50:37.5715700+01:00" endTime="2026-03-17T07:50:37.5719190+01:00" testType="13cdc9d9-ddb5-4fa4-a97d-d965ccfc6d4b" outcome="Passed" testListId="8c84fa94-04c1-424b-9868-57a2d4851a1d" relativeResultsDirectory="e95fa894-eeb0-427c-89eb-79311fcc8064" />
    <UnitTestResult executionId="65c50172-97ae-446a-81a6-3e51d75a8d89" testId="41209969-8dd2-f00c-2a83-492a077bd0f0" testName="Select 1 Table and 1 Column" computerName="Wutang-Lan" duration="00:00:00.0000030" startTime="2026-03-17T07:50:37.5278000+01:00" endTime="2026-03-17T07:50:37.5278030+01:00" testType="13cdc9d9-ddb5-4fa4-a97d-d965ccfc6d4b" outcome="NotExecuted" testListId="8c84fa94-04c1-424b-9868-57a2d4851a1d" relativeResultsDirectory="65c50172-97ae-446a-81a6-3e51d75a8d89">
      <Output>
        <StdOut>Temporarily ignoring test for emergency fix</StdOut>
        <ErrorInfo>
          <Message>Temporarily ignoring test for emergency fix</Message>
        </ErrorInfo>
      </Output>
    </UnitTestResult>
    <UnitTestResult executionId="191890f4-1fb6-4ef2-8741-af63bb58db59" testId="a9937b01-b4db-f74d-3474-a20b5ea64fea" testName="InsertGetIdAsync Test" computerName="Wutang-Lan" duration="00:00:00.0052480" startTime="2026-03-17T07:50:44.3425510+01:00" endTime="2026-03-17T07:50:44.3478000+01:00" testType="13cdc9d9-ddb5-4fa4-a97d-d965ccfc6d4b" outcome="Passed" testListId="8c84fa94-04c1-424b-9868-57a2d4851a1d" relativeResultsDirectory="191890f4-1fb6-4ef2-8741-af63bb58db59">
      <Output>
        <StdOut>SQL: INSERT INTO [dbo].[ErrorLog] ([ErrorTime], [UserName], [ErrorNumber], [ErrorSeverity], [ErrorState], [ErrorProcedure], [ErrorLine], [ErrorMessage]) VALUES (@p0, @p1, @p2, @p3, @p4, @p5, @p6, @p7);SELECT scope_identity() as Id
- @p0: DateTime: 3/17/2026 7:50:44 AM
- @p1: NVarChar: jmarr
- @p2: Int: 400
- @p3: Int: 
- @p4: Int: 
- @p5: NVarChar: Procedure 400
- @p6: Int: 
- @p7: NVarChar: TEST INSERT ASYNC</StdOut>
      </Output>
    </UnitTestResult>
    <UnitTestResult executionId="d5ee3c57-f0bd-4293-9c89-0d14ce0c7d6c" testId="dd79aba6-aa14-08b0-1d1f-8c8b709237a9" testName="Inner Join with on' - Single Column" computerName="Wutang-Lan" duration="00:00:00.0006540" startTime="2026-03-17T07:50:44.6095930+01:00" endTime="2026-03-17T07:50:44.6102470+01:00" testType="13cdc9d9-ddb5-4fa4-a97d-d965ccfc6d4b" outcome="Passed" testListId="8c84fa94-04c1-424b-9868-57a2d4851a1d" relativeResultsDirectory="d5ee3c57-f0bd-4293-9c89-0d14ce0c7d6c" />
    <UnitTestResult executionId="e086eed6-ac66-4274-9ca6-97398863dcaa" testId="15131642-0f97-1685-e928-d3bd8e21283c" testName="Select Column Aggregates From Product IDs 1-3" computerName="Wutang-Lan" duration="00:00:00.0045210" startTime="2026-03-17T07:50:44.5463940+01:00" endTime="2026-03-17T07:50:44.5509150+01:00" testType="13cdc9d9-ddb5-4fa4-a97d-d965ccfc6d4b" outcome="Passed" testListId="8c84fa94-04c1-424b-9868-57a2d4851a1d" relativeResultsDirectory="e086eed6-ac66-4274-9ca6-97398863dcaa">
      <Output>
        <StdOut>SQL: SELECT [p].[ProductSubcategoryID], MIN([p].[ListPrice]), MAX([p].[ListPrice]), AVG([p].[ListPrice]), COUNT([p].[ListPrice]), SUM([p].[ListPrice]) FROM [Production].[Product] AS [p] WHERE ([p].[ProductSubcategoryID] IS NOT NULL) AND ([p].[ProductSubcategoryID] IN (@p0, @p1, @p2)) GROUP BY [p].[ProductSubcategoryID]
- @p0: Int: 1
- @p1: Int: 2
- @p2: Int: 3</StdOut>
      </Output>
    </UnitTestResult>
    <UnitTestResult executionId="2a7042bf-945d-4925-bb8c-b7b3fe65a769" testId="1e1c32e2-d5be-1b69-0269-913fdfdf2589" testName="Simple Where" computerName="Wutang-Lan" duration="00:00:00.0005900" startTime="2026-03-17T07:50:36.4798220+01:00" endTime="2026-03-17T07:50:36.4804110+01:00" testType="13cdc9d9-ddb5-4fa4-a97d-d965ccfc6d4b" outcome="Passed" testListId="8c84fa94-04c1-424b-9868-57a2d4851a1d" relativeResultsDirectory="2a7042bf-945d-4925-bb8c-b7b3fe65a769" />
    <UnitTestResult executionId="4ac2c7c3-0130-4165-a7ad-72c5c292e2a7" testId="5ab7007e-5db6-fd67-6dad-1653d689dddb" testName="Existing leftJoin on syntax still works" computerName="Wutang-Lan" duration="00:00:00.0009000" startTime="2026-03-17T07:50:44.6022080+01:00" endTime="2026-03-17T07:50:44.6031070+01:00" testType="13cdc9d9-ddb5-4fa4-a97d-d965ccfc6d4b" outcome="Passed" testListId="8c84fa94-04c1-424b-9868-57a2d4851a1d" relativeResultsDirectory="4ac2c7c3-0130-4165-a7ad-72c5c292e2a7" />
    <UnitTestResult executionId="df56a74e-97ee-4623-ad7a-315873233dd9" testId="8f3ba877-976c-a493-e876-f22514406843" testName="Update with updateAll followed by where should fail" computerName="Wutang-Lan" duration="00:00:00.0005410" startTime="2026-03-17T07:50:37.5886990+01:00" endTime="2026-03-17T07:50:37.5892410+01:00" testType="13cdc9d9-ddb5-4fa4-a97d-d965ccfc6d4b" outcome="Passed" testListId="8c84fa94-04c1-424b-9868-57a2d4851a1d" relativeResultsDirectory="df56a74e-97ee-4623-ad7a-315873233dd9" />
    <UnitTestResult executionId="90636bc8-ecc6-46ac-94df-a3f6167ef5a5" testId="2beb1487-47c5-a138-593a-711b4ebdfc24" testName="Where bool option is true" computerName="Wutang-Lan" duration="00:00:00.0003379" startTime="2026-03-17T07:50:44.5885150+01:00" endTime="2026-03-17T07:50:44.5888520+01:00" testType="13cdc9d9-ddb5-4fa4-a97d-d965ccfc6d4b" outcome="Passed" testListId="8c84fa94-04c1-424b-9868-57a2d4851a1d" relativeResultsDirectory="90636bc8-ecc6-46ac-94df-a3f6167ef5a5" />
    <UnitTestResult executionId="ee6c7c9f-a1df-431e-886f-b7f3680e97b1" testId="a16fe0c0-5999-be6b-5ed2-9250f7d71ce5" testName="selectAsync - select columns into - mapList column" computerName="Wutang-Lan" duration="00:00:00.0081220" startTime="2026-03-17T07:50:44.6827260+01:00" endTime="2026-03-17T07:50:44.6908480+01:00" testType="13cdc9d9-ddb5-4fa4-a97d-d965ccfc6d4b" outcome="Passed" testListId="8c84fa94-04c1-424b-9868-57a2d4851a1d" relativeResultsDirectory="ee6c7c9f-a1df-431e-886f-b7f3680e97b1">
      <Output>
        <StdOut>SQL: SELECT Concat([p].[FirstName], ' ', [p].[LastName]) FROM [Person].[Person] AS [p] ORDER BY (SELECT 0) OFFSET @p0 ROWS FETCH NEXT @p1 ROWS ONLY
- @p0: 0
- @p1: 10</StdOut>
      </Output>
    </UnitTestResult>
    <UnitTestResult executionId="a64234af-3638-4afb-9eda-3ef3740d7193" testId="9d8679c9-fb05-f0bd-94e1-abd8f844544d" testName="Inner Join - Multi Column" computerName="Wutang-Lan" duration="00:00:00.0020290" startTime="2026-03-17T07:50:37.5741130+01:00" endTime="2026-03-17T07:50:37.5761420+01:00" testType="13cdc9d9-ddb5-4fa4-a97d-d965ccfc6d4b" outcome="Passed" testListId="8c84fa94-04c1-424b-9868-57a2d4851a1d" relativeResultsDirectory="a64234af-3638-4afb-9eda-3ef3740d7193" />
    <UnitTestResult executionId="cd142956-9def-4d25-a16a-f8cfbc86dc3a" testId="d5b02125-253a-2318-bf45-236c45be76bb" testName="Update Shift with TimeOnly" computerName="Wutang-Lan" duration="00:00:00.0039610" startTime="2026-03-17T07:50:44.5066880+01:00" endTime="2026-03-17T07:50:44.5106490+01:00" testType="13cdc9d9-ddb5-4fa4-a97d-d965ccfc6d4b" outcome="Passed" testListId="8c84fa94-04c1-424b-9868-57a2d4851a1d" relativeResultsDirectory="cd142956-9def-4d25-a16a-f8cfbc86dc3a">
      <Output>
        <StdOut>SQL: UPDATE [HumanResources].[Shift] SET [StartTime] = @p0 WHERE ([HumanResources].[Shift].[StartTime] &gt;= @p1)
- @p0: Time: 10:30 AM
- @p1: Time: 9:30 AM
SQL: SELECT * FROM [HumanResources].[Shift] AS [s] WHERE ([s].[StartTime] = @p0)
- @p0: Time: 10:30 AM</StdOut>
      </Output>
    </UnitTestResult>
    <UnitTestResult executionId="66e1be65-5616-458b-be8b-f8af63059814" testId="7d13ac2e-832c-2b65-8bc1-e237c64e717e" testName="Insert Query with Identity" computerName="Wutang-Lan" duration="00:00:00.0003790" startTime="2026-03-17T07:50:37.5210870+01:00" endTime="2026-03-17T07:50:37.5214660+01:00" testType="13cdc9d9-ddb5-4fa4-a97d-d965ccfc6d4b" outcome="Passed" testListId="8c84fa94-04c1-424b-9868-57a2d4851a1d" relativeResultsDirectory="66e1be65-5616-458b-be8b-f8af63059814" />
    <UnitTestResult executionId="15b289ce-fa74-40e8-92dc-b71f24f0d5f6" testId="d2f03697-ce4c-61f6-0087-650092b31e02" testName="Select 1 Column" computerName="Wutang-Lan" duration="00:00:00.0003730" startTime="2026-03-17T07:50:37.5274070+01:00" endTime="2026-03-17T07:50:37.5277800+01:00" testType="13cdc9d9-ddb5-4fa4-a97d-d965ccfc6d4b" outcome="Passed" testListId="8c84fa94-04c1-424b-9868-57a2d4851a1d" relativeResultsDirectory="15b289ce-fa74-40e8-92dc-b71f24f0d5f6" />
    <UnitTestResult executionId="9664b833-7b4f-4f6d-b7e6-26d1676d1730" testId="1ce16fab-a0e1-7620-d313-08a4593bd5b4" testName="Select Address Column Where Address Contains USA" computerName="Wutang-Lan" duration="00:00:00.0028200" startTime="2026-03-17T07:50:37.4781740+01:00" endTime="2026-03-17T07:50:37.4809930+01:00" testType="13cdc9d9-ddb5-4fa4-a97d-d965ccfc6d4b" outcome="Passed" testListId="8c84fa94-04c1-424b-9868-57a2d4851a1d" relativeResultsDirectory="9664b833-7b4f-4f6d-b7e6-26d1676d1730">
      <Output>
        <StdOut>SQL: SELECT "c"."ADDRESS" FROM "OT"."CUSTOMERS" "c" WHERE (LOWER("c"."ADDRESS") like :p0)
- :p0: %usa</StdOut>
      </Output>
    </UnitTestResult>
    <UnitTestResult executionId="31131f60-ac7f-4b31-87bf-1661af0a2f1b" testId="63d70937-0a38-1c00-ae7d-f55683be4603" testName="Where customer |=| List" computerName="Wutang-Lan" duration="00:00:00.0004490" startTime="2026-03-17T07:50:36.4857680+01:00" endTime="2026-03-17T07:50:36.4862170+01:00" testType="13cdc9d9-ddb5-4fa4-a97d-d965ccfc6d4b" outcome="Passed" testListId="8c84fa94-04c1-424b-9868-57a2d4851a1d" relativeResultsDirectory="31131f60-ac7f-4b31-87bf-1661af0a2f1b" />
    <UnitTestResult executionId="8dd63fc0-644a-4d88-bb1c-4de3a358ce24" testId="4136ffc5-2a73-bbd0-5707-ddcc985ac495" testName="Where City Starts With S" computerName="Wutang-Lan" duration="00:00:00.0071570" startTime="2026-03-17T07:50:44.5239470+01:00" endTime="2026-03-17T07:50:44.5311030+01:00" testType="13cdc9d9-ddb5-4fa4-a97d-d965ccfc6d4b" outcome="Passed" testListId="8c84fa94-04c1-424b-9868-57a2d4851a1d" relativeResultsDirectory="8dd63fc0-644a-4d88-bb1c-4de3a358ce24">
      <Output>
        <StdOut>SQL: SELECT * FROM [Person].[Address] AS [a] WHERE ([a].[City] IN (@p0, @p1))
- @p0: NVarChar: Seattle
- @p1: NVarChar: Santa Cruz</StdOut>
      </Output>
    </UnitTestResult>
    <UnitTestResult executionId="970874f9-be4c-4bef-888e-97e087485cef" testId="2ae583a4-37c2-d100-5078-655a201d5393" testName="Update Query with multiple Wheres" computerName="Wutang-Lan" duration="00:00:00.0006110" startTime="2026-03-17T07:50:37.5285370+01:00" endTime="2026-03-17T07:50:37.5291480+01:00" testType="13cdc9d9-ddb5-4fa4-a97d-d965ccfc6d4b" outcome="Passed" testListId="8c84fa94-04c1-424b-9868-57a2d4851a1d" relativeResultsDirectory="970874f9-be4c-4bef-888e-97e087485cef" />
    <UnitTestResult executionId="6206c8ab-2fab-4394-8fb1-369cb44c9a08" testId="f91df7d1-8b0d-1ec3-8518-430c5fc044aa" testName="SQL Functions - ISNULL with non-optional column" computerName="Wutang-Lan" duration="00:00:00.0028330" startTime="2026-03-17T07:50:44.4525650+01:00" endTime="2026-03-17T07:50:44.4553980+01:00" testType="13cdc9d9-ddb5-4fa4-a97d-d965ccfc6d4b" outcome="Passed" testListId="8c84fa94-04c1-424b-9868-57a2d4851a1d" relativeResultsDirectory="6206c8ab-2fab-4394-8fb1-369cb44c9a08">
      <Output>
        <StdOut>SQL: SELECT ISNULL([p].[FirstName], 'Unknown') FROM [Person].[Person] AS [p] WHERE ([p].[FirstName] = @p0) ORDER BY (SELECT 0) OFFSET @p1 ROWS FETCH NEXT @p2 ROWS ONLY
- @p0: NVarChar: Ken
- @p1: 0
- @p2: 1</StdOut>
      </Output>
    </UnitTestResult>
    <UnitTestResult executionId="052d47e1-32fa-4b90-ba34-45455f3d3ada" testId="481b440e-3b93-5047-14ac-5e41c8298bfa" testName="Left Join - Multi Column" computerName="Wutang-Lan" duration="00:00:00.0009090" startTime="2026-03-17T07:50:44.6127690+01:00" endTime="2026-03-17T07:50:44.6136780+01:00" testType="13cdc9d9-ddb5-4fa4-a97d-d965ccfc6d4b" outcome="Passed" testListId="8c84fa94-04c1-424b-9868-57a2d4851a1d" relativeResultsDirectory="052d47e1-32fa-4b90-ba34-45455f3d3ada" />
    <UnitTestResult executionId="66b3c79c-9325-4125-be11-075b5cbabaa4" testId="b53ce035-2cdb-9203-7425-ff1df4db9447" testName="Where Customer |=| Array" computerName="Wutang-Lan" duration="00:00:00.0004010" startTime="2026-03-17T07:50:44.6333320+01:00" endTime="2026-03-17T07:50:44.6337330+01:00" testType="13cdc9d9-ddb5-4fa4-a97d-d965ccfc6d4b" outcome="Passed" testListId="8c84fa94-04c1-424b-9868-57a2d4851a1d" relativeResultsDirectory="66b3c79c-9325-4125-be11-075b5cbabaa4" />
    <UnitTestResult executionId="5d97d89b-b828-4418-a073-14b621df5024" testId="c8d8ce4a-15bb-c46e-93d1-b1c7b21ef229" testName="Correlated Subquery" computerName="Wutang-Lan" duration="00:00:00.0011300" startTime="2026-03-17T07:50:37.5176520+01:00" endTime="2026-03-17T07:50:37.5187830+01:00" testType="13cdc9d9-ddb5-4fa4-a97d-d965ccfc6d4b" outcome="Passed" testListId="8c84fa94-04c1-424b-9868-57a2d4851a1d" relativeResultsDirectory="5d97d89b-b828-4418-a073-14b621df5024" />
    <UnitTestResult executionId="fa27b18c-8f1c-4d75-8dd4-dd865d3acaa6" testId="5892f076-d924-f68a-05ee-1602f994dcf6" testName="Update Employee DateOnly" computerName="Wutang-Lan" duration="00:00:00.0188420" startTime="2026-03-17T07:50:44.4755650+01:00" endTime="2026-03-17T07:50:44.4944060+01:00" testType="13cdc9d9-ddb5-4fa4-a97d-d965ccfc6d4b" outcome="Passed" testListId="8c84fa94-04c1-424b-9868-57a2d4851a1d" relativeResultsDirectory="fa27b18c-8f1c-4d75-8dd4-dd865d3acaa6">
      <Output>
        <StdOut>SQL: SELECT [e].* FROM [HumanResources].[Employee] AS [e]
SQL: UPDATE [HumanResources].[Employee] SET [BirthDate] = @p0 WHERE ([HumanResources].[Employee].[BusinessEntityID] = @p1)
- @p0: Date: 1/1/1980
- @p1: Int: 1
SQL: SELECT * FROM [HumanResources].[Employee] AS [e] WHERE ([e].[BusinessEntityID] = @p0)
- @p0: Int: 1</StdOut>
      </Output>
    </UnitTestResult>
    <UnitTestResult executionId="ea8a63f4-3108-4fd1-9706-c26356411e7d" testId="3cc01bd5-0cc7-8eb9-073d-4cfb6cb63061" testName="Update Query with No Where" computerName="Wutang-Lan" duration="00:00:00.0003060" startTime="2026-03-17T07:50:44.6281670+01:00" endTime="2026-03-17T07:50:44.6284720+01:00" testType="13cdc9d9-ddb5-4fa4-a97d-d965ccfc6d4b" outcome="Passed" testListId="8c84fa94-04c1-424b-9868-57a2d4851a1d" relativeResultsDirectory="ea8a63f4-3108-4fd1-9706-c26356411e7d" />
    <UnitTestResult executionId="058ca0c0-d086-47f7-8d53-c376827c875d" testId="29e6902c-fd7d-7f5c-c2f2-ab2edbc75837" testName="Select Columns with Option" computerName="Wutang-Lan" duration="00:00:00.0025280" startTime="2026-03-17T07:50:44.5509280+01:00" endTime="2026-03-17T07:50:44.5534560+01:00" testType="13cdc9d9-ddb5-4fa4-a97d-d965ccfc6d4b" outcome="Passed" testListId="8c84fa94-04c1-424b-9868-57a2d4851a1d" relativeResultsDirectory="058ca0c0-d086-47f7-8d53-c376827c875d">
      <Output>
        <StdOut>SQL: SELECT [p].[ProductSubcategoryID], [p].[ListPrice] FROM [Production].[Product] AS [p] WHERE ([p].[ProductSubcategoryID] IS NOT NULL)</StdOut>
      </Output>
    </UnitTestResult>
    <UnitTestResult executionId="3b72e4b0-d681-45da-af71-2c8c4fb4ec4c" testId="6fbac03f-d73c-9299-bbd0-3fb9f17807ae" testName="Apply No Filters" computerName="Wutang-Lan" duration="00:00:00.0003510" startTime="2026-03-17T07:50:44.8083010+01:00" endTime="2026-03-17T07:50:44.8086520+01:00" testType="13cdc9d9-ddb5-4fa4-a97d-d965ccfc6d4b" outcome="Passed" testListId="8c84fa94-04c1-424b-9868-57a2d4851a1d" relativeResultsDirectory="3b72e4b0-d681-45da-af71-2c8c4fb4ec4c" />
    <UnitTestResult executionId="85ab1c89-d5ae-42de-bea0-573a9507f010" testId="e81be611-9671-b375-d22d-2bcc006dd72d" testName="Insert OnConflictDoNothing with Where" computerName="Wutang-Lan" duration="00:00:00.0018890" startTime="2026-03-17T07:50:36.4597370+01:00" endTime="2026-03-17T07:50:36.4616260+01:00" testType="13cdc9d9-ddb5-4fa4-a97d-d965ccfc6d4b" outcome="Passed" testListId="8c84fa94-04c1-424b-9868-57a2d4851a1d" relativeResultsDirectory="85ab1c89-d5ae-42de-bea0-573a9507f010" />
    <UnitTestResult executionId="061505b2-eaa1-474d-b1e1-2e93bfb045ab" testId="161dde38-0bf8-76a0-0ed7-00e7b0b5f963" testName="Underscore Assignment Edge Case - delete - should be valid" computerName="Wutang-Lan" duration="00:00:00.0002560" startTime="2026-03-17T07:50:44.6266130+01:00" endTime="2026-03-17T07:50:44.6268690+01:00" testType="13cdc9d9-ddb5-4fa4-a97d-d965ccfc6d4b" outcome="Passed" testListId="8c84fa94-04c1-424b-9868-57a2d4851a1d" relativeResultsDirectory="061505b2-eaa1-474d-b1e1-2e93bfb045ab" />
    <UnitTestResult executionId="8b016a81-f061-4cb6-a541-0fec4523cd08" testId="ff665654-a097-7fc3-d4d5-709fa78f7e5d" testName="Update should pass because where exists" computerName="Wutang-Lan" duration="00:00:00.0004290" startTime="2026-03-17T07:50:37.5882530+01:00" endTime="2026-03-17T07:50:37.5886820+01:00" testType="13cdc9d9-ddb5-4fa4-a97d-d965ccfc6d4b" outcome="Passed" testListId="8c84fa94-04c1-424b-9868-57a2d4851a1d" relativeResultsDirectory="8b016a81-f061-4cb6-a541-0fec4523cd08" />
    <UnitTestResult executionId="edbdec23-05c6-4bb1-aa28-57b383e9f304" testId="de121254-a42e-cf42-c98b-0365d3fa5732" testName="Inline Aggregates" computerName="Wutang-Lan" duration="00:00:00.0004950" startTime="2026-03-17T07:50:44.6063180+01:00" endTime="2026-03-17T07:50:44.6068130+01:00" testType="13cdc9d9-ddb5-4fa4-a97d-d965ccfc6d4b" outcome="Passed" testListId="8c84fa94-04c1-424b-9868-57a2d4851a1d" relativeResultsDirectory="edbdec23-05c6-4bb1-aa28-57b383e9f304" />
    <UnitTestResult executionId="8a5d9215-739c-42ea-bc4e-a6b5d698ee41" testId="57f5b5af-b3c1-ea7c-7b60-48e507bde102" testName="Select 1 Table and 1 Column" computerName="Wutang-Lan" duration="00:00:00.0000030" startTime="2026-03-17T07:50:44.6197760+01:00" endTime="2026-03-17T07:50:44.6197790+01:00" testType="13cdc9d9-ddb5-4fa4-a97d-d965ccfc6d4b" outcome="NotExecuted" testListId="8c84fa94-04c1-424b-9868-57a2d4851a1d" relativeResultsDirectory="8a5d9215-739c-42ea-bc4e-a6b5d698ee41">
      <Output>
        <StdOut>Temporarily ignoring test for emergency fix</StdOut>
        <ErrorInfo>
          <Message>Temporarily ignoring test for emergency fix</Message>
        </ErrorInfo>
      </Output>
    </UnitTestResult>
    <UnitTestResult executionId="042ea1b6-6757-4de2-840e-7de7637f037c" testId="b27b8a8e-2114-ad3b-6b11-d02e0b201f05" testName="Multiple Inserts" computerName="Wutang-Lan" duration="00:00:00.0043760" startTime="2026-03-17T07:50:37.4639760+01:00" endTime="2026-03-17T07:50:37.4683520+01:00" testType="13cdc9d9-ddb5-4fa4-a97d-d965ccfc6d4b" outcome="Passed" testListId="8c84fa94-04c1-424b-9868-57a2d4851a1d" relativeResultsDirectory="042ea1b6-6757-4de2-840e-7de7637f037c">
      <Output>
        <StdOut>SQL: INSERT ALL
INTO "OT"."COUNTRIES" ("COUNTRY_ID", "COUNTRY_NAME", "REGION_ID") VALUES (:p0, :p1, :p2)
INTO "OT"."COUNTRIES" ("COUNTRY_ID", "COUNTRY_NAME", "REGION_ID") VALUES (:p3, :p4, :p5)
INTO "OT"."COUNTRIES" ("COUNTRY_ID", "COUNTRY_NAME", "REGION_ID") VALUES (:p6, :p7, :p8)
SELECT * FROM DUAL

- :p0: obj: X0
- :p1: obj: Country-0
- :p2: obj: 2
- :p3: obj: X1
- :p4: obj: Country-1
- :p5: obj: 2
- :p6: obj: X2
- :p7: obj: Country-2
- :p8: obj: 2
SQL: SELECT "c"."COUNTRY_ID" FROM "OT"."COUNTRIES" "c" WHERE (LOWER("c"."COUNTRY_ID") like :p0) ORDER BY "c"."COUNTRY_ID"
- :p0: x%</StdOut>
      </Output>
    </UnitTestResult>
    <UnitTestResult executionId="9cbafa68-a314-4221-adc8-4db7e0011d39" testId="0a203412-5f8e-93e5-de66-90db9ee9cc2c" testName="DiffService Diff" computerName="Wutang-Lan" duration="00:00:00.0068280" startTime="2026-03-17T07:50:37.7530490+01:00" endTime="2026-03-17T07:50:37.7598770+01:00" testType="13cdc9d9-ddb5-4fa4-a97d-d965ccfc6d4b" outcome="Passed" testListId="8c84fa94-04c1-424b-9868-57a2d4851a1d" relativeResultsDirectory="9cbafa68-a314-4221-adc8-4db7e0011d39" />
    <UnitTestResult executionId="1ed74cf3-b350-4ffe-922d-23e1dd279277" testId="66f432df-8808-8734-ecf4-96649e9783c5" testName="Where Customer |=| Seq" computerName="Wutang-Lan" duration="00:00:00.0022410" startTime="2026-03-17T07:50:37.5912390+01:00" endTime="2026-03-17T07:50:37.5934800+01:00" testType="13cdc9d9-ddb5-4fa4-a97d-d965ccfc6d4b" outcome="Passed" testListId="8c84fa94-04c1-424b-9868-57a2d4851a1d" relativeResultsDirectory="1ed74cf3-b350-4ffe-922d-23e1dd279277" />
    <UnitTestResult executionId="d753a8ad-6910-40e3-9c0c-602e97466d91" testId="b9cc8398-0747-f8bf-14d0-c43981f24649" testName="selectAsync - select p" computerName="Wutang-Lan" duration="00:00:00.0099919" startTime="2026-03-17T07:50:44.6986350+01:00" endTime="2026-03-17T07:50:44.7086270+01:00" testType="13cdc9d9-ddb5-4fa4-a97d-d965ccfc6d4b" outcome="Passed" testListId="8c84fa94-04c1-424b-9868-57a2d4851a1d" relativeResultsDirectory="d753a8ad-6910-40e3-9c0c-602e97466d91">
      <Output>
        <StdOut>SQL: SELECT [p].* FROM [Person].[Person] AS [p] ORDER BY (SELECT 0) OFFSET @p0 ROWS FETCH NEXT @p1 ROWS ONLY
- @p0: 0
- @p1: 10</StdOut>
      </Output>
    </UnitTestResult>
    <UnitTestResult executionId="75132694-b7cd-4010-8d55-fa6bd3954e64" testId="710c5d08-8177-70db-35f6-f55d9d95160f" testName="selectAsync - count" computerName="Wutang-Lan" duration="00:00:00.0131390" startTime="2026-03-17T07:50:44.6400130+01:00" endTime="2026-03-17T07:50:44.6531510+01:00" testType="13cdc9d9-ddb5-4fa4-a97d-d965ccfc6d4b" outcome="Passed" testListId="8c84fa94-04c1-424b-9868-57a2d4851a1d" relativeResultsDirectory="75132694-b7cd-4010-8d55-fa6bd3954e64">
      <Output>
        <StdOut>SQL: SELECT COUNT(*) AS [count] FROM [Person].[Person] AS [p]</StdOut>
      </Output>
    </UnitTestResult>
    <UnitTestResult executionId="641b9588-a868-437a-bbea-07d37714ba1a" testId="bcc589e8-66e1-41c6-89d3-7ff48b64ae38" testName="Aggregate Subquery One" computerName="Wutang-Lan" duration="00:00:00.4852850" startTime="2026-03-17T07:50:36.4996720+01:00" endTime="2026-03-17T07:50:36.9849600+01:00" testType="13cdc9d9-ddb5-4fa4-a97d-d965ccfc6d4b" outcome="Passed" testListId="8c84fa94-04c1-424b-9868-57a2d4851a1d" relativeResultsDirectory="641b9588-a868-437a-bbea-07d37714ba1a">
      <Output>
        <StdOut>SQL: SELECT "p"."PRODUCT_NAME", "p"."LIST_PRICE" FROM "OT"."PRODUCTS" "p" WHERE ("p"."LIST_PRICE" &gt; (SELECT AVG("p"."LIST_PRICE") FROM "OT"."PRODUCTS" "p" WHERE ("p"."LIST_PRICE" IS NOT NULL))) ORDER BY "p"."LIST_PRICE" DESC</StdOut>
      </Output>
    </UnitTestResult>
    <UnitTestResult executionId="ff9c17ee-bbab-4c65-aa12-8aa51b176a8d" testId="13f14b1f-7b22-fcd7-85b6-eabc06e47d14" testName="Select Column Aggregates" computerName="Wutang-Lan" duration="00:00:00.0000050" startTime="2026-03-17T07:50:37.4810160+01:00" endTime="2026-03-17T07:50:37.4810210+01:00" testType="13cdc9d9-ddb5-4fa4-a97d-d965ccfc6d4b" outcome="NotExecuted" testListId="8c84fa94-04c1-424b-9868-57a2d4851a1d" relativeResultsDirectory="ff9c17ee-bbab-4c65-aa12-8aa51b176a8d">
      <Output>
        <StdOut>Ignore</StdOut>
        <ErrorInfo>
          <Message>Ignore</Message>
        </ErrorInfo>
      </Output>
    </UnitTestResult>
    <UnitTestResult executionId="59f56374-c6fa-4d37-8842-ea7efcadecd0" testId="36e8ac05-c7a8-bf50-3fd4-acaa717be72b" testName="selectAsync - toArray" computerName="Wutang-Lan" duration="00:00:00.0084890" startTime="2026-03-17T07:50:44.7086410+01:00" endTime="2026-03-17T07:50:44.7171300+01:00" testType="13cdc9d9-ddb5-4fa4-a97d-d965ccfc6d4b" outcome="Passed" testListId="8c84fa94-04c1-424b-9868-57a2d4851a1d" relativeResultsDirectory="59f56374-c6fa-4d37-8842-ea7efcadecd0">
      <Output>
        <StdOut>SQL: SELECT [p].* FROM [Person].[Person] AS [p] ORDER BY (SELECT 0) OFFSET @p0 ROWS FETCH NEXT @p1 ROWS ONLY
- @p0: 0
- @p1: 10</StdOut>
      </Output>
    </UnitTestResult>
    <UnitTestResult executionId="0e89e316-dbde-4065-ae11-f5696c77b275" testId="fb95b9f7-7bd7-80c5-f7ec-b85807bc1d95" testName="Individual column from a leftJoin table should be optional if Option map" computerName="Wutang-Lan" duration="00:00:00.0008600" startTime="2026-03-17T07:50:44.6054420+01:00" endTime="2026-03-17T07:50:44.6063020+01:00" testType="13cdc9d9-ddb5-4fa4-a97d-d965ccfc6d4b" outcome="Passed" testListId="8c84fa94-04c1-424b-9868-57a2d4851a1d" relativeResultsDirectory="0e89e316-dbde-4065-ae11-f5696c77b275" />
    <UnitTestResult executionId="95dc4470-359e-4bd0-a88d-b5768e1d5fa9" testId="0e043437-ea9e-f7f2-0d60-22acd1d88b6e" testName="Conditional Where And Clauses, One True" computerName="Wutang-Lan" duration="00:00:00.0006500" startTime="2026-03-17T07:50:44.5932530+01:00" endTime="2026-03-17T07:50:44.5939030+01:00" testType="13cdc9d9-ddb5-4fa4-a97d-d965ccfc6d4b" outcome="Passed" testListId="8c84fa94-04c1-424b-9868-57a2d4851a1d" relativeResultsDirectory="95dc4470-359e-4bd0-a88d-b5768e1d5fa9" />
    <UnitTestResult executionId="1c061aa4-5c6b-4fc9-864f-0449bce3985b" testId="3d52f067-2d48-9fe9-55ad-67789eae4541" testName="Where customer |=| Seq" computerName="Wutang-Lan" duration="00:00:00.0026740" startTime="2026-03-17T07:50:36.4862360+01:00" endTime="2026-03-17T07:50:36.4889100+01:00" testType="13cdc9d9-ddb5-4fa4-a97d-d965ccfc6d4b" outcome="Passed" testListId="8c84fa94-04c1-424b-9868-57a2d4851a1d" relativeResultsDirectory="1c061aa4-5c6b-4fc9-864f-0449bce3985b" />
    <UnitTestResult executionId="0801f81f-ea52-4999-a647-38a6eea5a476" testId="388ab6ca-f170-be28-dd77-d969ec4ddc11" testName="SQL Functions - Nested function calls" computerName="Wutang-Lan" duration="00:00:00.0029290" startTime="2026-03-17T07:50:44.4695980+01:00" endTime="2026-03-17T07:50:44.4725270+01:00" testType="13cdc9d9-ddb5-4fa4-a97d-d965ccfc6d4b" outcome="Passed" testListId="8c84fa94-04c1-424b-9868-57a2d4851a1d" relativeResultsDirectory="0801f81f-ea52-4999-a647-38a6eea5a476">
      <Output>
        <StdOut>SQL: SELECT LEN(UPPER([p].[FirstName])) FROM [Person].[Person] AS [p] WHERE ([p].[FirstName] = @p0) ORDER BY (SELECT 0) OFFSET @p1 ROWS FETCH NEXT @p2 ROWS ONLY
- @p0: NVarChar: Ken
- @p1: 0
- @p2: 1</StdOut>
      </Output>
    </UnitTestResult>
    <UnitTestResult executionId="599dc984-d3f9-4caf-a2b9-421977eb4c00" testId="c6b173da-b223-8541-fe80-23dc2d43369c" testName="Distinct Test" computerName="Wutang-Lan" duration="00:00:00.0433889" startTime="2026-03-17T07:50:30.0158510+01:00" endTime="2026-03-17T07:50:30.0592400+01:00" testType="13cdc9d9-ddb5-4fa4-a97d-d965ccfc6d4b" outcome="Passed" testListId="8c84fa94-04c1-424b-9868-57a2d4851a1d" relativeResultsDirectory="599dc984-d3f9-4caf-a2b9-421977eb4c00">
      <Output>
        <StdOut>SQL: INSERT INTO "sales"."currency" ("currencycode", "name", "modifieddate") VALUES (@p0, @p1, @p2), (@p3, @p4, @p5), (@p6, @p7, @p8)
- @p0: Char: BC0
- @p1: Varchar: BitCoin
- @p2: Timestamp: 3/17/2026 12:00:00 AM
- @p3: Char: BC1
- @p4: Varchar: BitCoin
- @p5: Timestamp: 3/17/2026 12:00:00 AM
- @p6: Char: BC2
- @p7: Varchar: BitCoin
- @p8: Timestamp: 3/17/2026 12:00:00 AM
SQL: SELECT "c"."name" FROM "sales"."currency" AS "c" WHERE ("c"."currencycode" ilike @p0)
- @p0: BC%
SQL: SELECT DISTINCT "c"."name" FROM "sales"."currency" AS "c" WHERE ("c"."currencycode" ilike @p0)
- @p0: BC%</StdOut>
      </Output>
    </UnitTestResult>
    <UnitTestResult executionId="2d4483f4-1826-4efa-a2f8-2bc3d45a5ee9" testId="638ef64a-75f6-e551-2171-a2e9eae1e683" testName="Enum Tests" computerName="Wutang-Lan" duration="00:00:00.0254700" startTime="2026-03-17T07:50:30.0592670+01:00" endTime="2026-03-17T07:50:30.0847370+01:00" testType="13cdc9d9-ddb5-4fa4-a97d-d965ccfc6d4b" outcome="Passed" testListId="8c84fa94-04c1-424b-9868-57a2d4851a1d" relativeResultsDirectory="2d4483f4-1826-4efa-a2f8-2bc3d45a5ee9">
      <Output>
        <StdOut>SQL: DELETE FROM "ext"."person"
SQL: INSERT INTO "ext"."person" ("name", "currentmood") VALUES (@p0, @p1)
- @p0: Text: john doe
- @p1: obj: ok
SQL: SELECT "p".* FROM "ext"."person" AS "p"
SQL: UPDATE "ext"."person" SET "currentmood" = @p0 WHERE ("ext"."person"."currentmood" = @p1)
- @p0: obj: happy
- @p1: obj: ok
SQL: SELECT "p".* FROM "ext"."person" AS "p"</StdOut>
      </Output>
    </UnitTestResult>
    <UnitTestResult executionId="57eb639f-a394-4415-a977-231fb24b3cff" testId="c9ee9bb2-a4d6-85ed-d16e-2772a88818f5" testName="Where bool is false" computerName="Wutang-Lan" duration="00:00:00.0004310" startTime="2026-03-17T07:50:44.6305400+01:00" endTime="2026-03-17T07:50:44.6309710+01:00" testType="13cdc9d9-ddb5-4fa4-a97d-d965ccfc6d4b" outcome="Passed" testListId="8c84fa94-04c1-424b-9868-57a2d4851a1d" relativeResultsDirectory="57eb639f-a394-4415-a977-231fb24b3cff" />
    <UnitTestResult executionId="2c708fad-d958-48b9-bb2a-ae51465f399a" testId="2151e854-aa89-6d44-f09a-4edb624b4155" testName="Conditional Where And Clauses, Both True" computerName="Wutang-Lan" duration="00:00:00.0005770" startTime="2026-03-17T07:50:44.5919680+01:00" endTime="2026-03-17T07:50:44.5925450+01:00" testType="13cdc9d9-ddb5-4fa4-a97d-d965ccfc6d4b" outcome="Passed" testListId="8c84fa94-04c1-424b-9868-57a2d4851a1d" relativeResultsDirectory="2c708fad-d958-48b9-bb2a-ae51465f399a" />
    <UnitTestResult executionId="72a05fae-54b3-40d5-9574-7279f5c91935" testId="427d3887-8eec-6c08-37dc-1e2972b30fe7" testName="Update should pass because updateAll exists" computerName="Wutang-Lan" duration="00:00:00.0001670" startTime="2026-03-17T07:50:36.4828390+01:00" endTime="2026-03-17T07:50:36.4830060+01:00" testType="13cdc9d9-ddb5-4fa4-a97d-d965ccfc6d4b" outcome="Passed" testListId="8c84fa94-04c1-424b-9868-57a2d4851a1d" relativeResultsDirectory="72a05fae-54b3-40d5-9574-7279f5c91935" />
    <UnitTestResult executionId="553fca86-697a-4c1a-8db6-d89bae98506b" testId="83e8188d-ffd2-3a65-9304-d36b1970839b" testName="Where with AND and OR in Parenthesis" computerName="Wutang-Lan" duration="00:00:00.0005970" startTime="2026-03-17T07:50:37.5953560+01:00" endTime="2026-03-17T07:50:37.5959540+01:00" testType="13cdc9d9-ddb5-4fa4-a97d-d965ccfc6d4b" outcome="Passed" testListId="8c84fa94-04c1-424b-9868-57a2d4851a1d" relativeResultsDirectory="553fca86-697a-4c1a-8db6-d89bae98506b" />
    <UnitTestResult executionId="68c48304-bd85-4e0b-bd75-991896c80620" testId="a40263af-b3af-799e-09b4-0e9f887b932c" testName="Implicit Casts Option aciq's example" computerName="Wutang-Lan" duration="00:00:00.0003630" startTime="2026-03-17T07:50:37.5723950+01:00" endTime="2026-03-17T07:50:37.5727580+01:00" testType="13cdc9d9-ddb5-4fa4-a97d-d965ccfc6d4b" outcome="Passed" testListId="8c84fa94-04c1-424b-9868-57a2d4851a1d" relativeResultsDirectory="68c48304-bd85-4e0b-bd75-991896c80620" />
    <UnitTestResult executionId="a4e4e35f-7dee-4c7d-a54a-5f09887bb137" testId="06f57831-6ba3-e770-0172-cf73db3a9311" testName="selectTask - tryHead - Mapped" computerName="Wutang-Lan" duration="00:00:00.0030310" startTime="2026-03-17T07:50:44.7622930+01:00" endTime="2026-03-17T07:50:44.7653240+01:00" testType="13cdc9d9-ddb5-4fa4-a97d-d965ccfc6d4b" outcome="Passed" testListId="8c84fa94-04c1-424b-9868-57a2d4851a1d" relativeResultsDirectory="a4e4e35f-7dee-4c7d-a54a-5f09887bb137">
      <Output>
        <StdOut>SQL: SELECT Concat([p].[FirstName], ' ', [p].[LastName]) FROM [Person].[Person] AS [p] ORDER BY (SELECT 0) OFFSET @p0 ROWS FETCH NEXT @p1 ROWS ONLY
- @p0: 0
- @p1: 1</StdOut>
      </Output>
    </UnitTestResult>
    <UnitTestResult executionId="326d198d-7e45-4a1f-96e2-74f5dd428379" testId="19e11ef2-38eb-4a53-94a7-0dc03d234e58" testName="Where Customer |=| Seq" computerName="Wutang-Lan" duration="00:00:00.0026790" startTime="2026-03-17T07:50:37.5344100+01:00" endTime="2026-03-17T07:50:37.5370900+01:00" testType="13cdc9d9-ddb5-4fa4-a97d-d965ccfc6d4b" outcome="Passed" testListId="8c84fa94-04c1-424b-9868-57a2d4851a1d" relativeResultsDirectory="326d198d-7e45-4a1f-96e2-74f5dd428379" />
    <UnitTestResult executionId="17dba0bd-95fc-455e-9bd4-9767c137ddbe" testId="98f4fe64-0b8c-1ec9-a662-b8a410732970" testName="Where bool option is true" computerName="Wutang-Lan" duration="00:00:00.0003340" startTime="2026-03-17T07:50:44.6324810+01:00" endTime="2026-03-17T07:50:44.6328160+01:00" testType="13cdc9d9-ddb5-4fa4-a97d-d965ccfc6d4b" outcome="Passed" testListId="8c84fa94-04c1-424b-9868-57a2d4851a1d" relativeResultsDirectory="17dba0bd-95fc-455e-9bd4-9767c137ddbe" />
    <UnitTestResult executionId="bd880a3e-605f-4201-a23d-7150139ced24" testId="3b20b309-57f4-8222-d691-541c282abee2" testName="insertOrUpdateOnUnique updates when nullable key column is NULL" computerName="Wutang-Lan" duration="00:00:00.0072780" startTime="2026-03-17T07:50:44.3543120+01:00" endTime="2026-03-17T07:50:44.3615900+01:00" testType="13cdc9d9-ddb5-4fa4-a97d-d965ccfc6d4b" outcome="Passed" testListId="8c84fa94-04c1-424b-9868-57a2d4851a1d" relativeResultsDirectory="bd880a3e-605f-4201-a23d-7150139ced24">
      <Output>
        <StdOut>SQL: INSERT INTO [ext].[NullableKeyUpsert] ([Key1], [Key2], [Value]) VALUES (@p0, @p1, @p2)
- @p0: UniqueIdentifier: 422a192c-b25a-4d2e-b85c-b3b11af92b25
- @p1: NVarChar: 
- @p2: NVarChar: original
SQL: 
BEGIN TRY
    INSERT INTO [ext].[NullableKeyUpsert] ([Key1], [Key2], [Value]) VALUES (@p0, @p1, @p2)
END TRY
BEGIN CATCH
    DECLARE @err INT = ERROR_NUMBER();
    IF @err NOT IN (2627, 2601) THROW;

    UPDATE t SET [Value] = @__update_Value
    FROM [ext].[NullableKeyUpsert] AS t
    WHERE (
        (t.[Key1] = @__key_Key1 OR (t.[Key1] IS NULL AND @__key_Key1 IS NULL)) AND
        (t.[Key2] = @__key_Key2 OR (t.[Key2] IS NULL AND @__key_Key2 IS NULL))
    );

    IF @@ROWCOUNT = 0
    BEGIN
        INSERT INTO [ext].[NullableKeyUpsert] ([Key1], [Key2], [Value]) VALUES (@p0, @p1, @p2)
    END
END CATCH;
- @p0: UniqueIdentifier: 422a192c-b25a-4d2e-b85c-b3b11af92b25
- @p1: NVarChar: 
- @p2: NVarChar: updated
SQL: SELECT [e].[Value] FROM [ext].[NullableKeyUpsert] AS [e] WHERE ([e].[Key1] = @p0)
- @p0: UniqueIdentifier: 422a192c-b25a-4d2e-b85c-b3b11af92b25</StdOut>
      </Output>
    </UnitTestResult>
    <UnitTestResult executionId="1bda3693-076f-425b-a05c-c5d73cdd8343" testId="3c2611b5-bd6e-0d2a-efe7-d2418f76ccdd" testName="Where value and column are swapped" computerName="Wutang-Lan" duration="00:00:00.0004390" startTime="2026-03-17T07:50:44.6389350+01:00" endTime="2026-03-17T07:50:44.6393740+01:00" testType="13cdc9d9-ddb5-4fa4-a97d-d965ccfc6d4b" outcome="Passed" testListId="8c84fa94-04c1-424b-9868-57a2d4851a1d" relativeResultsDirectory="1bda3693-076f-425b-a05c-c5d73cdd8343" />
    <UnitTestResult executionId="87fce99c-942f-489f-b40b-e10469906bf3" testId="3a75c1b4-aa01-756f-b7e3-ac49a252837b" testName="InsertGetIdAsync Test" computerName="Wutang-Lan" duration="00:00:00.0022550" startTime="2026-03-17T07:50:44.5406700+01:00" endTime="2026-03-17T07:50:44.5429260+01:00" testType="13cdc9d9-ddb5-4fa4-a97d-d965ccfc6d4b" outcome="Passed" testListId="8c84fa94-04c1-424b-9868-57a2d4851a1d" relativeResultsDirectory="87fce99c-942f-489f-b40b-e10469906bf3">
      <Output>
        <StdOut>SQL: INSERT INTO [dbo].[ErrorLog] ([ErrorTime], [UserName], [ErrorNumber], [ErrorSeverity], [ErrorState], [ErrorProcedure], [ErrorLine], [ErrorMessage]) VALUES (@p0, @p1, @p2, @p3, @p4, @p5, @p6, @p7);SELECT scope_identity() as Id
- @p0: DateTime: 3/17/2026 7:50:44 AM
- @p1: NVarChar: jmarr
- @p2: Int: 400
- @p3: Int: 
- @p4: Int: 
- @p5: NVarChar: Procedure 400
- @p6: Int: 
- @p7: NVarChar: TEST INSERT ASYNC</StdOut>
      </Output>
    </UnitTestResult>
    <UnitTestResult executionId="3382c567-359f-43c7-85a2-3bb32e373acd" testId="43e72ed3-3d08-53d2-0a24-ada1daae34ca" testName="Apply Multiple Includes" computerName="Wutang-Lan" duration="00:00:00.0019589" startTime="2026-03-17T07:50:44.8063280+01:00" endTime="2026-03-17T07:50:44.8082870+01:00" testType="13cdc9d9-ddb5-4fa4-a97d-d965ccfc6d4b" outcome="Passed" testListId="8c84fa94-04c1-424b-9868-57a2d4851a1d" relativeResultsDirectory="3382c567-359f-43c7-85a2-3bb32e373acd">
      <Output>
        <StdOut>\u001b[38;5;12m-\u001b[0m Filters:
  \u001b[38;5;12m-\u001b[0m Include: \u001b[38;5;2m[dbo/tbl1; prod/tbl2]\u001b[0m
  \u001b[38;5;12m-\u001b[0m Exclude: \u001b[38;5;9m[]\u001b[0m
  \u001b[38;5;12m-\u001b[0m Tables &amp; Views: \u001b[38;5;39m2 of 4\u001b[0m</StdOut>
      </Output>
    </UnitTestResult>
    <UnitTestResult executionId="d2e72d0b-bda5-4c6d-adb6-0f354a17ac26" testId="01dcbc32-b258-0ae5-c24d-407781ad9dfb" testName="Select 1 Column" computerName="Wutang-Lan" duration="00:00:00.0003780" startTime="2026-03-17T07:50:44.6193820+01:00" endTime="2026-03-17T07:50:44.6197600+01:00" testType="13cdc9d9-ddb5-4fa4-a97d-d965ccfc6d4b" outcome="Passed" testListId="8c84fa94-04c1-424b-9868-57a2d4851a1d" relativeResultsDirectory="d2e72d0b-bda5-4c6d-adb6-0f354a17ac26" />
    <UnitTestResult executionId="d7d6e864-0d29-49b9-8b46-49846095e55c" testId="2c6826dd-8ac4-f89b-a629-e31cdad15e11" testName="Query Employee Record with DateOnly" computerName="Wutang-Lan" duration="00:00:00.0118710" startTime="2026-03-17T07:50:36.3302470+01:00" endTime="2026-03-17T07:50:36.3421180+01:00" testType="13cdc9d9-ddb5-4fa4-a97d-d965ccfc6d4b" outcome="Passed" testListId="8c84fa94-04c1-424b-9868-57a2d4851a1d" relativeResultsDirectory="d7d6e864-0d29-49b9-8b46-49846095e55c">
      <Output>
        <StdOut>SQL: SELECT "e".* FROM "humanresources"."employee" AS "e"</StdOut>
      </Output>
    </UnitTestResult>
    <UnitTestResult executionId="c730e848-1ed3-4fd5-b71b-3a8c07db8630" testId="c476cd81-3e46-7bd7-1ee2-b2313693ec8e" testName="Query Employee Record with DateOnly" computerName="Wutang-Lan" duration="00:00:00.0132790" startTime="2026-03-17T07:50:44.3890070+01:00" endTime="2026-03-17T07:50:44.4022860+01:00" testType="13cdc9d9-ddb5-4fa4-a97d-d965ccfc6d4b" outcome="Passed" testListId="8c84fa94-04c1-424b-9868-57a2d4851a1d" relativeResultsDirectory="c730e848-1ed3-4fd5-b71b-3a8c07db8630">
      <Output>
        <StdOut>SQL: SELECT [e].* FROM [HumanResources].[Employee] AS [e] WHERE ([e].[BirthDate] &lt; @p0)
- @p0: Date: 1/1/2005</StdOut>
      </Output>
    </UnitTestResult>
    <UnitTestResult executionId="09e3de6e-6ed4-40c4-961c-09f0681156fb" testId="4539d84e-6f0a-21a3-225c-19534d0ee5b0" testName="Read: should parse filters" computerName="Wutang-Lan" duration="00:00:00.0145600" startTime="2026-03-17T07:50:44.8087120+01:00" endTime="2026-03-17T07:50:44.8232720+01:00" testType="13cdc9d9-ddb5-4fa4-a97d-d965ccfc6d4b" outcome="Passed" testListId="8c84fa94-04c1-424b-9868-57a2d4851a1d" relativeResultsDirectory="09e3de6e-6ed4-40c4-961c-09f0681156fb" />
    <UnitTestResult executionId="dc61d5c8-b3e9-4ce4-9925-266c774667e9" testId="946d1816-955d-76de-d54b-b2822cbf0988" testName="Select Columns with Option" computerName="Wutang-Lan" duration="00:00:00.0023750" startTime="2026-03-17T07:50:44.4378460+01:00" endTime="2026-03-17T07:50:44.4402220+01:00" testType="13cdc9d9-ddb5-4fa4-a97d-d965ccfc6d4b" outcome="Passed" testListId="8c84fa94-04c1-424b-9868-57a2d4851a1d" relativeResultsDirectory="dc61d5c8-b3e9-4ce4-9925-266c774667e9">
      <Output>
        <StdOut>SQL: SELECT [p].[ProductSubcategoryID], [p].[ListPrice] FROM [Production].[Product] AS [p] WHERE ([p].[ProductSubcategoryID] IS NOT NULL)</StdOut>
      </Output>
    </UnitTestResult>
    <UnitTestResult executionId="80897bc7-cf5b-4e33-8d0c-4c63e8f7d6c9" testId="533d8ee6-2179-a69a-957d-1c82c7e95a7b" testName="Update with updateAll followed by where should fail" computerName="Wutang-Lan" duration="00:00:00.0004030" startTime="2026-03-17T07:50:44.6297600+01:00" endTime="2026-03-17T07:50:44.6301630+01:00" testType="13cdc9d9-ddb5-4fa4-a97d-d965ccfc6d4b" outcome="Passed" testListId="8c84fa94-04c1-424b-9868-57a2d4851a1d" relativeResultsDirectory="80897bc7-cf5b-4e33-8d0c-4c63e8f7d6c9" />
    <UnitTestResult executionId="b5541375-d872-46d0-9a8c-8ca4e05641e5" testId="17ea7f3c-0a7d-95eb-0a33-9b5eb1367152" testName="UpdateAsync Set Individual Fields" computerName="Wutang-Lan" duration="00:00:00.0069550" startTime="2026-03-17T07:50:44.5682080+01:00" endTime="2026-03-17T07:50:44.5751630+01:00" testType="13cdc9d9-ddb5-4fa4-a97d-d965ccfc6d4b" outcome="Passed" testListId="8c84fa94-04c1-424b-9868-57a2d4851a1d" relativeResultsDirectory="b5541375-d872-46d0-9a8c-8ca4e05641e5">
      <Output>
        <StdOut>SQL: SELECT * FROM [dbo].[ErrorLog] AS [e]
SQL: UPDATE [dbo].[ErrorLog] SET [ErrorNumber] = @p0, [ErrorProcedure] = @p1 WHERE ([dbo].[ErrorLog].[ErrorLogID] = @p2)
- @p0: Int: 124
- @p1: NVarChar: 
- @p2: Int: 16</StdOut>
      </Output>
    </UnitTestResult>
    <UnitTestResult executionId="8c97f1c0-2899-47de-8b57-467ada5b3abd" testId="9effe989-e53a-e8f9-77a0-31e049a4a49b" testName="SqlFn - SQLite functions smoke test" computerName="Wutang-Lan" duration="00:00:00.0009010" startTime="2026-03-17T07:50:37.5612720+01:00" endTime="2026-03-17T07:50:37.5621740+01:00" testType="13cdc9d9-ddb5-4fa4-a97d-d965ccfc6d4b" outcome="Failed" testListId="8c84fa94-04c1-424b-9868-57a2d4851a1d" relativeResultsDirectory="8c97f1c0-2899-47de-8b57-467ada5b3abd">
      <Output>
        <ErrorInfo>
          <Message>System.TypeInitializationException : The type initializer for 'Microsoft.Data.Sqlite.SqliteConnection' threw an exception.
  ----&gt; System.Reflection.TargetInvocationException : Exception has been thrown by the target of an invocation.
  ----&gt; System.DllNotFoundException : Unable to load shared library 'e_sqlite3' or one of its dependencies. In order to help diagnose loading problems, consider setting the DYLD_PRINT_LIBRARIES environment variable: 
dlopen(/Users/michaelglass/.local/share/mise/installs/dotnet/10.0.103/shared/Microsoft.NETCore.App/10.0.3/e_sqlite3.dylib, 0x0001): tried: '/Users/michaelglass/.local/share/mise/installs/dotnet/10.0.103/shared/Microsoft.NETCore.App/10.0.3/e_sqlite3.dylib' (no such file), '/System/Volumes/Preboot/Cryptexes/OS/Users/michaelglass/.local/share/mise/installs/dotnet/10.0.103/shared/Microsoft.NETCore.App/10.0.3/e_sqlite3.dylib' (no such file), '/Users/michaelglass/.local/share/mise/installs/dotnet/10.0.103/shared/Microsoft.NETCore.App/10.0.3/e_sqlite3.dylib' (no such file)
dlopen(/Users/michaelglass/Developer/opensource/SqlHydra/.worktrees/postgres-enhancements/src/Tests/bin/Release/net10.0/e_sqlite3.dylib, 0x0001): tried: '/Users/michaelglass/Developer/opensource/SqlHydra/.worktrees/postgres-enhancements/src/Tests/bin/Release/net10.0/e_sqlite3.dylib' (no such file), '/System/Volumes/Preboot/Cryptexes/OS/Users/michaelglass/Developer/opensource/SqlHydra/.worktrees/postgres-enhancements/src/Tests/bin/Release/net10.0/e_sqlite3.dylib' (no such file), '/Users/michaelglass/Developer/opensource/SqlHydra/.worktrees/postgres-enhancements/src/Tests/bin/Release/net10.0/e_sqlite3.dylib' (no such file)
dlopen(e_sqlite3.dylib, 0x0001): tried: 'e_sqlite3.dylib' (no such file), '/System/Volumes/Preboot/Cryptexes/OSe_sqlite3.dylib' (no such file), '/usr/lib/e_sqlite3.dylib' (no such file, not in dyld cache), 'e_sqlite3.dylib' (no such file)
dlopen(/Users/michaelglass/.local/share/mise/installs/dotnet/10.0.103/shared/Microsoft.NETCore.App/10.0.3/libe_sqlite3.dylib, 0x0001): tried: '/Users/michaelglass/.local/share/mise/installs/dotnet/10.0.103/shared/Microsoft.NETCore.App/10.0.3/libe_sqlite3.dylib' (no such file), '/System/Volumes/Preboot/Cryptexes/OS/Users/michaelglass/.local/share/mise/installs/dotnet/10.0.103/shared/Microsoft.NETCore.App/10.0.3/libe_sqlite3.dylib' (no such file), '/Users/michaelglass/.local/share/mise/installs/dotnet/10.0.103/shared/Microsoft.NETCore.App/10.0.3/libe_sqlite3.dylib' (no such file)
dlopen(/Users/michaelglass/Developer/opensource/SqlHydra/.worktrees/postgres-enhancements/src/Tests/bin/Release/net10.0/libe_sqlite3.dylib, 0x0001): tried: '/Users/michaelglass/Developer/opensource/SqlHydra/.worktrees/postgres-enhancements/src/Tests/bin/Release/net10.0/libe_sqlite3.dylib' (no such file), '/System/Volumes/Preboot/Cryptexes/OS/Users/michaelglass/Developer/opensource/SqlHydra/.worktrees/postgres-enhancements/src/Tests/bin/Release/net10.0/libe_sqlite3.dylib' (no such file), '/Users/michaelglass/Developer/opensource/SqlHydra/.worktrees/postgres-enhancements/src/Tests/bin/Release/net10.0/libe_sqlite3.dylib' (no such file)
dlopen(libe_sqlite3.dylib, 0x0001): tried: 'libe_sqlite3.dylib' (no such file), '/System/Volumes/Preboot/Cryptexes/OSlibe_sqlite3.dylib' (no such file), '/usr/lib/libe_sqlite3.dylib' (no such file, not in dyld cache), 'libe_sqlite3.dylib' (no such file)
dlopen(/Users/michaelglass/.local/share/mise/installs/dotnet/10.0.103/shared/Microsoft.NETCore.App/10.0.3/e_sqlite3, 0x0001): tried: '/Users/michaelglass/.local/share/mise/installs/dotnet/10.0.103/shared/Microsoft.NETCore.App/10.0.3/e_sqlite3' (no such file), '/System/Volumes/Preboot/Cryptexes/OS/Users/michaelglass/.local/share/mise/installs/dotnet/10.0.103/shared/Microsoft.NETCore.App/10.0.3/e_sqlite3' (no such file), '/Users/michaelglass/.local/share/mise/installs/dotnet/10.0.103/shared/Microsoft.NETCore.App/10.0.3/e_sqlite3' (no such file)
dlopen(/Users/michaelglass/Developer/opensource/SqlHydra/.worktrees/postgres-enhancements/src/Tests/bin/Release/net10.0/e_sqlite3, 0x0001): tried: '/Users/michaelglass/Developer/opensource/SqlHydra/.worktrees/postgres-enhancements/src/Tests/bin/Release/net10.0/e_sqlite3' (no such file), '/System/Volumes/Preboot/Cryptexes/OS/Users/michaelglass/Developer/opensource/SqlHydra/.worktrees/postgres-enhancements/src/Tests/bin/Release/net10.0/e_sqlite3' (no such file), '/Users/michaelglass/Developer/opensource/SqlHydra/.worktrees/postgres-enhancements/src/Tests/bin/Release/net10.0/e_sqlite3' (no such file)
dlopen(e_sqlite3, 0x0001): tried: 'e_sqlite3' (no such file), '/System/Volumes/Preboot/Cryptexes/OSe_sqlite3' (no such file), '/usr/lib/e_sqlite3' (no such file, not in dyld cache), 'e_sqlite3' (no such file)
dlopen(/Users/michaelglass/.local/share/mise/installs/dotnet/10.0.103/shared/Microsoft.NETCore.App/10.0.3/libe_sqlite3, 0x0001): tried: '/Users/michaelglass/.local/share/mise/installs/dotnet/10.0.103/shared/Microsoft.NETCore.App/10.0.3/libe_sqlite3' (no such file), '/System/Volumes/Preboot/Cryptexes/OS/Users/michaelglass/.local/share/mise/installs/dotnet/10.0.103/shared/Microsoft.NETCore.App/10.0.3/libe_sqlite3' (no such file), '/Users/michaelglass/.local/share/mise/installs/dotnet/10.0.103/shared/Microsoft.NETCore.App/10.0.3/libe_sqlite3' (no such file)
dlopen(/Users/michaelglass/Developer/opensource/SqlHydra/.worktrees/postgres-enhancements/src/Tests/bin/Release/net10.0/libe_sqlite3, 0x0001): tried: '/Users/michaelglass/Developer/opensource/SqlHydra/.worktrees/postgres-enhancements/src/Tests/bin/Release/net10.0/libe_sqlite3' (no such file), '/System/Volumes/Preboot/Cryptexes/OS/Users/michaelglass/Developer/opensource/SqlHydra/.worktrees/postgres-enhancements/src/Tests/bin/Release/net10.0/libe_sqlite3' (no such file), '/Users/michaelglass/Developer/opensource/SqlHydra/.worktrees/postgres-enhancements/src/Tests/bin/Release/net10.0/libe_sqlite3' (no such file)
dlopen(libe_sqlite3, 0x0001): tried: 'libe_sqlite3' (no such file), '/System/Volumes/Preboot/Cryptexes/OSlibe_sqlite3' (no such file), '/usr/lib/libe_sqlite3' (no such file, not in dyld cache), 'libe_sqlite3' (no such file)
</Message>
          <StackTrace>   at Microsoft.Data.Sqlite.SqliteConnection..ctor(String connectionString)
   at &lt;StartupCode$Tests&gt;.$AdventureWorksNet10.Create@216-2.MoveNext() in /Users/michaelglass/Developer/opensource/SqlHydra/.worktrees/postgres-enhancements/src/Tests/Sqlite/AdventureWorksNet10.fs:line 217
   at SqlHydra.Query.SelectBuilders.ContextUtils.getContext@70.MoveNext() in /Users/michaelglass/Developer/opensource/SqlHydra/.worktrees/postgres-enhancements/src/SqlHydra.Query/SelectBuilders.fs:line 71
   at SqlHydra.Query.SelectBuilders.RunSelected@566.MoveNext() in /Users/michaelglass/Developer/opensource/SqlHydra/.worktrees/postgres-enhancements/src/SqlHydra.Query/SelectBuilders.fs:line 567
   at Sqlite.Query Integration Tests.SqlFn - SQLite functions smoke test@408.MoveNext() in /Users/michaelglass/Developer/opensource/SqlHydra/.worktrees/postgres-enhancements/src/Tests/Sqlite/QueryIntegrationTests.fs:line 411
   at NUnit.Framework.Internal.TaskAwaitAdapter.GenericAdapter`1.GetResult()
   at NUnit.Framework.Internal.AsyncToSyncAdapter.Await(Func`1 invoke)
   at NUnit.Framework.Internal.Commands.TestMethodCommand.RunTestMethod(TestExecutionContext context)
   at NUnit.Framework.Internal.Commands.TestMethodCommand.Execute(TestExecutionContext context)
   at NUnit.Framework.Internal.Execution.SimpleWorkItem.&lt;&gt;c__DisplayClass4_0.&lt;PerformWork&gt;b__0()
   at NUnit.Framework.Internal.ContextUtils.&lt;&gt;c__DisplayClass1_0`1.&lt;DoIsolated&gt;b__0(Object _)
   at System.Threading.ExecutionContext.RunInternal(ExecutionContext executionContext, ContextCallback callback, Object state)
--- End of stack trace from previous location ---
   at System.Threading.ExecutionContext.RunInternal(ExecutionContext executionContext, ContextCallback callback, Object state)
   at NUnit.Framework.Internal.ContextUtils.DoIsolated(ContextCallback callback, Object state)
   at NUnit.Framework.Internal.ContextUtils.DoIsolated[T](Func`1 func)
   at NUnit.Framework.Internal.Execution.SimpleWorkItem.PerformWork()
--TargetInvocationException
   at System.Reflection.MethodBaseInvoker.InvokeWithNoArgs(Object obj, BindingFlags invokeAttr)
   at System.Reflection.RuntimeMethodInfo.Invoke(Object obj, BindingFlags invokeAttr, Binder binder, Object[] parameters, CultureInfo culture)
   at Microsoft.Data.Sqlite.Utilities.BundleInitializer.Initialize()
   at Microsoft.Data.Sqlite.SqliteConnection..cctor()
--DllNotFoundException
   at System.Runtime.InteropServices.NativeLibrary.LoadLibraryByName(String libraryName, Assembly assembly, Nullable`1 searchPath, Boolean throwOnError)
   at SQLitePCL.NativeLibrary.Load(String libraryName, Assembly assy, Int32 flags)
   at SQLitePCL.Batteries_V2.MakeDynamic(String name, Int32 flags)
   at SQLitePCL.Batteries_V2.DoDynamic_cdecl(String name, Int32 flags)
   at SQLitePCL.Batteries_V2.Init()
   at System.Reflection.MethodBaseInvoker.InterpretedInvoke_Method(Object obj, IntPtr* args)
   at System.Reflection.MethodBaseInvoker.InvokeWithNoArgs(Object obj, BindingFlags invokeAttr)
</StackTrace>
        </ErrorInfo>
      </Output>
    </UnitTestResult>
    <UnitTestResult executionId="f009e240-a7a6-423c-982c-2ee5d6ac709e" testId="23a6b095-e62d-13eb-682c-4496ce338eb6" testName="InsertOrUpdateOnUnique apply with multiple key columns" computerName="Wutang-Lan" duration="00:00:00.0006230" startTime="2026-03-17T07:50:44.6121310+01:00" endTime="2026-03-17T07:50:44.6127540+01:00" testType="13cdc9d9-ddb5-4fa4-a97d-d965ccfc6d4b" outcome="Passed" testListId="8c84fa94-04c1-424b-9868-57a2d4851a1d" relativeResultsDirectory="f009e240-a7a6-423c-982c-2ee5d6ac709e" />
    <UnitTestResult executionId="f2841100-6f7b-44ea-a225-d10ff2d7f168" testId="bba53872-b22a-36af-cd5f-0c6ad34cbb16" testName="Update Query with No Where" computerName="Wutang-Lan" duration="00:00:00.0003990" startTime="2026-03-17T07:50:37.5291640+01:00" endTime="2026-03-17T07:50:37.5295630+01:00" testType="13cdc9d9-ddb5-4fa4-a97d-d965ccfc6d4b" outcome="Passed" testListId="8c84fa94-04c1-424b-9868-57a2d4851a1d" relativeResultsDirectory="f2841100-6f7b-44ea-a225-d10ff2d7f168" />
    <UnitTestResult executionId="09b1ff9d-d91e-41cd-aeb6-c44ebe175764" testId="d7a76cfd-ef48-9788-c9e4-b9ddcc399a0f" testName="REGRESSION: =% ILIKE with percent pattern - production pattern D" computerName="Wutang-Lan" duration="00:00:00.0005550" startTime="2026-03-17T07:50:36.4699850+01:00" endTime="2026-03-17T07:50:36.4705400+01:00" testType="13cdc9d9-ddb5-4fa4-a97d-d965ccfc6d4b" outcome="Passed" testListId="8c84fa94-04c1-424b-9868-57a2d4851a1d" relativeResultsDirectory="09b1ff9d-d91e-41cd-aeb6-c44ebe175764">
      <Output>
        <StdOut>SQL: SELECT * FROM "sales"."salesorderheader" AS "o" WHERE ("o"."purchaseordernumber" ilike @p0)</StdOut>
      </Output>
    </UnitTestResult>
    <UnitTestResult executionId="afd4a7ef-bdc7-48bd-8c6f-9aebfd33f38d" testId="881b15c1-a83e-2bd2-4276-66741883c75c" testName="Include All and Exclude FName and LName" computerName="Wutang-Lan" duration="00:00:00.0009840" startTime="2026-03-17T07:50:44.7724070+01:00" endTime="2026-03-17T07:50:44.7733910+01:00" testType="13cdc9d9-ddb5-4fa4-a97d-d965ccfc6d4b" outcome="Passed" testListId="8c84fa94-04c1-424b-9868-57a2d4851a1d" relativeResultsDirectory="afd4a7ef-bdc7-48bd-8c6f-9aebfd33f38d" />
    <UnitTestResult executionId="4a610a94-2dc9-43a4-9fec-543dc7fae4d2" testId="e15bd8f0-4d53-25d2-b4f5-8006868b3dee" testName="Inner Join" computerName="Wutang-Lan" duration="00:00:00.0008400" startTime="2026-03-17T07:50:37.5732570+01:00" endTime="2026-03-17T07:50:37.5740970+01:00" testType="13cdc9d9-ddb5-4fa4-a97d-d965ccfc6d4b" outcome="Passed" testListId="8c84fa94-04c1-424b-9868-57a2d4851a1d" relativeResultsDirectory="4a610a94-2dc9-43a4-9fec-543dc7fae4d2" />
    <UnitTestResult executionId="32c239d9-2a16-4c2c-b159-c09e807b3bd8" testId="58f0e93d-a2d5-1673-dc12-e60f4d187cc8" testName="Where subqueryMany" computerName="Wutang-Lan" duration="00:00:00.0000040" startTime="2026-03-17T07:50:37.5090760+01:00" endTime="2026-03-17T07:50:37.5090800+01:00" testType="13cdc9d9-ddb5-4fa4-a97d-d965ccfc6d4b" outcome="NotExecuted" testListId="8c84fa94-04c1-424b-9868-57a2d4851a1d" relativeResultsDirectory="32c239d9-2a16-4c2c-b159-c09e807b3bd8">
      <Output>
        <StdOut>Ignore</StdOut>
        <ErrorInfo>
          <Message>Ignore</Message>
        </ErrorInfo>
      </Output>
    </UnitTestResult>
    <UnitTestResult executionId="67415816-b26e-4861-bf96-1e518aa50dfe" testId="cd0b9a32-6219-3612-682e-204118807f09" testName="Select Column Aggregates" computerName="Wutang-Lan" duration="00:00:00.0034430" startTime="2026-03-17T07:50:44.5429350+01:00" endTime="2026-03-17T07:50:44.5463780+01:00" testType="13cdc9d9-ddb5-4fa4-a97d-d965ccfc6d4b" outcome="Passed" testListId="8c84fa94-04c1-424b-9868-57a2d4851a1d" relativeResultsDirectory="67415816-b26e-4861-bf96-1e518aa50dfe">
      <Output>
        <StdOut>SQL: SELECT [p].[ProductSubcategoryID], MIN([p].[ListPrice]), MAX([p].[ListPrice]) FROM [Production].[Product] AS [p] WHERE ([p].[ProductSubcategoryID] IS NOT NULL) GROUP BY [p].[ProductSubcategoryID] HAVING ((MIN(p.ListPrice) &gt; @p0) AND (MAX(p.ListPrice) &lt; @p1))
- @p0: 50
- @p1: 1000</StdOut>
      </Output>
    </UnitTestResult>
    <UnitTestResult executionId="f89761fb-8c71-48f3-92f6-c1ea446d7823" testId="7875fc6d-1667-72c1-3356-ebcdaf7d2508" testName="Where customer isIn List" computerName="Wutang-Lan" duration="00:00:00.0004120" startTime="2026-03-17T07:50:36.4889270+01:00" endTime="2026-03-17T07:50:36.4893390+01:00" testType="13cdc9d9-ddb5-4fa4-a97d-d965ccfc6d4b" outcome="Passed" testListId="8c84fa94-04c1-424b-9868-57a2d4851a1d" relativeResultsDirectory="f89761fb-8c71-48f3-92f6-c1ea446d7823" />
    <UnitTestResult executionId="ae0c0a5f-a1d0-463c-803f-ef89f0381a41" testId="84f33bc3-6b62-6fa1-f3fc-94e41eb4c113" testName="Conditional Where Or Clauses, Both True" computerName="Wutang-Lan" duration="00:00:00.0007860" startTime="2026-03-17T07:50:44.5957040+01:00" endTime="2026-03-17T07:50:44.5964890+01:00" testType="13cdc9d9-ddb5-4fa4-a97d-d965ccfc6d4b" outcome="Passed" testListId="8c84fa94-04c1-424b-9868-57a2d4851a1d" relativeResultsDirectory="ae0c0a5f-a1d0-463c-803f-ef89f0381a41" />
[...]
- @p0: NVarChar: Ken
- @p1: 0
- @p2: 1
</Text>
      </RunInfo>
      <RunInfo computerName="Wutang-Lan" outcome="Warning" timestamp="2026-03-17T07:50:44.4606750+01:00">
        <Text>SQL: SELECT ISNULL([p].[MiddleName], 'NoMiddle') FROM [Person].[Person] AS [p] WHERE (([p].[FirstName] = @p0) AND ([p].[MiddleName] IS NULL)) ORDER BY (SELECT 0) OFFSET @p1 ROWS FETCH NEXT @p2 ROWS ONLY
- @p0: NVarChar: Ken
- @p1: 0
- @p2: 1
SQL: SELECT ISNULL([p].[MiddleName], 'NoMiddle') FROM [Person].[Person] AS [p] WHERE (([p].[FirstName] = @p0) AND ([p].[MiddleName] IS NOT NULL)) ORDER BY (SELECT 0) OFFSET @p1 ROWS FETCH NEXT @p2 ROWS ONLY
- @p0: NVarChar: Ken
- @p1: 0
- @p2: 1
</Text>
      </RunInfo>
      <RunInfo computerName="Wutang-Lan" outcome="Warning" timestamp="2026-03-17T07:50:44.4635470+01:00">
        <Text>SQL: SELECT SUBSTRING([p].[FirstName], 1, 2), CONCAT([p].[FirstName], [p].[LastName]) FROM [Person].[Person] AS [p] WHERE ([p].[FirstName] = @p0) ORDER BY (SELECT 0) OFFSET @p1 ROWS FETCH NEXT @p2 ROWS ONLY
- @p0: NVarChar: Ken
- @p1: 0
- @p2: 1
</Text>
      </RunInfo>
      <RunInfo computerName="Wutang-Lan" outcome="Warning" timestamp="2026-03-17T07:50:44.4697790+01:00">
        <Text>SQL: SELECT [p].[FirstName], LEN([p].[FirstName]), UPPER([p].[FirstName]), GETDATE() FROM [Person].[Person] AS [p] WHERE ([p].[FirstName] = @p0) ORDER BY (SELECT 0) OFFSET @p1 ROWS FETCH NEXT @p2 ROWS ONLY
- @p0: NVarChar: Ken
- @p1: 0
- @p2: 1
</Text>
      </RunInfo>
      <RunInfo computerName="Wutang-Lan" outcome="Warning" timestamp="2026-03-17T07:50:44.4727010+01:00">
        <Text>SQL: SELECT LEN(UPPER([p].[FirstName])) FROM [Person].[Person] AS [p] WHERE ([p].[FirstName] = @p0) ORDER BY (SELECT 0) OFFSET @p1 ROWS FETCH NEXT @p2 ROWS ONLY
- @p0: NVarChar: Ken
- @p1: 0
- @p2: 1
</Text>
      </RunInfo>
      <RunInfo computerName="Wutang-Lan" outcome="Warning" timestamp="2026-03-17T07:50:44.4757680+01:00">
        <Text>SQL: SELECT LEN([p].[FirstName]), UPPER([p].[FirstName]), ISNULL([p].[MiddleName], 'N/A') FROM [Person].[Person] AS [p] WHERE ([p].[FirstName] = @p0) ORDER BY (SELECT 0) OFFSET @p1 ROWS FETCH NEXT @p2 ROWS ONLY
- @p0: NVarChar: Ken
- @p1: 0
- @p2: 1
</Text>
      </RunInfo>
      <RunInfo computerName="Wutang-Lan" outcome="Warning" timestamp="2026-03-17T07:50:44.4947220+01:00">
        <Text>SQL: SELECT [e].* FROM [HumanResources].[Employee] AS [e]
SQL: UPDATE [HumanResources].[Employee] SET [BirthDate] = @p0 WHERE ([HumanResources].[Employee].[BusinessEntityID] = @p1)
- @p0: Date: 1/1/1980
- @p1: Int: 1
SQL: SELECT * FROM [HumanResources].[Employee] AS [e] WHERE ([e].[BusinessEntityID] = @p0)
- @p0: Int: 1
</Text>
      </RunInfo>
      <RunInfo computerName="Wutang-Lan" outcome="Warning" timestamp="2026-03-17T07:50:44.5019640+01:00">
        <Text>SQL: SELECT * FROM [dbo].[ErrorLog] AS [e]
SQL: UPDATE [dbo].[ErrorLog] SET [ErrorTime] = @p0, [UserName] = @p1, [ErrorNumber] = @p2, [ErrorSeverity] = @p3, [ErrorState] = @p4, [ErrorProcedure] = @p5, [ErrorLine] = @p6, [ErrorMessage] = @p7 WHERE ([dbo].[ErrorLog].[ErrorLogID] = @p8)
- @p0: DateTime: 3/17/2026 7:50:44 AM
- @p1: NVarChar: jmarr
- @p2: Int: 500
- @p3: Int: 
- @p4: Int: 
- @p5: NVarChar: 
- @p6: Int: 888
- @p7: NVarChar: ERROR #2
- @p8: Int: 16
</Text>
      </RunInfo>
      <RunInfo computerName="Wutang-Lan" outcome="Warning" timestamp="2026-03-17T07:50:44.5068640+01:00">
        <Text>SQL: SELECT * FROM [dbo].[ErrorLog] AS [e]
SQL: UPDATE [dbo].[ErrorLog] SET [ErrorNumber] = @p0, [ErrorMessage] = @p1, [ErrorLine] = @p2, [ErrorProcedure] = @p3 WHERE ([dbo].[ErrorLog].[ErrorLogID] = @p4)
- @p0: Int: 123
- @p1: NVarChar: ERROR #123
- @p2: Int: 999
- @p3: NVarChar: 
- @p4: Int: 16
</Text>
      </RunInfo>
      <RunInfo computerName="Wutang-Lan" outcome="Warning" timestamp="2026-03-17T07:50:44.5108330+01:00">
        <Text>SQL: UPDATE [HumanResources].[Shift] SET [StartTime] = @p0 WHERE ([HumanResources].[Shift].[StartTime] &gt;= @p1)
- @p0: Time: 10:30 AM
- @p1: Time: 9:30 AM
SQL: SELECT * FROM [HumanResources].[Shift] AS [s] WHERE ([s].[StartTime] = @p0)
- @p0: Time: 10:30 AM
</Text>
      </RunInfo>
      <RunInfo computerName="Wutang-Lan" outcome="Warning" timestamp="2026-03-17T07:50:44.5195400+01:00">
        <Text>SQL: SELECT * FROM [dbo].[ErrorLog] AS [e]
SQL: UPDATE [dbo].[ErrorLog] SET [ErrorTime] = @p0, [UserName] = @p1, [ErrorNumber] = @p2, [ErrorSeverity] = @p3, [ErrorState] = @p4, [ErrorProcedure] = @p5, [ErrorLine] = @p6, [ErrorMessage] = @p7 WHERE ([dbo].[ErrorLog].[ErrorLogID] = @p8)
- @p0: DateTime: 3/17/2026 7:50:44 AM
- @p1: NVarChar: jmarr
- @p2: Int: 500
- @p3: Int: 
- @p4: Int: 
- @p5: NVarChar: 
- @p6: Int: 888
- @p7: NVarChar: ERROR #2
- @p8: Int: 16
</Text>
      </RunInfo>
      <RunInfo computerName="Wutang-Lan" outcome="Warning" timestamp="2026-03-17T07:50:44.5241540+01:00">
        <Text>SQL: SELECT * FROM [dbo].[ErrorLog] AS [e]
SQL: UPDATE [dbo].[ErrorLog] SET [ErrorNumber] = @p0, [ErrorMessage] = @p1, [ErrorLine] = @p2, [ErrorProcedure] = @p3 WHERE ([dbo].[ErrorLog].[ErrorLogID] = @p4)
- @p0: Int: 123
- @p1: NVarChar: ERROR #123
- @p2: Int: 999
- @p3: NVarChar: 
- @p4: Int: 16
</Text>
      </RunInfo>
      <RunInfo computerName="Wutang-Lan" outcome="Warning" timestamp="2026-03-17T07:50:44.5313240+01:00">
        <Text>SQL: SELECT * FROM [Person].[Address] AS [a] WHERE ([a].[City] IN (@p0, @p1))
- @p0: NVarChar: Seattle
- @p1: NVarChar: Santa Cruz
</Text>
      </RunInfo>
      <RunInfo computerName="Wutang-Lan" outcome="Warning" timestamp="2026-03-17T07:50:44.5346780+01:00">
        <Text>SQL: SELECT [c].[Name] FROM [Production].[ProductCategory] AS [c] WHERE ([c].[ProductCategoryID] IN (SELECT [p].[ProductSubcategoryID] FROM [Production].[Product] AS [p] WHERE ([p].[ProductSubcategoryID] IS NOT NULL) GROUP BY [p].[ProductSubcategoryID] ORDER BY AVG(p.ListPrice) DESC OFFSET @p0 ROWS FETCH NEXT @p1 ROWS ONLY))
- @p0: 0
- @p1: 5
</Text>
      </RunInfo>
      <RunInfo computerName="Wutang-Lan" outcome="Warning" timestamp="2026-03-17T07:50:44.5372660+01:00">
        <Text>SQL: SELECT [p].[Name], [p].[ListPrice] FROM [Production].[Product] AS [p] WHERE ([p].[ListPrice] &gt; (SELECT AVG([p].[ListPrice]) FROM [Production].[Product] AS [p]))
</Text>
      </RunInfo>
      <RunInfo computerName="Wutang-Lan" outcome="Warning" timestamp="2026-03-17T07:50:44.5408180+01:00">
        <Text>SQL: INSERT INTO [dbo].[ErrorLog] ([ErrorTime], [UserName], [ErrorNumber], [ErrorSeverity], [ErrorState], [ErrorProcedure], [ErrorLine], [ErrorMessage]) VALUES (@p0, @p1, @p2, @p3, @p4, @p5, @p6, @p7);SELECT scope_identity() as Id
- @p0: DateTime: 3/17/2026 7:50:44 AM
- @p1: NVarChar: jmarr
- @p2: Int: 400
- @p3: Int: 
- @p4: Int: 
- @p5: NVarChar: Procedure 400
- @p6: Int: 
- @p7: NVarChar: TEST
</Text>
      </RunInfo>
      <RunInfo computerName="Wutang-Lan" outcome="Warning" timestamp="2026-03-17T07:50:44.5430890+01:00">
        <Text>SQL: INSERT INTO [dbo].[ErrorLog] ([ErrorTime], [UserName], [ErrorNumber], [ErrorSeverity], [ErrorState], [ErrorProcedure], [ErrorLine], [ErrorMessage]) VALUES (@p0, @p1, @p2, @p3, @p4, @p5, @p6, @p7);SELECT scope_identity() as Id
- @p0: DateTime: 3/17/2026 7:50:44 AM
- @p1: NVarChar: jmarr
- @p2: Int: 400
- @p3: Int: 
- @p4: Int: 
- @p5: NVarChar: Procedure 400
- @p6: Int: 
- @p7: NVarChar: TEST INSERT ASYNC
</Text>
      </RunInfo>
      <RunInfo computerName="Wutang-Lan" outcome="Warning" timestamp="2026-03-17T07:50:44.5465340+01:00">
        <Text>SQL: SELECT [p].[ProductSubcategoryID], MIN([p].[ListPrice]), MAX([p].[ListPrice]) FROM [Production].[Product] AS [p] WHERE ([p].[ProductSubcategoryID] IS NOT NULL) GROUP BY [p].[ProductSubcategoryID] HAVING ((MIN(p.ListPrice) &gt; @p0) AND (MAX(p.ListPrice) &lt; @p1))
- @p0: 50
- @p1: 1000
</Text>
      </RunInfo>
      <RunInfo computerName="Wutang-Lan" outcome="Warning" timestamp="2026-03-17T07:50:44.5511650+01:00">
        <Text>SQL: SELECT [p].[ProductSubcategoryID], MIN([p].[ListPrice]), MAX([p].[ListPrice]), AVG([p].[ListPrice]), COUNT([p].[ListPrice]), SUM([p].[ListPrice]) FROM [Production].[Product] AS [p] WHERE ([p].[ProductSubcategoryID] IS NOT NULL) AND ([p].[ProductSubcategoryID] IN (@p0, @p1, @p2)) GROUP BY [p].[ProductSubcategoryID]
- @p0: Int: 1
- @p1: Int: 2
- @p2: Int: 3
</Text>
      </RunInfo>
      <RunInfo computerName="Wutang-Lan" outcome="Warning" timestamp="2026-03-17T07:50:44.5536210+01:00">
        <Text>SQL: SELECT [p].[ProductSubcategoryID], [p].[ListPrice] FROM [Production].[Product] AS [p] WHERE ([p].[ProductSubcategoryID] IS NOT NULL)
</Text>
      </RunInfo>
      <RunInfo computerName="Wutang-Lan" outcome="Warning" timestamp="2026-03-17T07:50:44.5562450+01:00">
        <Text>SQL: SELECT [p].[ProductSubcategoryID], AVG([p].[ListPrice]) FROM [Production].[Product] AS [p] WHERE ([p].[ProductSubcategoryID] IS NOT NULL) GROUP BY [p].[ProductSubcategoryID] ORDER BY AVG(p.ListPrice) DESC OFFSET @p0 ROWS FETCH NEXT @p1 ROWS ONLY
- @p0: 0
- @p1: 5
</Text>
      </RunInfo>
      <RunInfo computerName="Wutang-Lan" outcome="Warning" timestamp="2026-03-17T07:50:44.5636050+01:00">
        <Text>SQL: SELECT * FROM [dbo].[ErrorLog] AS [e]
SQL: UPDATE [dbo].[ErrorLog] SET [ErrorTime] = @p0, [UserName] = @p1, [ErrorNumber] = @p2, [ErrorSeverity] = @p3, [ErrorState] = @p4, [ErrorProcedure] = @p5, [ErrorLine] = @p6, [ErrorMessage] = @p7 WHERE ([dbo].[ErrorLog].[ErrorLogID] = @p8)
- @p0: DateTime: 3/17/2026 7:50:44 AM
- @p1: NVarChar: jmarr
- @p2: Int: 500
- @p3: Int: 
- @p4: Int: 
- @p5: NVarChar: 
- @p6: Int: 888
- @p7: NVarChar: ERROR #2
- @p8: Int: 16
</Text>
      </RunInfo>
      <RunInfo computerName="Wutang-Lan" outcome="Warning" timestamp="2026-03-17T07:50:44.5683600+01:00">
        <Text>SQL: SELECT * FROM [dbo].[ErrorLog] AS [e]
SQL: UPDATE [dbo].[ErrorLog] SET [ErrorNumber] = @p0, [ErrorMessage] = @p1, [ErrorLine] = @p2, [ErrorProcedure] = @p3 WHERE ([dbo].[ErrorLog].[ErrorLogID] = @p4)
- @p0: Int: 123
- @p1: NVarChar: ERROR #123
- @p2: Int: 999
- @p3: NVarChar: 
- @p4: Int: 16
</Text>
      </RunInfo>
      <RunInfo computerName="Wutang-Lan" outcome="Warning" timestamp="2026-03-17T07:50:44.5753470+01:00">
        <Text>SQL: SELECT * FROM [dbo].[ErrorLog] AS [e]
SQL: UPDATE [dbo].[ErrorLog] SET [ErrorNumber] = @p0, [ErrorProcedure] = @p1 WHERE ([dbo].[ErrorLog].[ErrorLogID] = @p2)
- @p0: Int: 124
- @p1: NVarChar: 
- @p2: Int: 16
</Text>
      </RunInfo>
      <RunInfo computerName="Wutang-Lan" outcome="Warning" timestamp="2026-03-17T07:50:44.5798660+01:00">
        <Text>SQL: SELECT [c].[Name] FROM [Production].[ProductCategory] AS [c] WHERE ([c].[ProductCategoryID] IN (SELECT [p].[ProductSubcategoryID] FROM [Production].[Product] AS [p] WHERE ([p].[ProductSubcategoryID] IS NOT NULL) GROUP BY [p].[ProductSubcategoryID] ORDER BY AVG(p.ListPrice) DESC OFFSET @p0 ROWS FETCH NEXT @p1 ROWS ONLY))
- @p0: 0
- @p1: 5
</Text>
      </RunInfo>
      <RunInfo computerName="Wutang-Lan" outcome="Warning" timestamp="2026-03-17T07:50:44.6533360+01:00">
        <Text>SQL: SELECT COUNT(*) AS [count] FROM [Person].[Person] AS [p]
</Text>
      </RunInfo>
      <RunInfo computerName="Wutang-Lan" outcome="Warning" timestamp="2026-03-17T07:50:44.6615860+01:00">
        <Text>SQL: SELECT [p].[FirstName] FROM [Person].[Person] AS [p] ORDER BY (SELECT 0) OFFSET @p0 ROWS FETCH NEXT @p1 ROWS ONLY
- @p0: 0
- @p1: 10
</Text>
      </RunInfo>
      <RunInfo computerName="Wutang-Lan" outcome="Warning" timestamp="2026-03-17T07:50:44.6830210+01:00">
        <Text>SQL: SELECT * FROM [Sales].[SalesOrderHeader] AS [o] 
INNER JOIN [Sales].[SalesOrderDetail] AS [d] ON ([o].[SalesOrderID] = [d].[SalesOrderID]) ORDER BY (SELECT 0) OFFSET @p0 ROWS FETCH NEXT @p1 ROWS ONLY
- @p0: 0
- @p1: 10
</Text>
      </RunInfo>
      <RunInfo computerName="Wutang-Lan" outcome="Warning" timestamp="2026-03-17T07:50:44.6910470+01:00">
        <Text>SQL: SELECT Concat([p].[FirstName], ' ', [p].[LastName]) FROM [Person].[Person] AS [p] ORDER BY (SELECT 0) OFFSET @p0 ROWS FETCH NEXT @p1 ROWS ONLY
- @p0: 0
- @p1: 10
</Text>
      </RunInfo>
      <RunInfo computerName="Wutang-Lan" outcome="Warning" timestamp="2026-03-17T07:50:44.6987850+01:00">
        <Text>SQL: SELECT Concat([p].[FirstName], ' ', [p].[LastName]) FROM [Person].[Person] AS [p] ORDER BY (SELECT 0) OFFSET @p0 ROWS FETCH NEXT @p1 ROWS ONLY
- @p0: 0
- @p1: 10
</Text>
      </RunInfo>
      <RunInfo computerName="Wutang-Lan" outcome="Warning" timestamp="2026-03-17T07:50:44.7088830+01:00">
        <Text>SQL: SELECT [p].* FROM [Person].[Person] AS [p] ORDER BY (SELECT 0) OFFSET @p0 ROWS FETCH NEXT @p1 ROWS ONLY
- @p0: 0
- @p1: 10
</Text>
      </RunInfo>
      <RunInfo computerName="Wutang-Lan" outcome="Warning" timestamp="2026-03-17T07:50:44.7173100+01:00">
        <Text>SQL: SELECT [p].* FROM [Person].[Person] AS [p] ORDER BY (SELECT 0) OFFSET @p0 ROWS FETCH NEXT @p1 ROWS ONLY
- @p0: 0
- @p1: 10
</Text>
      </RunInfo>
      <RunInfo computerName="Wutang-Lan" outcome="Warning" timestamp="2026-03-17T07:50:44.7244560+01:00">
        <Text>SQL: SELECT Concat([p].[FirstName], ' ', [p].[LastName]) FROM [Person].[Person] AS [p] ORDER BY (SELECT 0) OFFSET @p0 ROWS FETCH NEXT @p1 ROWS ONLY
- @p0: 0
- @p1: 1
</Text>
      </RunInfo>
      <RunInfo computerName="Wutang-Lan" outcome="Warning" timestamp="2026-03-17T07:50:44.7312590+01:00">
        <Text>SQL: SELECT * FROM [Person].[Person] AS [p] ORDER BY (SELECT 0) OFFSET @p0 ROWS FETCH NEXT @p1 ROWS ONLY
- @p0: 0
- @p1: 1
</Text>
      </RunInfo>
      <RunInfo computerName="Wutang-Lan" outcome="Warning" timestamp="2026-03-17T07:50:44.7367510+01:00">
        <Text>SQL: SELECT [o].[SalesOrderID], [r].[ReasonType], [r].[Name] FROM [Sales].[SalesOrderHeader] AS [o] 
LEFT JOIN [Sales].[SalesOrderHeaderSalesReason] AS [sr] ON ([o].[SalesOrderID] = [sr].[SalesOrderID])
LEFT JOIN [Sales].[SalesReason] AS [r] ON ([sr].[SalesReasonID] = [r].[SalesReasonID]) WHERE ([r].[Name] IS NOT NULL) ORDER BY (SELECT 0) OFFSET @p0 ROWS FETCH NEXT @p1 ROWS ONLY
- @p0: 0
- @p1: 10
Acct: 43697, Reason: Some(Other), Name: Some(Manufacturer)
Acct: 43697, Reason: Some(Other), Name: Some(Quality)
Acct: 43702, Reason: Some(Other), Name: Some(Manufacturer)
Acct: 43702, Reason: Some(Other), Name: Some(Quality)
Acct: 43703, Reason: Some(Other), Name: Some(Manufacturer)
Acct: 43703, Reason: Some(Other), Name: Some(Quality)
Acct: 43706, Reason: Some(Other), Name: Some(Manufacturer)
Acct: 43706, Reason: Some(Other), Name: Some(Quality)
Acct: 43707, Reason: Some(Other), Name: Some(Manufacturer)
Acct: 43707, Reason: Some(Other), Name: Some(Quality)
</Text>
      </RunInfo>
      <RunInfo computerName="Wutang-Lan" outcome="Warning" timestamp="2026-03-17T07:50:44.7442260+01:00">
        <Text>SQL: SELECT [o].*, [r].[ReasonType], [r].[Name] FROM [Sales].[SalesOrderHeader] AS [o] 
LEFT JOIN [Sales].[SalesOrderHeaderSalesReason] AS [sr] ON ([o].[SalesOrderID] = [sr].[SalesOrderID])
LEFT JOIN [Sales].[SalesReason] AS [r] ON ([sr].[SalesReasonID] = [r].[SalesReasonID]) WHERE ([r].[Name] IS NOT NULL) ORDER BY (SELECT 0) OFFSET @p0 ROWS FETCH NEXT @p1 ROWS ONLY
- @p0: 0
- @p1: 10
Order: 43697, Reason: Some(Other), Name: Some(Manufacturer)
Order: 43697, Reason: Some(Other), Name: Some(Quality)
Order: 43702, Reason: Some(Other), Name: Some(Manufacturer)
Order: 43702, Reason: Some(Other), Name: Some(Quality)
Order: 43703, Reason: Some(Other), Name: Some(Manufacturer)
Order: 43703, Reason: Some(Other), Name: Some(Quality)
Order: 43706, Reason: Some(Other), Name: Some(Manufacturer)
Order: 43706, Reason: Some(Other), Name: Some(Quality)
Order: 43707, Reason: Some(Other), Name: Some(Manufacturer)
Order: 43707, Reason: Some(Other), Name: Some(Quality)
</Text>
      </RunInfo>
      <RunInfo computerName="Wutang-Lan" outcome="Warning" timestamp="2026-03-17T07:50:44.7519270+01:00">
        <Text>SQL: SELECT COUNT(*) AS [count] FROM [Person].[Person] AS [p]
</Text>
      </RunInfo>
      <RunInfo computerName="Wutang-Lan" outcome="Warning" timestamp="2026-03-17T07:50:44.7536630+01:00">
        <Text>SQL: SELECT [p].[FirstName] FROM [Person].[Person] AS [p] ORDER BY (SELECT 0) OFFSET @p0 ROWS FETCH NEXT @p1 ROWS ONLY
- @p0: 0
- @p1: 10
</Text>
      </RunInfo>
      <RunInfo computerName="Wutang-Lan" outcome="Warning" timestamp="2026-03-17T07:50:44.7553760+01:00">
        <Text>SQL: SELECT * FROM [Person].[Person] AS [p] ORDER BY (SELECT 0) OFFSET @p0 ROWS FETCH NEXT @p1 ROWS ONLY
- @p0: 0
- @p1: 10
</Text>
      </RunInfo>
      <RunInfo computerName="Wutang-Lan" outcome="Warning" timestamp="2026-03-17T07:50:44.7566550+01:00">
        <Text>SQL: SELECT Concat([p].[FirstName], ' ', [p].[LastName]) FROM [Person].[Person] AS [p] ORDER BY (SELECT 0) OFFSET @p0 ROWS FETCH NEXT @p1 ROWS ONLY
- @p0: 0
- @p1: 10
</Text>
      </RunInfo>
      <RunInfo computerName="Wutang-Lan" outcome="Warning" timestamp="2026-03-17T07:50:44.7582450+01:00">
        <Text>SQL: SELECT Concat([p].[FirstName], ' ', [p].[LastName]) FROM [Person].[Person] AS [p] ORDER BY (SELECT 0) OFFSET @p0 ROWS FETCH NEXT @p1 ROWS ONLY
- @p0: 0
- @p1: 10
</Text>
      </RunInfo>
      <RunInfo computerName="Wutang-Lan" outcome="Warning" timestamp="2026-03-17T07:50:44.7603760+01:00">
        <Text>SQL: SELECT [p].* FROM [Person].[Person] AS [p] ORDER BY (SELECT 0) OFFSET @p0 ROWS FETCH NEXT @p1 ROWS ONLY
- @p0: 0
- @p1: 10
</Text>
      </RunInfo>
      <RunInfo computerName="Wutang-Lan" outcome="Warning" timestamp="2026-03-17T07:50:44.7624310+01:00">
        <Text>SQL: SELECT * FROM [Person].[Person] AS [p] ORDER BY (SELECT 0) OFFSET @p0 ROWS FETCH NEXT @p1 ROWS ONLY
- @p0: 0
- @p1: 10
</Text>
      </RunInfo>
      <RunInfo computerName="Wutang-Lan" outcome="Warning" timestamp="2026-03-17T07:50:44.7654610+01:00">
        <Text>SQL: SELECT Concat([p].[FirstName], ' ', [p].[LastName]) FROM [Person].[Person] AS [p] ORDER BY (SELECT 0) OFFSET @p0 ROWS FETCH NEXT @p1 ROWS ONLY
- @p0: 0
- @p1: 1
</Text>
      </RunInfo>
      <RunInfo computerName="Wutang-Lan" outcome="Warning" timestamp="2026-03-17T07:50:44.7671620+01:00">
        <Text>SQL: SELECT * FROM [Person].[Person] AS [p] ORDER BY (SELECT 0) OFFSET @p0 ROWS FETCH NEXT @p1 ROWS ONLY
- @p0: 0
- @p1: 1
</Text>
      </RunInfo>
      <RunInfo computerName="Wutang-Lan" outcome="Warning" timestamp="2026-03-17T07:50:44.8049980+01:00">
        <Text>\u001b[38;5;12m-\u001b[0m Filters:
  \u001b[38;5;12m-\u001b[0m Include: \u001b[38;5;2m[*]\u001b[0m
  \u001b[38;5;12m-\u001b[0m Exclude: \u001b[38;5;9m[dbo/*]\u001b[0m
  \u001b[38;5;12m-\u001b[0m Tables &amp; Views: \u001b[38;5;39m2 of 4\u001b[0m
</Text>
      </RunInfo>
      <RunInfo computerName="Wutang-Lan" outcome="Warning" timestamp="2026-03-17T07:50:44.8055770+01:00">
        <Text>\u001b[38;5;12m-\u001b[0m Filters:
  \u001b[38;5;12m-\u001b[0m Include: \u001b[38;5;2m[dbo/*]\u001b[0m
  \u001b[38;5;12m-\u001b[0m Exclude: \u001b[38;5;9m[]\u001b[0m
  \u001b[38;5;12m-\u001b[0m Tables &amp; Views: \u001b[38;5;39m2 of 4\u001b[0m
</Text>
      </RunInfo>
      <RunInfo computerName="Wutang-Lan" outcome="Warning" timestamp="2026-03-17T07:50:44.8075140+01:00">
        <Text>\u001b[38;5;12m-\u001b[0m Filters:
  \u001b[38;5;12m-\u001b[0m Include: \u001b[38;5;2m[dbo/*]\u001b[0m
  \u001b[38;5;12m-\u001b[0m Exclude: \u001b[38;5;9m[*/*1]\u001b[0m
  \u001b[38;5;12m-\u001b[0m Tables &amp; Views: \u001b[38;5;39m1 of 4\u001b[0m
</Text>
      </RunInfo>
      <RunInfo computerName="Wutang-Lan" outcome="Warning" timestamp="2026-03-17T07:50:44.8084790+01:00">
        <Text>\u001b[38;5;12m-\u001b[0m Filters:
  \u001b[38;5;12m-\u001b[0m Include: \u001b[38;5;2m[dbo/tbl1; prod/tbl2]\u001b[0m
  \u001b[38;5;12m-\u001b[0m Exclude: \u001b[38;5;9m[]\u001b[0m
  \u001b[38;5;12m-\u001b[0m Tables &amp; Views: \u001b[38;5;39m2 of 4\u001b[0m
</Text>
      </RunInfo>
    </RunInfos>
  </ResultSummary>
</TestRun>